start cron job at 2015-12-06
No such file or directory @ rb_sysopen - /home/matt/grammar_list_with_id_short_url.yml
end cron job at 2015-12-06
start cron job at 2015-12-06
No such file or directory @ rb_sysopen - /home/matt/grammar_list_with_id_short_url.yml
end cron job at 2015-12-06
start cron job at 2015-12-06
#JLPT (1)<～ごとき> 実験台ごときで恐れる俺様じゃないぞ。 I, Stallone, am not such as to be scared simply of being the guinea pig for...http://t.cn/RUsuQnU
#JLPT (2)<それにしても> それにしても、幼稚園というところは、季節の行事にとても敏感です。 Even so, kindergartens are sensitive to seasonal events.http://t.cn/RUsu80L
#JLPT (3)<～として> あなたは私に何を言おうとしているのですか。 What do you mean to say to me?http://t.cn/RUsu8FS
#JLPT (4)<～てもらう> 医者にみてもらうべきですよ。 You ought to see a doctor.http://t.cn/RUsuRLk
#JLPT (5)<～があります> 「イスの上に本がありますか」「はい、あります」 "Is there a book on the chair?" "Yes, there is."http://t.cn/RUsuRiH
end cron job at 2015-12-06
start cron job at 2015-12-06
#JLPT (1)<～をおして> example is nullhttp://t.cn/RUsu8Lc
#JLPT (2)<それにしても> それにしても男に綺麗って形容はやめろよな〜。 In any case please stop using "pretty" when describing a man.http://t.cn/RUsu80L
#JLPT (3)<～ために> あなたのために絵を書いた。 I painted a picture for you.http://t.cn/RUsu8DV
#JLPT (4)<～といいです> 晴れるといいですね。 I hope it will be fine.http://t.cn/RUsuRyp
#JLPT (5)<～のがへたです> 私は、数字を操るのがへたです。 I am awkward with numbers.http://t.cn/RUsuRKI
end cron job at 2015-12-06
start cron job at 2015-12-06
#JLPT (1)<～や否や（いなや）> その音を聞くやいなや、犬は逃げていきました。 On hearing the sound, the dog rushed away.http://t.cn/RUsuQEQ
#JLPT (2)<～に気をつける> ジョージはとても疲れていたので、医者は彼にもっとよく体に気をつけるようにと忠告した。 George was so tired that his doctor advised him ...http://t.cn/RUsu8MI
#JLPT (3)<～ことになる> それでは確実に死ぬことになる。 That means sure death!http://t.cn/RUsu8T5
#JLPT (4)<～てあげる> 必要なら彼女に地図を書いてあげるとトムは言った。 Tom said he would draw a map for her if necessary.http://t.cn/RUsuRLL
#JLPT (5)<～てはいけません> すぐに出発しなくてはいけませんか。 Must I start at once?http://t.cn/RUsuRat
end cron job at 2015-12-06
