start cron job at 2015-12-23

暗中模索（あんちゅうもさく）：見通しの立たない中、いろいろ試してみること
意気投合（いきとうごう）：考えや思いが、ぴったりと合うこと
異口同音（いくどうおん）：たくさんの人が同じことを言うこと
以心伝心（いしんでんしん）：口に出さなくても気持ちが相手に通じること
一意専心（いちいせんしん）：ひたすら一点に集中すること
一期一会（いちごいちえ）：一生に一度しかない大切な出会いのこと
一日千秋（いちじつせんしゅう）：とても待ち遠しいこと
一網打尽（いちもうだじん）：一度に全部捕まえること
一喜一憂（いっきいちゆう）：すぐに喜んだり悲しんだりすること
一挙両得（いっきょりょうとく）：一つのことで、二つの利益を得ること
一触即発（いっしょくそくはつ）：ちょっとのことで爆発しそうな、危険な状態
一進一退（いっしんいったい）：状態がよくなったり、悪くなったりすること
一心不乱（いっしんふらん）：集中すること
一石二鳥（いっせきにちょう）：一つのことで、二つの利益を得ること
一朝一夕（いっちょういっせき）：ほんの短い時間のこと
一長一短（いっちょういったん）：長所と短所が両方あること
一刀両断（いっとうりょうだん）：ばっさりと処理すること
意味深長（いみしんちょう）：言葉の裏に別の意味があること、深い意味があること
岡目八目（おかめはちもく）：自分よりも、そばで見ている人の方が、よく理解していること
温故知新（おんこちしん）：昔のことを研究して、新しい考え方などを学ぶこと
花鳥風月（かちょうふうげつ）：美しい景色のこと
我田引水（がでんいんすい）：自分の都合のいいように行動すること
画竜点睛（がりょうてんせい）：立派に完成させるための最後の仕上げ、大切な部分
完全無欠（かんぜんむけつ）：完璧なこと
危機一髪（ききいっぱつ）：ひどく危険な状態
疑心暗鬼（ぎしんあんき）：なにもかも疑って信じられないこと
奇想天外（きそうてんがい）：変わっている考え方
牛飲馬食（ぎゅういんばしょく）：たくさん飲んだり、食べたりすること
急転直下（きゅうてんちょっか）：急に解決や結末に向かうこと
玉石混交（ぎょくせきこんこう）：いいものと悪いものが入り混じっていること
空前絶後（くうぜんぜつご）：大変めずらしいこと
公明正大（こうめいせいだい）：不正がないこと
呉越同舟（ごえつどうしゅう）：敵味方が同じ場所に居合わせながら、助け合うこと
五里霧中（ごりむちゅう）：見込みが全くたたないこと
言語道断（ごんごどうだん）：あまりにひどいこと、もってのほか
三寒四温（さんかんしおん）：冬の気候で、寒い日が三日続いた後、暖かい日が四日続くこと
自画自賛（じがじさん）：自分で自分をほめること
自給自足（じきゅうじそく）：他人に頼らず自分の必要なものを自分でつくること
四苦八苦（しくはっく）：とても苦労すること
試行錯誤（しこうさくご）：何度も失敗しながら、成功に近づいていくこと
自業自得（じごうじとく）：自分のした悪いことが、全部自分に降りかかってくること
四面楚歌（しめんそか）：周りが敵ばかりで孤立していること
終始一貫（しゅうしいっかん）：最初から最後まで態度を貫き通すこと
十人十色（じゅうにんといろ）：人それぞれ違うこと
順風満帆（じゅんぷうまんぱん）：物事が順調なこと、うまくいくこと
枝葉末節（しようまっせつ）：どうでもいいこと
心機一転（しんきいってん）：気持ちをいい方向にきりかえること
森羅万象（しんらばんしょう）：自然の中のありとあらゆるもの
青天白日（せいてんはくじつ）：無実が明らかになること
絶体絶命（ぜったいぜつめい）：追いつめられた状態
千載一遇（せんざいいちぐう）：めったにない、いい機会
前代未聞（ぜんだいみもん）：とてもめずらしいこと
大同小異（だいどうしょうい）：似たり寄ったりなこと
単刀直入（たんとうちょくにゅう）：いきなり話の本題に入ること
朝令暮改（ちょうれいぼかい）：命令などがすぐに変わり、定まらないこと
適材適所（てきざいてきしょ）：ふさわしい地位や場所に落ち着くこと
電光石火（でんこうせっか）：とてもすばやいこと
東奔西走（とうほんせいそう）：いそがしく走り回ること
内憂外患（ないゆうがいかん）：内にも外にも心配事があるやっかいな状態
難行苦行（なんぎょうくぎょう）：ひどく苦労をすること
二束三文（にそくさんもん）：値段が非常に安いこと
日進月歩（にっしんげっぽ）：とどまることなく進歩すること
馬耳東風（ばじとうふう）：聞き流すこと
百花繚乱（ひゃっかりょうらん）：いろいろな花（優れた人物）が咲き乱れること
不言実行（ふげんじっこう）：屁理屈を言わずに黙って行動すること
付和雷同（ふわらいどう）：深く考えずに他の意見に賛成すること
粉骨砕身（ふんこつさいしん）：力が及ぶ限り努力すること
平身低頭（へいしんていとう）：ひたすらあやまること
傍若無人（ぼうじゃくぶじん）：遠慮なく好き勝手にふるまうこと
本末転倒（ほんまつてんとう）：物事の根本的なところを間違えること
満身創痍（まんしんそうい）：全身傷だらけの様子
無我夢中（むがむちゅう）：熱中すること
面目躍如（めんぼくやくじょ）：評判や評価がよくなること
優柔不断（ゆうじゅうふだん）：なかなか決断できないこと
有名無実（ゆうめいむじつ）：よく知れ渡っているのに、内容がともなっていないこと
勇猛果敢（ゆうもうかかん）：勇ましく大胆な行動
用意周到（よういしゅうとう）：準備がよく整っていること
竜頭蛇尾（りゅうとうだび）：勢いがなくなり尻すぼみになること
粒粒辛苦（りゅうりゅうしんく）：とても苦労すること
臨機応変（りんきおうへん）：状況に応じてふさわしい行動をとること
老若男女（ろうにゃくなんにょ）：年齢、性別にかかわらず、すべての人
和気藹藹（わきあいあい）：なごやかな雰囲気
和魂漢才（わこんかんさい）：日本固有の精神と、中国からきた学問のこと
end cron job at 2015-12-23
start cron job at 2015-12-23
end cron job at 2015-12-23
start cron job at 2015-12-23
end cron job at 2015-12-23
start cron job at 2015-12-23
end cron job at 2015-12-23
start cron job at 2015-12-23
end cron job at 2015-12-23
start cron job at 2015-12-23
試行錯誤（しこうさくご）：何度も失敗しながら、成功に近づいていくこと
優柔不断（ゆうじゅうふだん）：なかなか決断できないこと
画竜点睛（がりょうてんせい）：立派に完成させるための最後の仕上げ、大切な部分
奇想天外（きそうてんがい）：変わっている考え方
一心不乱（いっしんふらん）：集中すること
end cron job at 2015-12-23
start cron job at 2015-12-23
牛飲馬食（ぎゅういんばしょく）：たくさん飲んだり、食べたりすること
三寒四温（さんかんしおん）：冬の気候で、寒い日が三日続いた後、暖かい日が四日続くこと
百花繚乱（ひゃっかりょうらん）：いろいろな花（優れた人物）が咲き乱れること
竜頭蛇尾（りゅうとうだび）：勢いがなくなり尻すぼみになること
臨機応変（りんきおうへん）：状況に応じてふさわしい行動をとること
end cron job at 2015-12-23
start cron job at 2015-12-23
end cron job at 2015-12-23
start cron job at 2015-12-23
end cron job at 2015-12-23
start cron job at 2015-12-23
end cron job at 2015-12-23
