start cron job at 2015-12-28
I, [2015-12-28T10:29:55.535514 #11514]  INFO -- : get http://www3.nhk.or.jp/news/easy/news-list.json
D, [2015-12-28T10:29:55.535667 #11514] DEBUG -- request: User-Agent: "Mozilla/5.0 (Macintosh; Intel Mac OS X 10_9_3) AppleWebKit/537.75.14 (KHTML, like\n Gecko) Version/7.0.3 Safari/7046A194A Safari 6.0"
I, [2015-12-28T10:29:55.580224 #11514]  INFO -- Status: 200
D, [2015-12-28T10:29:55.580314 #11514] DEBUG -- response: server: "Apache"
access-control-allow-origin: "*"
access-control-allow-headers: "Origin, X-Requested-With, Content-Type, Accept"
access-control-allow-methods: "GET, POST"
last-modified: "Sat, 26 Dec 2015 07:51:35 GMT"
etag: "\"11e7cb2-19b14-527c8574a9027\""
accept-ranges: "bytes"
content-length: "105236"
content-type: "application/json"
date: "Mon, 28 Dec 2015 01:29:55 GMT"
connection: "close"
write sent list start
end cron job at 2015-12-28
start cron job at 2015-12-28
0: /home/matt/20151223/nhk/render_multi_url.js
1: k10010348521000,k10010353921000,k10010350791000,k10010350591000,k10010352281000,k10010353981000,k10010353961000,k10010353911000,k10010350921000,k10010353891000,k10010350811000,k10010352321000,k10010353931000,k10010353951000,k10010349221000
Allright, let us use phantomjs to capture page....
we get these 15 url to work: k10010348521000,k10010353921000,k10010350791000,k10010350591000,k10010352281000,k10010353981000,k10010353961000,k10010353911000,k10010350921000,k10010353891000,k10010350811000,k10010352321000,k10010353931000,k10010353951000,k10010349221000
doing ... 0
current left:  15
Rendered '/home/matt/20151223/nhk/html/k10010348521000.html' at '/home/matt/20151223/nhk/png/k10010348521000.png'
doing ... 1
current left:  14
Rendered '/home/matt/20151223/nhk/html/k10010353921000.html' at '/home/matt/20151223/nhk/png/k10010353921000.png'
doing ... 2
current left:  13
Rendered '/home/matt/20151223/nhk/html/k10010350791000.html' at '/home/matt/20151223/nhk/png/k10010350791000.png'
doing ... 3
current left:  12
Rendered '/home/matt/20151223/nhk/html/k10010350591000.html' at '/home/matt/20151223/nhk/png/k10010350591000.png'
doing ... 4
current left:  11
Rendered '/home/matt/20151223/nhk/html/k10010352281000.html' at '/home/matt/20151223/nhk/png/k10010352281000.png'
doing ... 5
current left:  10
Rendered '/home/matt/20151223/nhk/html/k10010353981000.html' at '/home/matt/20151223/nhk/png/k10010353981000.png'
doing ... 6
current left:  9
Rendered '/home/matt/20151223/nhk/html/k10010353961000.html' at '/home/matt/20151223/nhk/png/k10010353961000.png'
doing ... 7
current left:  8
Rendered '/home/matt/20151223/nhk/html/k10010353911000.html' at '/home/matt/20151223/nhk/png/k10010353911000.png'
doing ... 8
current left:  7
Rendered '/home/matt/20151223/nhk/html/k10010350921000.html' at '/home/matt/20151223/nhk/png/k10010350921000.png'
doing ... 9
current left:  6
Rendered '/home/matt/20151223/nhk/html/k10010353891000.html' at '/home/matt/20151223/nhk/png/k10010353891000.png'
doing ... 10
current left:  5
Rendered '/home/matt/20151223/nhk/html/k10010350811000.html' at '/home/matt/20151223/nhk/png/k10010350811000.png'
doing ... 11
current left:  4
Rendered '/home/matt/20151223/nhk/html/k10010352321000.html' at '/home/matt/20151223/nhk/png/k10010352321000.png'
doing ... 12
current left:  3
Rendered '/home/matt/20151223/nhk/html/k10010353931000.html' at '/home/matt/20151223/nhk/png/k10010353931000.png'
doing ... 13
current left:  2
Rendered '/home/matt/20151223/nhk/html/k10010353951000.html' at '/home/matt/20151223/nhk/png/k10010353951000.png'
doing ... 14
current left:  1
Rendered '/home/matt/20151223/nhk/html/k10010349221000.html' at '/home/matt/20151223/nhk/png/k10010349221000.png'
end cron job at 2015-12-28
start cron job at 2015-12-28
#NHK check this News:->/home/matt/20151223/nhk/png/k10010306881000.png
#NHK check this News:->/home/matt/20151223/nhk/png/k10010322671000.png
#NHK check this News:->/home/matt/20151223/nhk/png/k10010318851000.png
#NHK check this News:->/home/matt/20151223/nhk/png/k10010301271000.png
end cron job at 2015-12-28
start cron job at 2015-12-28
I, [2015-12-28T10:49:23.895748 #17160]  INFO -- : get http://www3.nhk.or.jp/news/easy/news-list.json
D, [2015-12-28T10:49:23.897156 #17160] DEBUG -- request: User-Agent: "Mozilla/5.0 (Macintosh; Intel Mac OS X 10_9_3) AppleWebKit/537.75.14 (KHTML, like\n Gecko) Version/7.0.3 Safari/7046A194A Safari 6.0"
I, [2015-12-28T10:49:23.955187 #17160]  INFO -- Status: 200
D, [2015-12-28T10:49:23.955277 #17160] DEBUG -- response: server: "Apache"
access-control-allow-origin: "*"
access-control-allow-headers: "Origin, X-Requested-With, Content-Type, Accept"
access-control-allow-methods: "GET, POST"
last-modified: "Sat, 26 Dec 2015 07:51:35 GMT"
etag: "\"11e7cb2-19b14-527c8574a9027\""
accept-ranges: "bytes"
content-length: "105236"
content-type: "application/json"
date: "Mon, 28 Dec 2015 01:49:23 GMT"
connection: "close"
write sent list start
end cron job at 2015-12-28
start cron job at 2015-12-28
no new png need create
end cron job at 2015-12-28
start cron job at 2015-12-28
no new png need create
end cron job at 2015-12-28
start cron job at 2015-12-28
no new png need create
end cron job at 2015-12-28
start cron job at 2015-12-28
no new png need create
end cron job at 2015-12-28
