start cron job at 2015-12-15
no new png need create
I, [2015-12-15T10:00:04.154758 #1596]  INFO -- : get http://www3.nhk.or.jp/news/easy/news-list.json
D, [2015-12-15T10:00:04.154862 #1596] DEBUG -- request: User-Agent: "Mozilla/5.0 (Macintosh; Intel Mac OS X 10_9_3) AppleWebKit/537.75.14 (KHTML, like\n Gecko) Version/7.0.3 Safari/7046A194A Safari 6.0"
I, [2015-12-15T10:00:04.185964 #1596]  INFO -- Status: 200
D, [2015-12-15T10:00:04.186053 #1596] DEBUG -- response: server: "Apache"
access-control-allow-origin: "*"
access-control-allow-headers: "Origin, X-Requested-With, Content-Type, Accept"
access-control-allow-methods: "GET, POST"
last-modified: "Mon, 14 Dec 2015 07:33:16 GMT"
etag: "\"4acad4-18962-526d6afb0a783\""
accept-ranges: "bytes"
content-length: "100706"
content-type: "application/json"
date: "Tue, 15 Dec 2015 01:00:04 GMT"
connection: "close"
I, [2015-12-15T10:00:04.249340 #1596]  INFO -- : get http://www3.nhk.or.jp/news/easy/k10010339171000/k10010339171000.html
D, [2015-12-15T10:00:04.249447 #1596] DEBUG -- request: User-Agent: "Mozilla/5.0 (Macintosh; Intel Mac OS X 10_9_3) AppleWebKit/537.75.14 (KHTML, like\n Gecko) Version/7.0.3 Safari/7046A194A Safari 6.0"
I, [2015-12-15T10:00:04.398359 #1596]  INFO -- Status: 200
D, [2015-12-15T10:00:04.398484 #1596] DEBUG -- response: server: "Apache"
access-control-allow-origin: "*"
access-control-allow-headers: "Origin, X-Requested-With, Content-Type, Accept"
access-control-allow-methods: "GET, POST"
last-modified: "Mon, 14 Dec 2015 07:33:29 GMT"
etag: "\"b12a5e-3624-526d6b07704da\""
accept-ranges: "bytes"
content-length: "13860"
content-type: "text/html"
date: "Tue, 15 Dec 2015 01:00:04 GMT"
connection: "close"
start read erb, and create html file ....
No such file or directory @ rb_sysopen - index.html.erb
write sent list start
#NHK check this News:->/home/matt/20151211/nhk/k10010339171000.png
end cron job at 2015-12-15
start cron job at 2015-12-15
no new png need create
I, [2015-12-15T17:53:52.926478 #6800]  INFO -- : get http://www3.nhk.or.jp/news/easy/news-list.json
D, [2015-12-15T17:53:52.926604 #6800] DEBUG -- request: User-Agent: "Mozilla/5.0 (Macintosh; Intel Mac OS X 10_9_3) AppleWebKit/537.75.14 (KHTML, like\n Gecko) Version/7.0.3 Safari/7046A194A Safari 6.0"
I, [2015-12-15T17:53:52.981306 #6800]  INFO -- Status: 200
D, [2015-12-15T17:53:52.981398 #6800] DEBUG -- response: server: "Apache"
access-control-allow-origin: "*"
access-control-allow-headers: "Origin, X-Requested-With, Content-Type, Accept"
access-control-allow-methods: "GET, POST"
last-modified: "Tue, 15 Dec 2015 07:06:14 GMT"
etag: "\"12a2d99-19bf8-526ea6cda45a3\""
accept-ranges: "bytes"
content-length: "105464"
content-type: "application/json"
date: "Tue, 15 Dec 2015 08:53:52 GMT"
connection: "close"
I, [2015-12-15T17:53:53.000604 #6800]  INFO -- : get http://www3.nhk.or.jp/news/easy/k10010340661000/k10010340661000.html
D, [2015-12-15T17:53:53.000695 #6800] DEBUG -- request: User-Agent: "Mozilla/5.0 (Macintosh; Intel Mac OS X 10_9_3) AppleWebKit/537.75.14 (KHTML, like\n Gecko) Version/7.0.3 Safari/7046A194A Safari 6.0"
I, [2015-12-15T17:53:53.022735 #6800]  INFO -- Status: 200
D, [2015-12-15T17:53:53.022813 #6800] DEBUG -- response: server: "Apache"
access-control-allow-origin: "*"
access-control-allow-headers: "Origin, X-Requested-With, Content-Type, Accept"
access-control-allow-methods: "GET, POST"
last-modified: "Tue, 15 Dec 2015 07:06:53 GMT"
etag: "\"12a6a53-384f-526ea6f2d5d89\""
accept-ranges: "bytes"
content-length: "14415"
content-type: "text/html"
date: "Tue, 15 Dec 2015 08:53:53 GMT"
connection: "close"
start read erb, and create html file ....
write k10010340661000.html start
I, [2015-12-15T17:53:53.036499 #6800]  INFO -- : get http://www3.nhk.or.jp/news/easy/k10010341011000/k10010341011000.html
D, [2015-12-15T17:53:53.036571 #6800] DEBUG -- request: User-Agent: "Mozilla/5.0 (Macintosh; Intel Mac OS X 10_9_3) AppleWebKit/537.75.14 (KHTML, like\n Gecko) Version/7.0.3 Safari/7046A194A Safari 6.0"
I, [2015-12-15T17:53:53.065591 #6800]  INFO -- Status: 200
D, [2015-12-15T17:53:53.065696 #6800] DEBUG -- response: server: "Apache"
access-control-allow-origin: "*"
access-control-allow-headers: "Origin, X-Requested-With, Content-Type, Accept"
access-control-allow-methods: "GET, POST"
last-modified: "Tue, 15 Dec 2015 07:06:54 GMT"
etag: "\"1289c13-377d-526ea6f3c9fb0\""
accept-ranges: "bytes"
content-length: "14205"
content-type: "text/html"
date: "Tue, 15 Dec 2015 08:53:53 GMT"
connection: "close"
start read erb, and create html file ....
write k10010341011000.html start
I, [2015-12-15T17:53:53.073398 #6800]  INFO -- : get http://www3.nhk.or.jp/news/easy/k10010340261000/k10010340261000.html
D, [2015-12-15T17:53:53.073443 #6800] DEBUG -- request: User-Agent: "Mozilla/5.0 (Macintosh; Intel Mac OS X 10_9_3) AppleWebKit/537.75.14 (KHTML, like\n Gecko) Version/7.0.3 Safari/7046A194A Safari 6.0"
I, [2015-12-15T17:53:53.108362 #6800]  INFO -- Status: 200
D, [2015-12-15T17:53:53.108456 #6800] DEBUG -- response: server: "Apache"
access-control-allow-origin: "*"
access-control-allow-headers: "Origin, X-Requested-With, Content-Type, Accept"
access-control-allow-methods: "GET, POST"
last-modified: "Tue, 15 Dec 2015 07:06:50 GMT"
etag: "\"5caa8e-39de-526ea6eff9725\""
accept-ranges: "bytes"
content-length: "14814"
content-type: "text/html"
date: "Tue, 15 Dec 2015 08:53:53 GMT"
connection: "close"
start read erb, and create html file ....
write k10010340261000.html start
I, [2015-12-15T17:53:53.120365 #6800]  INFO -- : get http://www3.nhk.or.jp/news/easy/k10010340331000/k10010340331000.html
D, [2015-12-15T17:53:53.120422 #6800] DEBUG -- request: User-Agent: "Mozilla/5.0 (Macintosh; Intel Mac OS X 10_9_3) AppleWebKit/537.75.14 (KHTML, like\n Gecko) Version/7.0.3 Safari/7046A194A Safari 6.0"
I, [2015-12-15T17:53:53.159008 #6800]  INFO -- Status: 200
D, [2015-12-15T17:53:53.159096 #6800] DEBUG -- response: server: "Apache"
access-control-allow-origin: "*"
access-control-allow-headers: "Origin, X-Requested-With, Content-Type, Accept"
access-control-allow-methods: "GET, POST"
last-modified: "Tue, 15 Dec 2015 07:06:52 GMT"
etag: "\"103fbdc-3476-526ea6f1e1b1b\""
accept-ranges: "bytes"
content-length: "13430"
content-type: "text/html"
date: "Tue, 15 Dec 2015 08:53:53 GMT"
connection: "close"
start read erb, and create html file ....
write k10010340331000.html start
I, [2015-12-15T17:53:53.167168 #6800]  INFO -- : get http://www3.nhk.or.jp/news/easy/k10010339171000/k10010339171000.html
D, [2015-12-15T17:53:53.167227 #6800] DEBUG -- request: User-Agent: "Mozilla/5.0 (Macintosh; Intel Mac OS X 10_9_3) AppleWebKit/537.75.14 (KHTML, like\n Gecko) Version/7.0.3 Safari/7046A194A Safari 6.0"
I, [2015-12-15T17:53:53.204237 #6800]  INFO -- Status: 200
D, [2015-12-15T17:53:53.204328 #6800] DEBUG -- response: server: "Apache"
access-control-allow-origin: "*"
access-control-allow-headers: "Origin, X-Requested-With, Content-Type, Accept"
access-control-allow-methods: "GET, POST"
last-modified: "Tue, 15 Dec 2015 07:06:49 GMT"
etag: "\"b1304d-3624-526ea6ef05465\""
accept-ranges: "bytes"
content-length: "13860"
content-type: "text/html"
date: "Tue, 15 Dec 2015 08:53:53 GMT"
connection: "close"
start read erb, and create html file ....
write k10010339171000.html start
I, [2015-12-15T17:53:53.214464 #6800]  INFO -- : get http://www3.nhk.or.jp/news/easy/k10010339741000/k10010339741000.html
D, [2015-12-15T17:53:53.214515 #6800] DEBUG -- request: User-Agent: "Mozilla/5.0 (Macintosh; Intel Mac OS X 10_9_3) AppleWebKit/537.75.14 (KHTML, like\n Gecko) Version/7.0.3 Safari/7046A194A Safari 6.0"
I, [2015-12-15T17:53:53.248127 #6800]  INFO -- Status: 200
D, [2015-12-15T17:53:53.248253 #6800] DEBUG -- response: server: "Apache"
access-control-allow-origin: "*"
access-control-allow-headers: "Origin, X-Requested-With, Content-Type, Accept"
access-control-allow-methods: "GET, POST"
last-modified: "Tue, 15 Dec 2015 07:06:49 GMT"
etag: "\"5f077c-3cd4-526ea6ef05522\""
accept-ranges: "bytes"
content-length: "15572"
content-type: "text/html"
date: "Tue, 15 Dec 2015 08:53:53 GMT"
connection: "close"
start read erb, and create html file ....
write k10010339741000.html start
I, [2015-12-15T17:53:53.261564 #6800]  INFO -- : get http://www3.nhk.or.jp/news/easy/k10010336131000/k10010336131000.html
D, [2015-12-15T17:53:53.261607 #6800] DEBUG -- request: User-Agent: "Mozilla/5.0 (Macintosh; Intel Mac OS X 10_9_3) AppleWebKit/537.75.14 (KHTML, like\n Gecko) Version/7.0.3 Safari/7046A194A Safari 6.0"
I, [2015-12-15T17:53:53.311358 #6800]  INFO -- Status: 200
D, [2015-12-15T17:53:53.311462 #6800] DEBUG -- response: server: "Apache"
access-control-allow-origin: "*"
access-control-allow-headers: "Origin, X-Requested-With, Content-Type, Accept"
access-control-allow-methods: "GET, POST"
last-modified: "Tue, 15 Dec 2015 07:06:47 GMT"
etag: "\"5f076f-397e-526ea6ed1d094\""
accept-ranges: "bytes"
content-length: "14718"
content-type: "text/html"
date: "Tue, 15 Dec 2015 08:53:53 GMT"
connection: "close"
start read erb, and create html file ....
write k10010336131000.html start
I, [2015-12-15T17:53:53.326578 #6800]  INFO -- : get http://www3.nhk.or.jp/news/easy/k10010335961000/k10010335961000.html
D, [2015-12-15T17:53:53.326637 #6800] DEBUG -- request: User-Agent: "Mozilla/5.0 (Macintosh; Intel Mac OS X 10_9_3) AppleWebKit/537.75.14 (KHTML, like\n Gecko) Version/7.0.3 Safari/7046A194A Safari 6.0"
I, [2015-12-15T17:53:53.372546 #6800]  INFO -- Status: 200
D, [2015-12-15T17:53:53.372636 #6800] DEBUG -- response: server: "Apache"
access-control-allow-origin: "*"
access-control-allow-headers: "Origin, X-Requested-With, Content-Type, Accept"
access-control-allow-methods: "GET, POST"
last-modified: "Tue, 15 Dec 2015 07:06:47 GMT"
etag: "\"127c5fd-3915-526ea6ed1cff4\""
accept-ranges: "bytes"
content-length: "14613"
content-type: "text/html"
date: "Tue, 15 Dec 2015 08:53:53 GMT"
connection: "close"
start read erb, and create html file ....
write k10010335961000.html start
write sent list start
#NHK check this News:->/home/matt/20151211/nhk/k10010340661000.png
end cron job at 2015-12-15
