/home/matt/20151211/nhk/sent.rb:30:in `initialize': No such file or directory @ rb_sysopen - /home/matt/20151211/nhk/k10010302831000.png (Errno::ENOENT)
	from /home/matt/20151211/nhk/sent.rb:30:in `new'
	from /home/matt/20151211/nhk/sent.rb:30:in `sent_twi_with_image'
	from /home/matt/20151211/nhk/sent.rb:119:in `block in <main>'
	from /home/matt/20151211/nhk/sent.rb:118:in `each'
	from /home/matt/20151211/nhk/sent.rb:118:in `<main>'
Can't open 'render_multi_url.js'
Can't open 'render_multi_url.js'
Can't open 'render_multi_url.js'
/home/matt/20151211/nhk/sent.rb:30:in `initialize': No such file or directory @ rb_sysopen - /home/matt/20151211/nhk/k10010343861000.png (Errno::ENOENT)
	from /home/matt/20151211/nhk/sent.rb:30:in `new'
	from /home/matt/20151211/nhk/sent.rb:30:in `sent_twi_with_image'
	from /home/matt/20151211/nhk/sent.rb:119:in `block in <main>'
	from /home/matt/20151211/nhk/sent.rb:118:in `each'
	from /home/matt/20151211/nhk/sent.rb:118:in `<main>'
Can't open 'render_multi_url.js'
/home/matt/20151211/nhk/sent.rb:30:in `initialize': No such file or directory @ rb_sysopen - /home/matt/20151211/nhk/k10010343861000.png (Errno::ENOENT)
	from /home/matt/20151211/nhk/sent.rb:30:in `new'
	from /home/matt/20151211/nhk/sent.rb:30:in `sent_twi_with_image'
	from /home/matt/20151211/nhk/sent.rb:119:in `block in <main>'
	from /home/matt/20151211/nhk/sent.rb:118:in `each'
	from /home/matt/20151211/nhk/sent.rb:118:in `<main>'
Can't open 'render_multi_url.js'
/home/matt/20151211/nhk/sent.rb:30:in `initialize': No such file or directory @ rb_sysopen - /home/matt/20151211/nhk/k10010343861000.png (Errno::ENOENT)
	from /home/matt/20151211/nhk/sent.rb:30:in `new'
	from /home/matt/20151211/nhk/sent.rb:30:in `sent_twi_with_image'
	from /home/matt/20151211/nhk/sent.rb:119:in `block in <main>'
	from /home/matt/20151211/nhk/sent.rb:118:in `each'
	from /home/matt/20151211/nhk/sent.rb:118:in `<main>'
