start cron job at 2015-12-24
start cron job at 2015-12-24
I, [2015-12-24T10:00:04.370039 #22211]  INFO -- : get http://www3.nhk.or.jp/news/easy/news-list.json
D, [2015-12-24T10:00:04.371202 #22211] DEBUG -- request: User-Agent: "Mozilla/5.0 (Macintosh; Intel Mac OS X 10_9_3) AppleWebKit/537.75.14 (KHTML, like\n Gecko) Version/7.0.3 Safari/7046A194A Safari 6.0"
I, [2015-12-24T10:00:04.445876 #22211]  INFO -- Status: 200
D, [2015-12-24T10:00:04.446009 #22211] DEBUG -- response: server: "Apache"
access-control-allow-origin: "*"
access-control-allow-headers: "Origin, X-Requested-With, Content-Type, Accept"
access-control-allow-methods: "GET, POST"
last-modified: "Tue, 22 Dec 2015 06:40:51 GMT"
etag: "\"e29072-199c0-52776e2f6c2fd\""
accept-ranges: "bytes"
content-length: "104896"
content-type: "application/json"
date: "Thu, 24 Dec 2015 01:00:04 GMT"
connection: "close"
write sent list start
I, [2015-12-24T10:00:04.403852 #22209]  INFO -- : get http://www3.nhk.or.jp/news/easy/news-list.json
D, [2015-12-24T10:00:04.403967 #22209] DEBUG -- request: User-Agent: "Mozilla/5.0 (Macintosh; Intel Mac OS X 10_9_3) AppleWebKit/537.75.14 (KHTML, like\n Gecko) Version/7.0.3 Safari/7046A194A Safari 6.0"
I, [2015-12-24T10:00:04.452259 #22209]  INFO -- Status: 200
D, [2015-12-24T10:00:04.452442 #22209] DEBUG -- response: server: "Apache"
access-control-allow-origin: "*"
access-control-allow-headers: "Origin, X-Requested-With, Content-Type, Accept"
access-control-allow-methods: "GET, POST"
last-modified: "Tue, 22 Dec 2015 06:40:51 GMT"
etag: "\"e29072-199c0-52776e2f6c2fd\""
accept-ranges: "bytes"
content-length: "104896"
content-type: "application/json"
date: "Thu, 24 Dec 2015 01:00:04 GMT"
connection: "close"
write sent list start
0: /home/matt/20151223/nhk/render_multi_url.js
1: k10010347961000,k10010347461000,k10010344151000,k10010344561000,k10010349161000,k10010347151000,k10010348991000,k10010347301000
Allright, let us use phantomjs to capture page....
we get these 8 url to work: k10010347961000,k10010347461000,k10010344151000,k10010344561000,k10010349161000,k10010347151000,k10010348991000,k10010347301000
doing ... 0
current left:  8
Unable to render '/home/matt/k10010347961000.html'
doing ... 1
current left:  7
Unable to render '/home/matt/k10010347461000.html'
doing ... 2
current left:  6
Unable to render '/home/matt/k10010344151000.html'
doing ... 3
current left:  5
Unable to render '/home/matt/k10010344561000.html'
doing ... 4
current left:  4
Unable to render '/home/matt/k10010349161000.html'
doing ... 5
current left:  3
Unable to render '/home/matt/k10010347151000.html'
doing ... 6
current left:  2
Unable to render '/home/matt/k10010348991000.html'
doing ... 7
current left:  1
Unable to render '/home/matt/k10010347301000.html'
0: /home/matt/20151223/nhk/render_multi_url.js
1: k10010347961000,k10010347461000,k10010344151000,k10010344561000,k10010349161000,k10010347151000,k10010348991000,k10010347301000
Allright, let us use phantomjs to capture page....
we get these 8 url to work: k10010347961000,k10010347461000,k10010344151000,k10010344561000,k10010349161000,k10010347151000,k10010348991000,k10010347301000
doing ... 0
current left:  8
Unable to render '/home/matt/k10010347961000.html'
doing ... 1
current left:  7
Unable to render '/home/matt/k10010347461000.html'
doing ... 2
current left:  6
Unable to render '/home/matt/k10010344151000.html'
doing ... 3
current left:  5
Unable to render '/home/matt/k10010344561000.html'
doing ... 4
current left:  4
Unable to render '/home/matt/k10010349161000.html'
doing ... 5
current left:  3
Unable to render '/home/matt/k10010347151000.html'
doing ... 6
current left:  2
Unable to render '/home/matt/k10010348991000.html'
doing ... 7
current left:  1
Unable to render '/home/matt/k10010347301000.html'
#NHK check this News:->/home/matt/20151223/nhk/png/k10010343651000.png
#NHK check this News:->/home/matt/20151223/nhk/png/k10010302201000.png
#NHK check this News:->/home/matt/20151223/nhk/png/k10010332121000.png
#NHK check this News:->/home/matt/20151223/nhk/png/k10010332151000.png
end cron job at 2015-12-24
#NHK check this News:->/home/matt/20151223/nhk/png/k10010343651000.png
#NHK check this News:->/home/matt/20151223/nhk/png/k10010302201000.png
#NHK check this News:->/home/matt/20151223/nhk/png/k10010332121000.png
#NHK check this News:->/home/matt/20151223/nhk/png/k10010332151000.png
end cron job at 2015-12-24
start cron job at 2015-12-24
I, [2015-12-24T17:06:27.684732 #26529]  INFO -- : get http://www3.nhk.or.jp/news/easy/news-list.json
D, [2015-12-24T17:06:27.684868 #26529] DEBUG -- request: User-Agent: "Mozilla/5.0 (Macintosh; Intel Mac OS X 10_9_3) AppleWebKit/537.75.14 (KHTML, like\n Gecko) Version/7.0.3 Safari/7046A194A Safari 6.0"
I, [2015-12-24T17:06:27.761436 #26529]  INFO -- Status: 200
D, [2015-12-24T17:06:27.761527 #26529] DEBUG -- response: server: "Apache"
access-control-allow-origin: "*"
access-control-allow-headers: "Origin, X-Requested-With, Content-Type, Accept"
access-control-allow-methods: "GET, POST"
last-modified: "Thu, 24 Dec 2015 06:59:25 GMT"
etag: "\"ff8805-1957c-5279f610bcea9\""
accept-ranges: "bytes"
content-length: "103804"
content-type: "application/json"
date: "Thu, 24 Dec 2015 08:06:27 GMT"
connection: "close"
I, [2015-12-24T17:06:27.770849 #26529]  INFO -- : get http://www3.nhk.or.jp/news/easy/k10010350921000/k10010350921000.html
D, [2015-12-24T17:06:27.770932 #26529] DEBUG -- request: User-Agent: "Mozilla/5.0 (Macintosh; Intel Mac OS X 10_9_3) AppleWebKit/537.75.14 (KHTML, like\n Gecko) Version/7.0.3 Safari/7046A194A Safari 6.0"
I, [2015-12-24T17:06:27.897861 #26529]  INFO -- Status: 200
D, [2015-12-24T17:06:27.897953 #26529] DEBUG -- response: server: "Apache"
access-control-allow-origin: "*"
access-control-allow-headers: "Origin, X-Requested-With, Content-Type, Accept"
access-control-allow-methods: "GET, POST"
last-modified: "Thu, 24 Dec 2015 06:59:36 GMT"
etag: "\"129f80d-3436-5279f61b3aad6\""
accept-ranges: "bytes"
content-length: "13366"
content-type: "text/html"
date: "Thu, 24 Dec 2015 08:06:27 GMT"
connection: "close"
start read erb, and create html file ....
write /home/matt/20151223/nhk/html/k10010350921000.html start
I, [2015-12-24T17:06:27.912920 #26529]  INFO -- : get http://www3.nhk.or.jp/news/easy/k10010350791000/k10010350791000.html
D, [2015-12-24T17:06:27.912994 #26529] DEBUG -- request: User-Agent: "Mozilla/5.0 (Macintosh; Intel Mac OS X 10_9_3) AppleWebKit/537.75.14 (KHTML, like\n Gecko) Version/7.0.3 Safari/7046A194A Safari 6.0"
I, [2015-12-24T17:06:27.998704 #26529]  INFO -- Status: 200
D, [2015-12-24T17:06:27.998795 #26529] DEBUG -- response: server: "Apache"
access-control-allow-origin: "*"
access-control-allow-headers: "Origin, X-Requested-With, Content-Type, Accept"
access-control-allow-methods: "GET, POST"
last-modified: "Thu, 24 Dec 2015 06:59:36 GMT"
etag: "\"12a9532-38dd-5279f61b3aa59\""
accept-ranges: "bytes"
content-length: "14557"
content-type: "text/html"
date: "Thu, 24 Dec 2015 08:06:27 GMT"
connection: "close"
start read erb, and create html file ....
write /home/matt/20151223/nhk/html/k10010350791000.html start
I, [2015-12-24T17:06:28.008323 #26529]  INFO -- : get http://www3.nhk.or.jp/news/easy/k10010349221000/k10010349221000.html
D, [2015-12-24T17:06:28.008411 #26529] DEBUG -- request: User-Agent: "Mozilla/5.0 (Macintosh; Intel Mac OS X 10_9_3) AppleWebKit/537.75.14 (KHTML, like\n Gecko) Version/7.0.3 Safari/7046A194A Safari 6.0"
I, [2015-12-24T17:06:28.089814 #26529]  INFO -- Status: 200
D, [2015-12-24T17:06:28.089900 #26529] DEBUG -- response: server: "Apache"
access-control-allow-origin: "*"
access-control-allow-headers: "Origin, X-Requested-With, Content-Type, Accept"
access-control-allow-methods: "GET, POST"
last-modified: "Thu, 24 Dec 2015 06:59:36 GMT"
etag: "\"12a3fed-3899-5279f61b3aa2c\""
accept-ranges: "bytes"
content-length: "14489"
content-type: "text/html"
date: "Thu, 24 Dec 2015 08:06:28 GMT"
connection: "close"
start read erb, and create html file ....
write /home/matt/20151223/nhk/html/k10010349221000.html start
I, [2015-12-24T17:06:28.099422 #26529]  INFO -- : get http://www3.nhk.or.jp/news/easy/k10010348521000/k10010348521000.html
D, [2015-12-24T17:06:28.099497 #26529] DEBUG -- request: User-Agent: "Mozilla/5.0 (Macintosh; Intel Mac OS X 10_9_3) AppleWebKit/537.75.14 (KHTML, like\n Gecko) Version/7.0.3 Safari/7046A194A Safari 6.0"
I, [2015-12-24T17:06:28.243624 #26529]  INFO -- Status: 200
D, [2015-12-24T17:06:28.243713 #26529] DEBUG -- response: server: "Apache"
access-control-allow-origin: "*"
access-control-allow-headers: "Origin, X-Requested-With, Content-Type, Accept"
access-control-allow-methods: "GET, POST"
last-modified: "Thu, 24 Dec 2015 06:59:36 GMT"
etag: "\"128d401-359d-5279f61b3a75d\""
accept-ranges: "bytes"
content-length: "13725"
content-type: "text/html"
date: "Thu, 24 Dec 2015 08:06:28 GMT"
connection: "close"
start read erb, and create html file ....
write /home/matt/20151223/nhk/html/k10010348521000.html start
write sent list start
0: /home/matt/20151223/nhk/render_multi_url.js
1: k10010348521000,k10010347961000,k10010347461000,k10010344151000,k10010350791000,k10010344561000,k10010349161000,k10010347151000,k10010350921000,k10010348991000,k10010349221000,k10010347301000
Allright, let us use phantomjs to capture page....
we get these 12 url to work: k10010348521000,k10010347961000,k10010347461000,k10010344151000,k10010350791000,k10010344561000,k10010349161000,k10010347151000,k10010350921000,k10010348991000,k10010349221000,k10010347301000
doing ... 0
current left:  12
Unable to render '/home/matt/k10010348521000.html'
doing ... 1
current left:  11
Unable to render '/home/matt/k10010347961000.html'
doing ... 2
current left:  10
Unable to render '/home/matt/k10010347461000.html'
doing ... 3
current left:  9
Unable to render '/home/matt/k10010344151000.html'
doing ... 4
current left:  8
Unable to render '/home/matt/k10010350791000.html'
doing ... 5
current left:  7
Unable to render '/home/matt/k10010344561000.html'
doing ... 6
current left:  6
Unable to render '/home/matt/k10010349161000.html'
doing ... 7
current left:  5
Unable to render '/home/matt/k10010347151000.html'
doing ... 8
current left:  4
Unable to render '/home/matt/k10010350921000.html'
doing ... 9
current left:  3
Unable to render '/home/matt/k10010348991000.html'
doing ... 10
current left:  2
Unable to render '/home/matt/k10010349221000.html'
doing ... 11
current left:  1
Unable to render '/home/matt/k10010347301000.html'
#NHK check this News:->/home/matt/20151223/nhk/png/k10010350921000.png
end cron job at 2015-12-24
start cron job at 2015-12-24
I, [2015-12-24T17:10:28.558753 #27889]  INFO -- : get http://www3.nhk.or.jp/news/easy/news-list.json
D, [2015-12-24T17:10:28.558882 #27889] DEBUG -- request: User-Agent: "Mozilla/5.0 (Macintosh; Intel Mac OS X 10_9_3) AppleWebKit/537.75.14 (KHTML, like\n Gecko) Version/7.0.3 Safari/7046A194A Safari 6.0"
I, [2015-12-24T17:10:28.719568 #27889]  INFO -- Status: 200
D, [2015-12-24T17:10:28.719666 #27889] DEBUG -- response: server: "Apache"
access-control-allow-origin: "*"
access-control-allow-headers: "Origin, X-Requested-With, Content-Type, Accept"
access-control-allow-methods: "GET, POST"
last-modified: "Thu, 24 Dec 2015 06:59:25 GMT"
etag: "\"ff8805-1957c-5279f610bcea9\""
accept-ranges: "bytes"
content-length: "103804"
content-type: "application/json"
date: "Thu, 24 Dec 2015 08:10:28 GMT"
connection: "close"
write sent list start
0: /home/matt/20151223/nhk/render_multi_url.js
1: k10010348521000,k10010347961000,k10010347461000,k10010344151000,k10010350791000,k10010344561000,k10010349161000,k10010347151000,k10010350921000,k10010348991000,k10010349221000,k10010347301000
Allright, let us use phantomjs to capture page....
we get these 12 url to work: k10010348521000,k10010347961000,k10010347461000,k10010344151000,k10010350791000,k10010344561000,k10010349161000,k10010347151000,k10010350921000,k10010348991000,k10010349221000,k10010347301000
doing ... 0
current left:  12
Unable to render '/home/matt/20151223/nhk/k10010348521000.html'
doing ... 1
current left:  11
Rendered '/home/matt/20151223/nhk/k10010347961000.html' at '/home/matt/20151223/nhk/k10010347961000.png'
doing ... 2
current left:  10
Rendered '/home/matt/20151223/nhk/k10010347461000.html' at '/home/matt/20151223/nhk/k10010347461000.png'
doing ... 3
current left:  9
Rendered '/home/matt/20151223/nhk/k10010344151000.html' at '/home/matt/20151223/nhk/k10010344151000.png'
doing ... 4
current left:  8
Unable to render '/home/matt/20151223/nhk/k10010350791000.html'
doing ... 5
current left:  7
Rendered '/home/matt/20151223/nhk/k10010344561000.html' at '/home/matt/20151223/nhk/k10010344561000.png'
doing ... 6
current left:  6
Rendered '/home/matt/20151223/nhk/k10010349161000.html' at '/home/matt/20151223/nhk/k10010349161000.png'
doing ... 7
current left:  5
Rendered '/home/matt/20151223/nhk/k10010347151000.html' at '/home/matt/20151223/nhk/k10010347151000.png'
doing ... 8
current left:  4
Unable to render '/home/matt/20151223/nhk/k10010350921000.html'
doing ... 9
current left:  3
Rendered '/home/matt/20151223/nhk/k10010348991000.html' at '/home/matt/20151223/nhk/k10010348991000.png'
doing ... 10
current left:  2
Unable to render '/home/matt/20151223/nhk/k10010349221000.html'
doing ... 11
current left:  1
Rendered '/home/matt/20151223/nhk/k10010347301000.html' at '/home/matt/20151223/nhk/k10010347301000.png'
#NHK check this News:->/home/matt/20151223/nhk/png/k10010334261000.png
#NHK check this News:->/home/matt/20151223/nhk/png/k10010328151000.png
#NHK check this News:->/home/matt/20151223/nhk/png/k10010303181000.png
#NHK check this News:->/home/matt/20151223/nhk/png/k10010341011000.png
end cron job at 2015-12-24
start cron job at 2015-12-24
I, [2015-12-24T18:00:04.237993 #9286]  INFO -- : get http://www3.nhk.or.jp/news/easy/news-list.json
D, [2015-12-24T18:00:04.238169 #9286] DEBUG -- request: User-Agent: "Mozilla/5.0 (Macintosh; Intel Mac OS X 10_9_3) AppleWebKit/537.75.14 (KHTML, like\n Gecko) Version/7.0.3 Safari/7046A194A Safari 6.0"
I, [2015-12-24T18:00:04.290605 #9286]  INFO -- Status: 200
D, [2015-12-24T18:00:04.290718 #9286] DEBUG -- response: server: "Apache"
access-control-allow-origin: "*"
access-control-allow-headers: "Origin, X-Requested-With, Content-Type, Accept"
access-control-allow-methods: "GET, POST"
last-modified: "Thu, 24 Dec 2015 06:59:25 GMT"
etag: "\"ff8805-1957c-5279f610bcea9\""
accept-ranges: "bytes"
content-length: "103804"
content-type: "application/json"
date: "Thu, 24 Dec 2015 09:00:04 GMT"
connection: "close"
write sent list start
0: /home/matt/20151223/nhk/render_multi_url.js
1: k10010348521000,k10010347961000,k10010347461000,k10010344151000,k10010350791000,k10010344561000,k10010349161000,k10010347151000,k10010350921000,k10010348991000,k10010349221000,k10010347301000
Allright, let us use phantomjs to capture page....
we get these 12 url to work: k10010348521000,k10010347961000,k10010347461000,k10010344151000,k10010350791000,k10010344561000,k10010349161000,k10010347151000,k10010350921000,k10010348991000,k10010349221000,k10010347301000
doing ... 0
current left:  12
Unable to render '/home/matt/k10010348521000.html'
doing ... 1
current left:  11
Unable to render '/home/matt/k10010347961000.html'
doing ... 2
current left:  10
Unable to render '/home/matt/k10010347461000.html'
doing ... 3
current left:  9
Unable to render '/home/matt/k10010344151000.html'
doing ... 4
current left:  8
Unable to render '/home/matt/k10010350791000.html'
doing ... 5
current left:  7
Unable to render '/home/matt/k10010344561000.html'
doing ... 6
current left:  6
Unable to render '/home/matt/k10010349161000.html'
doing ... 7
current left:  5
Unable to render '/home/matt/k10010347151000.html'
doing ... 8
current left:  4
Unable to render '/home/matt/k10010350921000.html'
doing ... 9
current left:  3
Unable to render '/home/matt/k10010348991000.html'
doing ... 10
current left:  2
Unable to render '/home/matt/k10010349221000.html'
doing ... 11
current left:  1
Unable to render '/home/matt/k10010347301000.html'
#NHK check this News:->/home/matt/20151223/nhk/png/k10010318851000.png
#NHK check this News:->/home/matt/20151223/nhk/png/k10010323281000.png
#NHK check this News:->/home/matt/20151223/nhk/png/k10010340331000.png
#NHK check this News:->/home/matt/20151223/nhk/png/k10010308891000.png
end cron job at 2015-12-24
