start cron job at 2015-12-28
I, [2015-12-28T09:45:03.097959 #30570]  INFO -- : get http://www3.nhk.or.jp/news/easy/news-list.json
D, [2015-12-28T09:45:03.098090 #30570] DEBUG -- request: User-Agent: "Mozilla/5.0 (Macintosh; Intel Mac OS X 10_9_3) AppleWebKit/537.75.14 (KHTML, like\n Gecko) Version/7.0.3 Safari/7046A194A Safari 6.0"
I, [2015-12-28T09:45:03.160001 #30570]  INFO -- Status: 200
D, [2015-12-28T09:45:03.160122 #30570] DEBUG -- response: server: "Apache"
access-control-allow-origin: "*"
access-control-allow-headers: "Origin, X-Requested-With, Content-Type, Accept"
access-control-allow-methods: "GET, POST"
last-modified: "Sat, 26 Dec 2015 07:51:35 GMT"
etag: "\"11e7cb2-19b14-527c8574a9027\""
accept-ranges: "bytes"
content-length: "105236"
content-type: "application/json"
date: "Mon, 28 Dec 2015 00:45:03 GMT"
connection: "close"
write sent list start
end cron job at 2015-12-28
start cron job at 2015-12-28
0: /home/matt/20151223/nhk/render_multi_url.js
1: k10010348521000,k10010353921000,k10010347961000,k10010347461000,k10010344151000,k10010350791000,k10010350591000,k10010352281000,k10010344561000,k10010349161000,k10010353981000,k10010353961000,k10010353911000,k10010347151000,k10010350921000,k10010353891000,k10010350811000,k10010352321000,k10010353931000,k10010348991000,k10010353951000,k10010349221000,k10010347301000
Allright, let us use phantomjs to capture page....
we get these 23 url to work: k10010348521000,k10010353921000,k10010347961000,k10010347461000,k10010344151000,k10010350791000,k10010350591000,k10010352281000,k10010344561000,k10010349161000,k10010353981000,k10010353961000,k10010353911000,k10010347151000,k10010350921000,k10010353891000,k10010350811000,k10010352321000,k10010353931000,k10010348991000,k10010353951000,k10010349221000,k10010347301000
doing ... 0
current left:  23
Unable to render '/home/matt/k10010348521000.html'
doing ... 1
current left:  22
Unable to render '/home/matt/k10010353921000.html'
doing ... 2
current left:  21
Unable to render '/home/matt/k10010347961000.html'
doing ... 3
current left:  20
Unable to render '/home/matt/k10010347461000.html'
doing ... 4
current left:  19
Unable to render '/home/matt/k10010344151000.html'
doing ... 5
current left:  18
Unable to render '/home/matt/k10010350791000.html'
doing ... 6
current left:  17
Unable to render '/home/matt/k10010350591000.html'
doing ... 7
current left:  16
Unable to render '/home/matt/k10010352281000.html'
doing ... 8
current left:  15
Unable to render '/home/matt/k10010344561000.html'
doing ... 9
current left:  14
Unable to render '/home/matt/k10010349161000.html'
doing ... 10
current left:  13
Unable to render '/home/matt/k10010353981000.html'
doing ... 11
current left:  12
Unable to render '/home/matt/k10010353961000.html'
doing ... 12
current left:  11
Unable to render '/home/matt/k10010353911000.html'
doing ... 13
current left:  10
Unable to render '/home/matt/k10010347151000.html'
doing ... 14
current left:  9
Unable to render '/home/matt/k10010350921000.html'
doing ... 15
current left:  8
Unable to render '/home/matt/k10010353891000.html'
doing ... 16
current left:  7
Unable to render '/home/matt/k10010350811000.html'
doing ... 17
current left:  6
Unable to render '/home/matt/k10010352321000.html'
doing ... 18
current left:  5
Unable to render '/home/matt/k10010353931000.html'
doing ... 19
current left:  4
Unable to render '/home/matt/k10010348991000.html'
doing ... 20
current left:  3
Unable to render '/home/matt/k10010353951000.html'
doing ... 21
current left:  2
Unable to render '/home/matt/k10010349221000.html'
doing ... 22
current left:  1
Unable to render '/home/matt/k10010347301000.html'
end cron job at 2015-12-28
start cron job at 2015-12-28
#NHK check this News:->/home/matt/20151223/nhk/png/k10010301271000.png
#NHK check this News:->/home/matt/20151223/nhk/png/k10010325861000.png
#NHK check this News:->/home/matt/20151223/nhk/png/k10010342531000.png
#NHK check this News:->/home/matt/20151223/nhk/png/k10010301501000.png
end cron job at 2015-12-28
start cron job at 2015-12-28
0: /home/matt/20151223/nhk/render_multi_url.js
1: k10010308891000,k10010332271000,k10010323281000,k10010348521000,k10010311711000,k10010332471000,k10010309701000,k10010306881000,k10010301501000,k10010301271000,k10010353921000,k10010336701000,k10010302201000,k10010317151000,k10010303821000,k10010342311000,k10010317761000,k10010340331000,k10010317271000,k10010309261000,k10010301371000,k10010347961000,k10010320161000,k10010316791000,k10010319711000,k10010324041000,k10010325861000,k10010347461000,k10010323851000,k10010318541000,k10010326301000,k10010332681000,k10010317971000,k10010319131000,k10010311061000,k10010312521000,k10010311341000,k10010324091000,k10010344151000,k10010350791000,k10010333111000,k10010335771000,k10010318851000,k10010317181000,k10010300691000,k10010350591000,k10010319721000,k10010332121000,k10010334211000,k10010324471000,k10010352281000,k10010344561000,k10010335961000,k10010342711000,k10010341901000,k10010349161000,k10010353981000,k10010342751000,k10010309081000,k10010301651000,k10010313291000,k10010303341000,k10010353961000,k10010311141000,k10010326831000,k10010353911000,k10010327931000,k10010344231000,k10010328971000,k10010347151000,k10010334261000,k10010336981000,k10010308911000,k10010333491000,k10010328701000,k10010307311000,k10010343651000,k10010341031000,k10010303181000,k10010334061000,k10010309481000,k10010341011000,k10010350921000,k10010312641000,k10010311841000,k10010331271000,k10010308371000,k10010302971000,k10010335361000,k10010353891000,k10010301211000,k10010326291000,k10010326871000,k10010332151000,k10010302651000,k10010350811000,k10010307061000,k10010343861000,k10010302831000,k10010341761000,k10010326011000,k10010340661000,k10010322671000,k10010328151000,k10010336131000,k10010342631000,k10010322661000,k10010342531000,k10010319391000,k10010310441000,k10010303981000,k10010326121000,k10010318161000,k10010320691000,k10010352321000,k10010353931000,k10010348991000,k10010312511000,k10010353951000,k10010340871000,k10010335611000,k10010335581000,k10010332491000,k10010349221000,k10010340261000,k10010302431000,k10010308901000,k10010339741000,k10010324231000,k10010326961000,k10010347301000,k10010321091000,k10010319891000,k10010339171000,k10010327491000
Allright, let us use phantomjs to capture page....
we get these 135 url to work: k10010308891000,k10010332271000,k10010323281000,k10010348521000,k10010311711000,k10010332471000,k10010309701000,k10010306881000,k10010301501000,k10010301271000,k10010353921000,k10010336701000,k10010302201000,k10010317151000,k10010303821000,k10010342311000,k10010317761000,k10010340331000,k10010317271000,k10010309261000,k10010301371000,k10010347961000,k10010320161000,k10010316791000,k10010319711000,k10010324041000,k10010325861000,k10010347461000,k10010323851000,k10010318541000,k10010326301000,k10010332681000,k10010317971000,k10010319131000,k10010311061000,k10010312521000,k10010311341000,k10010324091000,k10010344151000,k10010350791000,k10010333111000,k10010335771000,k10010318851000,k10010317181000,k10010300691000,k10010350591000,k10010319721000,k10010332121000,k10010334211000,k10010324471000,k10010352281000,k10010344561000,k10010335961000,k10010342711000,k10010341901000,k10010349161000,k10010353981000,k10010342751000,k10010309081000,k10010301651000,k10010313291000,k10010303341000,k10010353961000,k10010311141000,k10010326831000,k10010353911000,k10010327931000,k10010344231000,k10010328971000,k10010347151000,k10010334261000,k10010336981000,k10010308911000,k10010333491000,k10010328701000,k10010307311000,k10010343651000,k10010341031000,k10010303181000,k10010334061000,k10010309481000,k10010341011000,k10010350921000,k10010312641000,k10010311841000,k10010331271000,k10010308371000,k10010302971000,k10010335361000,k10010353891000,k10010301211000,k10010326291000,k10010326871000,k10010332151000,k10010302651000,k10010350811000,k10010307061000,k10010343861000,k10010302831000,k10010341761000,k10010326011000,k10010340661000,k10010322671000,k10010328151000,k10010336131000,k10010342631000,k10010322661000,k10010342531000,k10010319391000,k10010310441000,k10010303981000,k10010326121000,k10010318161000,k10010320691000,k10010352321000,k10010353931000,k10010348991000,k10010312511000,k10010353951000,k10010340871000,k10010335611000,k10010335581000,k10010332491000,k10010349221000,k10010340261000,k10010302431000,k10010308901000,k10010339741000,k10010324231000,k10010326961000,k10010347301000,k10010321091000,k10010319891000,k10010339171000,k10010327491000
This is our working home:/home/matt/20151223/nhk
doing ... 0
current left:  135
Rendered '/home/matt/20151223/nhk/html/k10010308891000.html' at '/home/matt/20151223/nhk/png/k10010308891000.png'
doing ... 1
current left:  134
Rendered '/home/matt/20151223/nhk/html/k10010332271000.html' at '/home/matt/20151223/nhk/png/k10010332271000.png'
doing ... 2
current left:  133
Rendered '/home/matt/20151223/nhk/html/k10010323281000.html' at '/home/matt/20151223/nhk/png/k10010323281000.png'
doing ... 3
current left:  132
Rendered '/home/matt/20151223/nhk/html/k10010348521000.html' at '/home/matt/20151223/nhk/png/k10010348521000.png'
doing ... 4
current left:  131
Rendered '/home/matt/20151223/nhk/html/k10010311711000.html' at '/home/matt/20151223/nhk/png/k10010311711000.png'
doing ... 5
current left:  130
Rendered '/home/matt/20151223/nhk/html/k10010332471000.html' at '/home/matt/20151223/nhk/png/k10010332471000.png'
doing ... 6
current left:  129
Rendered '/home/matt/20151223/nhk/html/k10010309701000.html' at '/home/matt/20151223/nhk/png/k10010309701000.png'
doing ... 7
current left:  128
Rendered '/home/matt/20151223/nhk/html/k10010306881000.html' at '/home/matt/20151223/nhk/png/k10010306881000.png'
doing ... 8
current left:  127
Rendered '/home/matt/20151223/nhk/html/k10010301501000.html' at '/home/matt/20151223/nhk/png/k10010301501000.png'
doing ... 9
current left:  126
Rendered '/home/matt/20151223/nhk/html/k10010301271000.html' at '/home/matt/20151223/nhk/png/k10010301271000.png'
doing ... 10
current left:  125
Rendered '/home/matt/20151223/nhk/html/k10010353921000.html' at '/home/matt/20151223/nhk/png/k10010353921000.png'
doing ... 11
current left:  124
Rendered '/home/matt/20151223/nhk/html/k10010336701000.html' at '/home/matt/20151223/nhk/png/k10010336701000.png'
doing ... 12
current left:  123
Rendered '/home/matt/20151223/nhk/html/k10010302201000.html' at '/home/matt/20151223/nhk/png/k10010302201000.png'
doing ... 13
current left:  122
Rendered '/home/matt/20151223/nhk/html/k10010317151000.html' at '/home/matt/20151223/nhk/png/k10010317151000.png'
doing ... 14
current left:  121
Rendered '/home/matt/20151223/nhk/html/k10010303821000.html' at '/home/matt/20151223/nhk/png/k10010303821000.png'
doing ... 15
current left:  120
Rendered '/home/matt/20151223/nhk/html/k10010342311000.html' at '/home/matt/20151223/nhk/png/k10010342311000.png'
doing ... 16
current left:  119
Rendered '/home/matt/20151223/nhk/html/k10010317761000.html' at '/home/matt/20151223/nhk/png/k10010317761000.png'
doing ... 17
current left:  118
Rendered '/home/matt/20151223/nhk/html/k10010340331000.html' at '/home/matt/20151223/nhk/png/k10010340331000.png'
doing ... 18
current left:  117
Rendered '/home/matt/20151223/nhk/html/k10010317271000.html' at '/home/matt/20151223/nhk/png/k10010317271000.png'
doing ... 19
current left:  116
Rendered '/home/matt/20151223/nhk/html/k10010309261000.html' at '/home/matt/20151223/nhk/png/k10010309261000.png'
doing ... 20
current left:  115
Rendered '/home/matt/20151223/nhk/html/k10010301371000.html' at '/home/matt/20151223/nhk/png/k10010301371000.png'
doing ... 21
current left:  114
Rendered '/home/matt/20151223/nhk/html/k10010347961000.html' at '/home/matt/20151223/nhk/png/k10010347961000.png'
doing ... 22
current left:  113
Rendered '/home/matt/20151223/nhk/html/k10010320161000.html' at '/home/matt/20151223/nhk/png/k10010320161000.png'
doing ... 23
current left:  112
Rendered '/home/matt/20151223/nhk/html/k10010316791000.html' at '/home/matt/20151223/nhk/png/k10010316791000.png'
doing ... 24
current left:  111
Rendered '/home/matt/20151223/nhk/html/k10010319711000.html' at '/home/matt/20151223/nhk/png/k10010319711000.png'
doing ... 25
current left:  110
Rendered '/home/matt/20151223/nhk/html/k10010324041000.html' at '/home/matt/20151223/nhk/png/k10010324041000.png'
doing ... 26
current left:  109
Rendered '/home/matt/20151223/nhk/html/k10010325861000.html' at '/home/matt/20151223/nhk/png/k10010325861000.png'
doing ... 27
current left:  108
Rendered '/home/matt/20151223/nhk/html/k10010347461000.html' at '/home/matt/20151223/nhk/png/k10010347461000.png'
doing ... 28
current left:  107
Rendered '/home/matt/20151223/nhk/html/k10010323851000.html' at '/home/matt/20151223/nhk/png/k10010323851000.png'
doing ... 29
current left:  106
Rendered '/home/matt/20151223/nhk/html/k10010318541000.html' at '/home/matt/20151223/nhk/png/k10010318541000.png'
doing ... 30
current left:  105
Rendered '/home/matt/20151223/nhk/html/k10010326301000.html' at '/home/matt/20151223/nhk/png/k10010326301000.png'
doing ... 31
current left:  104
Rendered '/home/matt/20151223/nhk/html/k10010332681000.html' at '/home/matt/20151223/nhk/png/k10010332681000.png'
doing ... 32
current left:  103
Rendered '/home/matt/20151223/nhk/html/k10010317971000.html' at '/home/matt/20151223/nhk/png/k10010317971000.png'
doing ... 33
current left:  102
Rendered '/home/matt/20151223/nhk/html/k10010319131000.html' at '/home/matt/20151223/nhk/png/k10010319131000.png'
doing ... 34
current left:  101
Rendered '/home/matt/20151223/nhk/html/k10010311061000.html' at '/home/matt/20151223/nhk/png/k10010311061000.png'
doing ... 35
current left:  100
Rendered '/home/matt/20151223/nhk/html/k10010312521000.html' at '/home/matt/20151223/nhk/png/k10010312521000.png'
doing ... 36
current left:  99
Rendered '/home/matt/20151223/nhk/html/k10010311341000.html' at '/home/matt/20151223/nhk/png/k10010311341000.png'
doing ... 37
current left:  98
Rendered '/home/matt/20151223/nhk/html/k10010324091000.html' at '/home/matt/20151223/nhk/png/k10010324091000.png'
doing ... 38
current left:  97
Rendered '/home/matt/20151223/nhk/html/k10010344151000.html' at '/home/matt/20151223/nhk/png/k10010344151000.png'
doing ... 39
current left:  96
Rendered '/home/matt/20151223/nhk/html/k10010350791000.html' at '/home/matt/20151223/nhk/png/k10010350791000.png'
doing ... 40
current left:  95
Rendered '/home/matt/20151223/nhk/html/k10010333111000.html' at '/home/matt/20151223/nhk/png/k10010333111000.png'
doing ... 41
current left:  94
Rendered '/home/matt/20151223/nhk/html/k10010335771000.html' at '/home/matt/20151223/nhk/png/k10010335771000.png'
doing ... 42
current left:  93
Rendered '/home/matt/20151223/nhk/html/k10010318851000.html' at '/home/matt/20151223/nhk/png/k10010318851000.png'
doing ... 43
current left:  92
Rendered '/home/matt/20151223/nhk/html/k10010317181000.html' at '/home/matt/20151223/nhk/png/k10010317181000.png'
doing ... 44
current left:  91
Rendered '/home/matt/20151223/nhk/html/k10010300691000.html' at '/home/matt/20151223/nhk/png/k10010300691000.png'
doing ... 45
current left:  90
Rendered '/home/matt/20151223/nhk/html/k10010350591000.html' at '/home/matt/20151223/nhk/png/k10010350591000.png'
doing ... 46
current left:  89
Rendered '/home/matt/20151223/nhk/html/k10010319721000.html' at '/home/matt/20151223/nhk/png/k10010319721000.png'
doing ... 47
current left:  88
Rendered '/home/matt/20151223/nhk/html/k10010332121000.html' at '/home/matt/20151223/nhk/png/k10010332121000.png'
doing ... 48
current left:  87
Rendered '/home/matt/20151223/nhk/html/k10010334211000.html' at '/home/matt/20151223/nhk/png/k10010334211000.png'
doing ... 49
current left:  86
Rendered '/home/matt/20151223/nhk/html/k10010324471000.html' at '/home/matt/20151223/nhk/png/k10010324471000.png'
doing ... 50
current left:  85
Rendered '/home/matt/20151223/nhk/html/k10010352281000.html' at '/home/matt/20151223/nhk/png/k10010352281000.png'
doing ... 51
current left:  84
Rendered '/home/matt/20151223/nhk/html/k10010344561000.html' at '/home/matt/20151223/nhk/png/k10010344561000.png'
doing ... 52
current left:  83
Rendered '/home/matt/20151223/nhk/html/k10010335961000.html' at '/home/matt/20151223/nhk/png/k10010335961000.png'
doing ... 53
current left:  82
Rendered '/home/matt/20151223/nhk/html/k10010342711000.html' at '/home/matt/20151223/nhk/png/k10010342711000.png'
doing ... 54
current left:  81
Rendered '/home/matt/20151223/nhk/html/k10010341901000.html' at '/home/matt/20151223/nhk/png/k10010341901000.png'
doing ... 55
current left:  80
Rendered '/home/matt/20151223/nhk/html/k10010349161000.html' at '/home/matt/20151223/nhk/png/k10010349161000.png'
doing ... 56
current left:  79
Rendered '/home/matt/20151223/nhk/html/k10010353981000.html' at '/home/matt/20151223/nhk/png/k10010353981000.png'
doing ... 57
current left:  78
Rendered '/home/matt/20151223/nhk/html/k10010342751000.html' at '/home/matt/20151223/nhk/png/k10010342751000.png'
doing ... 58
current left:  77
Rendered '/home/matt/20151223/nhk/html/k10010309081000.html' at '/home/matt/20151223/nhk/png/k10010309081000.png'
doing ... 59
current left:  76
Rendered '/home/matt/20151223/nhk/html/k10010301651000.html' at '/home/matt/20151223/nhk/png/k10010301651000.png'
doing ... 60
current left:  75
Rendered '/home/matt/20151223/nhk/html/k10010313291000.html' at '/home/matt/20151223/nhk/png/k10010313291000.png'
doing ... 61
current left:  74
Rendered '/home/matt/20151223/nhk/html/k10010303341000.html' at '/home/matt/20151223/nhk/png/k10010303341000.png'
doing ... 62
current left:  73
Rendered '/home/matt/20151223/nhk/html/k10010353961000.html' at '/home/matt/20151223/nhk/png/k10010353961000.png'
doing ... 63
current left:  72
Rendered '/home/matt/20151223/nhk/html/k10010311141000.html' at '/home/matt/20151223/nhk/png/k10010311141000.png'
doing ... 64
current left:  71
Rendered '/home/matt/20151223/nhk/html/k10010326831000.html' at '/home/matt/20151223/nhk/png/k10010326831000.png'
doing ... 65
current left:  70
Rendered '/home/matt/20151223/nhk/html/k10010353911000.html' at '/home/matt/20151223/nhk/png/k10010353911000.png'
doing ... 66
current left:  69
Rendered '/home/matt/20151223/nhk/html/k10010327931000.html' at '/home/matt/20151223/nhk/png/k10010327931000.png'
doing ... 67
current left:  68
Rendered '/home/matt/20151223/nhk/html/k10010344231000.html' at '/home/matt/20151223/nhk/png/k10010344231000.png'
doing ... 68
current left:  67
Rendered '/home/matt/20151223/nhk/html/k10010328971000.html' at '/home/matt/20151223/nhk/png/k10010328971000.png'
doing ... 69
current left:  66
Rendered '/home/matt/20151223/nhk/html/k10010347151000.html' at '/home/matt/20151223/nhk/png/k10010347151000.png'
doing ... 70
current left:  65
Rendered '/home/matt/20151223/nhk/html/k10010334261000.html' at '/home/matt/20151223/nhk/png/k10010334261000.png'
doing ... 71
current left:  64
Rendered '/home/matt/20151223/nhk/html/k10010336981000.html' at '/home/matt/20151223/nhk/png/k10010336981000.png'
doing ... 72
current left:  63
Rendered '/home/matt/20151223/nhk/html/k10010308911000.html' at '/home/matt/20151223/nhk/png/k10010308911000.png'
doing ... 73
current left:  62
Rendered '/home/matt/20151223/nhk/html/k10010333491000.html' at '/home/matt/20151223/nhk/png/k10010333491000.png'
doing ... 74
current left:  61
Rendered '/home/matt/20151223/nhk/html/k10010328701000.html' at '/home/matt/20151223/nhk/png/k10010328701000.png'
doing ... 75
current left:  60
Rendered '/home/matt/20151223/nhk/html/k10010307311000.html' at '/home/matt/20151223/nhk/png/k10010307311000.png'
doing ... 76
current left:  59
Rendered '/home/matt/20151223/nhk/html/k10010343651000.html' at '/home/matt/20151223/nhk/png/k10010343651000.png'
doing ... 77
current left:  58
Rendered '/home/matt/20151223/nhk/html/k10010341031000.html' at '/home/matt/20151223/nhk/png/k10010341031000.png'
doing ... 78
current left:  57
Rendered '/home/matt/20151223/nhk/html/k10010303181000.html' at '/home/matt/20151223/nhk/png/k10010303181000.png'
doing ... 79
current left:  56
Rendered '/home/matt/20151223/nhk/html/k10010334061000.html' at '/home/matt/20151223/nhk/png/k10010334061000.png'
doing ... 80
current left:  55
Rendered '/home/matt/20151223/nhk/html/k10010309481000.html' at '/home/matt/20151223/nhk/png/k10010309481000.png'
doing ... 81
current left:  54
Rendered '/home/matt/20151223/nhk/html/k10010341011000.html' at '/home/matt/20151223/nhk/png/k10010341011000.png'
doing ... 82
current left:  53
Rendered '/home/matt/20151223/nhk/html/k10010350921000.html' at '/home/matt/20151223/nhk/png/k10010350921000.png'
doing ... 83
current left:  52
Rendered '/home/matt/20151223/nhk/html/k10010312641000.html' at '/home/matt/20151223/nhk/png/k10010312641000.png'
doing ... 84
current left:  51
Rendered '/home/matt/20151223/nhk/html/k10010311841000.html' at '/home/matt/20151223/nhk/png/k10010311841000.png'
doing ... 85
current left:  50
Rendered '/home/matt/20151223/nhk/html/k10010331271000.html' at '/home/matt/20151223/nhk/png/k10010331271000.png'
doing ... 86
current left:  49
Rendered '/home/matt/20151223/nhk/html/k10010308371000.html' at '/home/matt/20151223/nhk/png/k10010308371000.png'
doing ... 87
current left:  48
Rendered '/home/matt/20151223/nhk/html/k10010302971000.html' at '/home/matt/20151223/nhk/png/k10010302971000.png'
doing ... 88
current left:  47
Rendered '/home/matt/20151223/nhk/html/k10010335361000.html' at '/home/matt/20151223/nhk/png/k10010335361000.png'
doing ... 89
current left:  46
Rendered '/home/matt/20151223/nhk/html/k10010353891000.html' at '/home/matt/20151223/nhk/png/k10010353891000.png'
doing ... 90
current left:  45
Rendered '/home/matt/20151223/nhk/html/k10010301211000.html' at '/home/matt/20151223/nhk/png/k10010301211000.png'
doing ... 91
current left:  44
Rendered '/home/matt/20151223/nhk/html/k10010326291000.html' at '/home/matt/20151223/nhk/png/k10010326291000.png'
doing ... 92
current left:  43
Rendered '/home/matt/20151223/nhk/html/k10010326871000.html' at '/home/matt/20151223/nhk/png/k10010326871000.png'
doing ... 93
current left:  42
Rendered '/home/matt/20151223/nhk/html/k10010332151000.html' at '/home/matt/20151223/nhk/png/k10010332151000.png'
doing ... 94
current left:  41
Rendered '/home/matt/20151223/nhk/html/k10010302651000.html' at '/home/matt/20151223/nhk/png/k10010302651000.png'
doing ... 95
current left:  40
Rendered '/home/matt/20151223/nhk/html/k10010350811000.html' at '/home/matt/20151223/nhk/png/k10010350811000.png'
doing ... 96
current left:  39
Rendered '/home/matt/20151223/nhk/html/k10010307061000.html' at '/home/matt/20151223/nhk/png/k10010307061000.png'
doing ... 97
current left:  38
Rendered '/home/matt/20151223/nhk/html/k10010343861000.html' at '/home/matt/20151223/nhk/png/k10010343861000.png'
doing ... 98
current left:  37
Rendered '/home/matt/20151223/nhk/html/k10010302831000.html' at '/home/matt/20151223/nhk/png/k10010302831000.png'
doing ... 99
current left:  36
Rendered '/home/matt/20151223/nhk/html/k10010341761000.html' at '/home/matt/20151223/nhk/png/k10010341761000.png'
doing ... 100
current left:  35
Rendered '/home/matt/20151223/nhk/html/k10010326011000.html' at '/home/matt/20151223/nhk/png/k10010326011000.png'
doing ... 101
current left:  34
Rendered '/home/matt/20151223/nhk/html/k10010340661000.html' at '/home/matt/20151223/nhk/png/k10010340661000.png'
doing ... 102
current left:  33
Rendered '/home/matt/20151223/nhk/html/k10010322671000.html' at '/home/matt/20151223/nhk/png/k10010322671000.png'
doing ... 103
current left:  32
Rendered '/home/matt/20151223/nhk/html/k10010328151000.html' at '/home/matt/20151223/nhk/png/k10010328151000.png'
doing ... 104
current left:  31
Rendered '/home/matt/20151223/nhk/html/k10010336131000.html' at '/home/matt/20151223/nhk/png/k10010336131000.png'
doing ... 105
current left:  30
Rendered '/home/matt/20151223/nhk/html/k10010342631000.html' at '/home/matt/20151223/nhk/png/k10010342631000.png'
doing ... 106
current left:  29
Rendered '/home/matt/20151223/nhk/html/k10010322661000.html' at '/home/matt/20151223/nhk/png/k10010322661000.png'
doing ... 107
current left:  28
Rendered '/home/matt/20151223/nhk/html/k10010342531000.html' at '/home/matt/20151223/nhk/png/k10010342531000.png'
doing ... 108
current left:  27
Rendered '/home/matt/20151223/nhk/html/k10010319391000.html' at '/home/matt/20151223/nhk/png/k10010319391000.png'
doing ... 109
current left:  26
Rendered '/home/matt/20151223/nhk/html/k10010310441000.html' at '/home/matt/20151223/nhk/png/k10010310441000.png'
doing ... 110
current left:  25
Rendered '/home/matt/20151223/nhk/html/k10010303981000.html' at '/home/matt/20151223/nhk/png/k10010303981000.png'
doing ... 111
current left:  24
Rendered '/home/matt/20151223/nhk/html/k10010326121000.html' at '/home/matt/20151223/nhk/png/k10010326121000.png'
doing ... 112
current left:  23
Rendered '/home/matt/20151223/nhk/html/k10010318161000.html' at '/home/matt/20151223/nhk/png/k10010318161000.png'
doing ... 113
current left:  22
Rendered '/home/matt/20151223/nhk/html/k10010320691000.html' at '/home/matt/20151223/nhk/png/k10010320691000.png'
doing ... 114
current left:  21
Rendered '/home/matt/20151223/nhk/html/k10010352321000.html' at '/home/matt/20151223/nhk/png/k10010352321000.png'
doing ... 115
current left:  20
Rendered '/home/matt/20151223/nhk/html/k10010353931000.html' at '/home/matt/20151223/nhk/png/k10010353931000.png'
doing ... 116
current left:  19
Rendered '/home/matt/20151223/nhk/html/k10010348991000.html' at '/home/matt/20151223/nhk/png/k10010348991000.png'
doing ... 117
current left:  18
Rendered '/home/matt/20151223/nhk/html/k10010312511000.html' at '/home/matt/20151223/nhk/png/k10010312511000.png'
doing ... 118
current left:  17
Rendered '/home/matt/20151223/nhk/html/k10010353951000.html' at '/home/matt/20151223/nhk/png/k10010353951000.png'
doing ... 119
current left:  16
Rendered '/home/matt/20151223/nhk/html/k10010340871000.html' at '/home/matt/20151223/nhk/png/k10010340871000.png'
doing ... 120
current left:  15
Rendered '/home/matt/20151223/nhk/html/k10010335611000.html' at '/home/matt/20151223/nhk/png/k10010335611000.png'
doing ... 121
current left:  14
Rendered '/home/matt/20151223/nhk/html/k10010335581000.html' at '/home/matt/20151223/nhk/png/k10010335581000.png'
doing ... 122
current left:  13
Rendered '/home/matt/20151223/nhk/html/k10010332491000.html' at '/home/matt/20151223/nhk/png/k10010332491000.png'
doing ... 123
current left:  12
Rendered '/home/matt/20151223/nhk/html/k10010349221000.html' at '/home/matt/20151223/nhk/png/k10010349221000.png'
doing ... 124
current left:  11
Rendered '/home/matt/20151223/nhk/html/k10010340261000.html' at '/home/matt/20151223/nhk/png/k10010340261000.png'
doing ... 125
current left:  10
Rendered '/home/matt/20151223/nhk/html/k10010302431000.html' at '/home/matt/20151223/nhk/png/k10010302431000.png'
doing ... 126
current left:  9
Rendered '/home/matt/20151223/nhk/html/k10010308901000.html' at '/home/matt/20151223/nhk/png/k10010308901000.png'
doing ... 127
current left:  8
Rendered '/home/matt/20151223/nhk/html/k10010339741000.html' at '/home/matt/20151223/nhk/png/k10010339741000.png'
doing ... 128
current left:  7
Rendered '/home/matt/20151223/nhk/html/k10010324231000.html' at '/home/matt/20151223/nhk/png/k10010324231000.png'
doing ... 129
current left:  6
Rendered '/home/matt/20151223/nhk/html/k10010326961000.html' at '/home/matt/20151223/nhk/png/k10010326961000.png'
doing ... 130
current left:  5
Rendered '/home/matt/20151223/nhk/html/k10010347301000.html' at '/home/matt/20151223/nhk/png/k10010347301000.png'
doing ... 131
current left:  4
Rendered '/home/matt/20151223/nhk/html/k10010321091000.html' at '/home/matt/20151223/nhk/png/k10010321091000.png'
doing ... 132
current left:  3
Rendered '/home/matt/20151223/nhk/html/k10010319891000.html' at '/home/matt/20151223/nhk/png/k10010319891000.png'
doing ... 133
current left:  2
Rendered '/home/matt/20151223/nhk/html/k10010339171000.html' at '/home/matt/20151223/nhk/png/k10010339171000.png'
doing ... 134
current left:  1
Rendered '/home/matt/20151223/nhk/html/k10010327491000.html' at '/home/matt/20151223/nhk/png/k10010327491000.png'
end cron job at 2015-12-28
start cron job at 2015-12-28
I, [2015-12-28T11:18:39.129099 #26619]  INFO -- : get http://www3.nhk.or.jp/news/easy/news-list.json
D, [2015-12-28T11:18:39.131482 #26619] DEBUG -- request: User-Agent: "Mozilla/5.0 (Macintosh; Intel Mac OS X 10_9_3) AppleWebKit/537.75.14 (KHTML, like\n Gecko) Version/7.0.3 Safari/7046A194A Safari 6.0"
I, [2015-12-28T11:18:39.191280 #26619]  INFO -- Status: 200
D, [2015-12-28T11:18:39.191387 #26619] DEBUG -- response: server: "Apache"
access-control-allow-origin: "*"
access-control-allow-headers: "Origin, X-Requested-With, Content-Type, Accept"
access-control-allow-methods: "GET, POST"
last-modified: "Sat, 26 Dec 2015 07:51:35 GMT"
etag: "\"11e7cb2-19b14-527c8574a9027\""
accept-ranges: "bytes"
content-length: "105236"
content-type: "application/json"
date: "Mon, 28 Dec 2015 02:18:39 GMT"
connection: "close"
I, [2015-12-28T11:18:39.198265 #26619]  INFO -- : get http://www3.nhk.or.jp/news/easy/k10010353891000/k10010353891000.html
D, [2015-12-28T11:18:39.198309 #26619] DEBUG -- request: User-Agent: "Mozilla/5.0 (Macintosh; Intel Mac OS X 10_9_3) AppleWebKit/537.75.14 (KHTML, like\n Gecko) Version/7.0.3 Safari/7046A194A Safari 6.0"
I, [2015-12-28T11:18:39.252142 #26619]  INFO -- Status: 200
D, [2015-12-28T11:18:39.252240 #26619] DEBUG -- response: server: "Apache"
access-control-allow-origin: "*"
access-control-allow-headers: "Origin, X-Requested-With, Content-Type, Accept"
access-control-allow-methods: "GET, POST"
last-modified: "Sat, 26 Dec 2015 07:51:47 GMT"
etag: "\"1014df6-3b34-527c85801acc1\""
accept-ranges: "bytes"
content-length: "15156"
content-type: "text/html"
date: "Mon, 28 Dec 2015 02:18:39 GMT"
connection: "close"
start read erb, and create html file ....
write /home/matt/20151223/nhk/html/k10010353891000.html start
I, [2015-12-28T11:18:39.268768 #26619]  INFO -- : get http://www3.nhk.or.jp/news/easy/k10010353911000/k10010353911000.html
D, [2015-12-28T11:18:39.269833 #26619] DEBUG -- request: User-Agent: "Mozilla/5.0 (Macintosh; Intel Mac OS X 10_9_3) AppleWebKit/537.75.14 (KHTML, like\n Gecko) Version/7.0.3 Safari/7046A194A Safari 6.0"
I, [2015-12-28T11:18:39.291895 #26619]  INFO -- Status: 200
D, [2015-12-28T11:18:39.291965 #26619] DEBUG -- response: server: "Apache"
access-control-allow-origin: "*"
access-control-allow-headers: "Origin, X-Requested-With, Content-Type, Accept"
access-control-allow-methods: "GET, POST"
last-modified: "Sat, 26 Dec 2015 07:51:47 GMT"
etag: "\"3dc1a9-38d5-527c85801ad1c\""
accept-ranges: "bytes"
content-length: "14549"
content-type: "text/html"
date: "Mon, 28 Dec 2015 02:18:39 GMT"
connection: "close"
start read erb, and create html file ....
write /home/matt/20151223/nhk/html/k10010353911000.html start
I, [2015-12-28T11:18:39.301877 #26619]  INFO -- : get http://www3.nhk.or.jp/news/easy/k10010353921000/k10010353921000.html
D, [2015-12-28T11:18:39.301920 #26619] DEBUG -- request: User-Agent: "Mozilla/5.0 (Macintosh; Intel Mac OS X 10_9_3) AppleWebKit/537.75.14 (KHTML, like\n Gecko) Version/7.0.3 Safari/7046A194A Safari 6.0"
I, [2015-12-28T11:18:39.366364 #26619]  INFO -- Status: 200
D, [2015-12-28T11:18:39.366464 #26619] DEBUG -- response: server: "Apache"
access-control-allow-origin: "*"
access-control-allow-headers: "Origin, X-Requested-With, Content-Type, Accept"
access-control-allow-methods: "GET, POST"
last-modified: "Sat, 26 Dec 2015 07:51:47 GMT"
etag: "\"12a4bef-3794-527c85801ad62\""
accept-ranges: "bytes"
content-length: "14228"
content-type: "text/html"
date: "Mon, 28 Dec 2015 02:18:39 GMT"
connection: "close"
start read erb, and create html file ....
write /home/matt/20151223/nhk/html/k10010353921000.html start
I, [2015-12-28T11:18:39.377790 #26619]  INFO -- : get http://www3.nhk.or.jp/news/easy/k10010353931000/k10010353931000.html
D, [2015-12-28T11:18:39.377833 #26619] DEBUG -- request: User-Agent: "Mozilla/5.0 (Macintosh; Intel Mac OS X 10_9_3) AppleWebKit/537.75.14 (KHTML, like\n Gecko) Version/7.0.3 Safari/7046A194A Safari 6.0"
I, [2015-12-28T11:18:39.423720 #26619]  INFO -- Status: 200
D, [2015-12-28T11:18:39.423805 #26619] DEBUG -- response: server: "Apache"
access-control-allow-origin: "*"
access-control-allow-headers: "Origin, X-Requested-With, Content-Type, Accept"
access-control-allow-methods: "GET, POST"
last-modified: "Sat, 26 Dec 2015 07:51:47 GMT"
etag: "\"12a942f-355f-527c85801af44\""
accept-ranges: "bytes"
content-length: "13663"
content-type: "text/html"
date: "Mon, 28 Dec 2015 02:18:39 GMT"
connection: "close"
start read erb, and create html file ....
write /home/matt/20151223/nhk/html/k10010353931000.html start
I, [2015-12-28T11:18:39.439533 #26619]  INFO -- : get http://www3.nhk.or.jp/news/easy/k10010353951000/k10010353951000.html
D, [2015-12-28T11:18:39.439581 #26619] DEBUG -- request: User-Agent: "Mozilla/5.0 (Macintosh; Intel Mac OS X 10_9_3) AppleWebKit/537.75.14 (KHTML, like\n Gecko) Version/7.0.3 Safari/7046A194A Safari 6.0"
I, [2015-12-28T11:18:39.505165 #26619]  INFO -- Status: 200
D, [2015-12-28T11:18:39.505252 #26619] DEBUG -- response: server: "Apache"
access-control-allow-origin: "*"
access-control-allow-headers: "Origin, X-Requested-With, Content-Type, Accept"
access-control-allow-methods: "GET, POST"
last-modified: "Sat, 26 Dec 2015 07:51:47 GMT"
etag: "\"12a69fb-3916-527c85801afb6\""
accept-ranges: "bytes"
content-length: "14614"
content-type: "text/html"
date: "Mon, 28 Dec 2015 02:18:39 GMT"
connection: "close"
start read erb, and create html file ....
write /home/matt/20151223/nhk/html/k10010353951000.html start
I, [2015-12-28T11:18:39.521816 #26619]  INFO -- : get http://www3.nhk.or.jp/news/easy/k10010353961000/k10010353961000.html
D, [2015-12-28T11:18:39.521888 #26619] DEBUG -- request: User-Agent: "Mozilla/5.0 (Macintosh; Intel Mac OS X 10_9_3) AppleWebKit/537.75.14 (KHTML, like\n Gecko) Version/7.0.3 Safari/7046A194A Safari 6.0"
I, [2015-12-28T11:18:39.605298 #26619]  INFO -- Status: 200
D, [2015-12-28T11:18:39.605470 #26619] DEBUG -- response: server: "Apache"
access-control-allow-origin: "*"
access-control-allow-headers: "Origin, X-Requested-With, Content-Type, Accept"
access-control-allow-methods: "GET, POST"
last-modified: "Sat, 26 Dec 2015 07:51:48 GMT"
etag: "\"12a6b66-370c-527c85810ed1b\""
accept-ranges: "bytes"
content-length: "14092"
content-type: "text/html"
date: "Mon, 28 Dec 2015 02:18:39 GMT"
connection: "close"
start read erb, and create html file ....
write /home/matt/20151223/nhk/html/k10010353961000.html start
I, [2015-12-28T11:18:39.619720 #26619]  INFO -- : get http://www3.nhk.or.jp/news/easy/k10010353981000/k10010353981000.html
D, [2015-12-28T11:18:39.619793 #26619] DEBUG -- request: User-Agent: "Mozilla/5.0 (Macintosh; Intel Mac OS X 10_9_3) AppleWebKit/537.75.14 (KHTML, like\n Gecko) Version/7.0.3 Safari/7046A194A Safari 6.0"
I, [2015-12-28T11:18:39.670923 #26619]  INFO -- Status: 200
D, [2015-12-28T11:18:39.671010 #26619] DEBUG -- response: server: "Apache"
access-control-allow-origin: "*"
access-control-allow-headers: "Origin, X-Requested-With, Content-Type, Accept"
access-control-allow-methods: "GET, POST"
last-modified: "Sat, 26 Dec 2015 07:51:48 GMT"
etag: "\"89e356-3553-527c85810ed83\""
accept-ranges: "bytes"
content-length: "13651"
content-type: "text/html"
date: "Mon, 28 Dec 2015 02:18:39 GMT"
connection: "close"
start read erb, and create html file ....
write /home/matt/20151223/nhk/html/k10010353981000.html start
I, [2015-12-28T11:18:39.690154 #26619]  INFO -- : get http://www3.nhk.or.jp/news/easy/k10010352321000/k10010352321000.html
D, [2015-12-28T11:18:39.690222 #26619] DEBUG -- request: User-Agent: "Mozilla/5.0 (Macintosh; Intel Mac OS X 10_9_3) AppleWebKit/537.75.14 (KHTML, like\n Gecko) Version/7.0.3 Safari/7046A194A Safari 6.0"
I, [2015-12-28T11:18:39.744020 #26619]  INFO -- Status: 200
D, [2015-12-28T11:18:39.744105 #26619] DEBUG -- response: server: "Apache"
access-control-allow-origin: "*"
access-control-allow-headers: "Origin, X-Requested-With, Content-Type, Accept"
access-control-allow-methods: "GET, POST"
last-modified: "Sat, 26 Dec 2015 07:51:47 GMT"
etag: "\"12a28ae-3b36-527c85801acb6\""
accept-ranges: "bytes"
content-length: "15158"
content-type: "text/html"
date: "Mon, 28 Dec 2015 02:18:39 GMT"
connection: "close"
start read erb, and create html file ....
write /home/matt/20151223/nhk/html/k10010352321000.html start
I, [2015-12-28T11:18:39.753140 #26619]  INFO -- : get http://www3.nhk.or.jp/news/easy/k10010352281000/k10010352281000.html
D, [2015-12-28T11:18:39.753181 #26619] DEBUG -- request: User-Agent: "Mozilla/5.0 (Macintosh; Intel Mac OS X 10_9_3) AppleWebKit/537.75.14 (KHTML, like\n Gecko) Version/7.0.3 Safari/7046A194A Safari 6.0"
I, [2015-12-28T11:18:39.821873 #26619]  INFO -- Status: 200
D, [2015-12-28T11:18:39.821959 #26619] DEBUG -- response: server: "Apache"
access-control-allow-origin: "*"
access-control-allow-headers: "Origin, X-Requested-With, Content-Type, Accept"
access-control-allow-methods: "GET, POST"
last-modified: "Sat, 26 Dec 2015 07:51:46 GMT"
etag: "\"631d65-384a-527c857f26e22\""
accept-ranges: "bytes"
content-length: "14410"
content-type: "text/html"
date: "Mon, 28 Dec 2015 02:18:39 GMT"
connection: "close"
start read erb, and create html file ....
write /home/matt/20151223/nhk/html/k10010352281000.html start
I, [2015-12-28T11:18:39.832570 #26619]  INFO -- : get http://www3.nhk.or.jp/news/easy/k10010350591000/k10010350591000.html
D, [2015-12-28T11:18:39.832613 #26619] DEBUG -- request: User-Agent: "Mozilla/5.0 (Macintosh; Intel Mac OS X 10_9_3) AppleWebKit/537.75.14 (KHTML, like\n Gecko) Version/7.0.3 Safari/7046A194A Safari 6.0"
I, [2015-12-28T11:18:39.883206 #26619]  INFO -- Status: 200
D, [2015-12-28T11:18:39.883334 #26619] DEBUG -- response: server: "Apache"
access-control-allow-origin: "*"
access-control-allow-headers: "Origin, X-Requested-With, Content-Type, Accept"
access-control-allow-methods: "GET, POST"
last-modified: "Sat, 26 Dec 2015 07:51:46 GMT"
etag: "\"1041709-3dc1-527c857f26c49\""
accept-ranges: "bytes"
content-length: "15809"
content-type: "text/html"
date: "Mon, 28 Dec 2015 02:18:39 GMT"
connection: "close"
start read erb, and create html file ....
write /home/matt/20151223/nhk/html/k10010350591000.html start
I, [2015-12-28T11:18:39.899108 #26619]  INFO -- : get http://www3.nhk.or.jp/news/easy/k10010350811000/k10010350811000.html
D, [2015-12-28T11:18:39.899170 #26619] DEBUG -- request: User-Agent: "Mozilla/5.0 (Macintosh; Intel Mac OS X 10_9_3) AppleWebKit/537.75.14 (KHTML, like\n Gecko) Version/7.0.3 Safari/7046A194A Safari 6.0"
I, [2015-12-28T11:18:39.930191 #26619]  INFO -- Status: 200
D, [2015-12-28T11:18:39.930276 #26619] DEBUG -- response: server: "Apache"
access-control-allow-origin: "*"
access-control-allow-headers: "Origin, X-Requested-With, Content-Type, Accept"
access-control-allow-methods: "GET, POST"
last-modified: "Sat, 26 Dec 2015 07:51:46 GMT"
etag: "\"445e94-3cc0-527c857f26d70\""
accept-ranges: "bytes"
content-length: "15552"
content-type: "text/html"
date: "Mon, 28 Dec 2015 02:18:39 GMT"
connection: "close"
start read erb, and create html file ....
write /home/matt/20151223/nhk/html/k10010350811000.html start
write sent list start
end cron job at 2015-12-28
start cron job at 2015-12-28
no new png need create
end cron job at 2015-12-28
start cron job at 2015-12-28
#NHK check this News:->/home/matt/20151223/nhk/png/k10010353891000.png
#NHK check this News:->/home/matt/20151223/nhk/png/k10010353911000.png
#NHK check this News:->/home/matt/20151223/nhk/png/k10010353921000.png
#NHK check this News:->/home/matt/20151223/nhk/png/k10010353931000.png
#NHK check this News:->/home/matt/20151223/nhk/png/k10010353951000.png
#NHK check this News:->/home/matt/20151223/nhk/png/k10010353961000.png
#NHK check this News:->/home/matt/20151223/nhk/png/k10010353981000.png
#NHK check this News:->/home/matt/20151223/nhk/png/k10010352321000.png
#NHK check this News:->/home/matt/20151223/nhk/png/k10010352281000.png
#NHK check this News:->/home/matt/20151223/nhk/png/k10010350591000.png
#NHK check this News:->/home/matt/20151223/nhk/png/k10010350811000.png
end cron job at 2015-12-28
start cron job at 2015-12-28
I, [2015-12-28T11:21:41.251887 #27586]  INFO -- : get http://www3.nhk.or.jp/news/easy/news-list.json
D, [2015-12-28T11:21:41.252023 #27586] DEBUG -- request: User-Agent: "Mozilla/5.0 (Macintosh; Intel Mac OS X 10_9_3) AppleWebKit/537.75.14 (KHTML, like\n Gecko) Version/7.0.3 Safari/7046A194A Safari 6.0"
I, [2015-12-28T11:21:41.372901 #27586]  INFO -- Status: 200
D, [2015-12-28T11:21:41.373046 #27586] DEBUG -- response: server: "Apache"
access-control-allow-origin: "*"
access-control-allow-headers: "Origin, X-Requested-With, Content-Type, Accept"
access-control-allow-methods: "GET, POST"
last-modified: "Sat, 26 Dec 2015 07:51:35 GMT"
etag: "\"11e7cb2-19b14-527c8574a9027\""
accept-ranges: "bytes"
content-length: "105236"
content-type: "application/json"
date: "Mon, 28 Dec 2015 02:21:41 GMT"
connection: "close"
I, [2015-12-28T11:21:41.379204 #27586]  INFO -- : get http://www3.nhk.or.jp/news/easy/k10010353891000/k10010353891000.html
D, [2015-12-28T11:21:41.379247 #27586] DEBUG -- request: User-Agent: "Mozilla/5.0 (Macintosh; Intel Mac OS X 10_9_3) AppleWebKit/537.75.14 (KHTML, like\n Gecko) Version/7.0.3 Safari/7046A194A Safari 6.0"
I, [2015-12-28T11:21:41.410783 #27586]  INFO -- Status: 200
D, [2015-12-28T11:21:41.410869 #27586] DEBUG -- response: server: "Apache"
access-control-allow-origin: "*"
access-control-allow-headers: "Origin, X-Requested-With, Content-Type, Accept"
access-control-allow-methods: "GET, POST"
last-modified: "Sat, 26 Dec 2015 07:51:47 GMT"
etag: "\"1014df6-3b34-527c85801acc1\""
accept-ranges: "bytes"
content-length: "15156"
content-type: "text/html"
date: "Mon, 28 Dec 2015 02:21:41 GMT"
connection: "close"
start read erb, and create html file ....
write /home/matt/20151223/nhk/html/k10010353891000.html start
I, [2015-12-28T11:21:41.433708 #27586]  INFO -- : get http://www3.nhk.or.jp/news/easy/k10010353911000/k10010353911000.html
D, [2015-12-28T11:21:41.433800 #27586] DEBUG -- request: User-Agent: "Mozilla/5.0 (Macintosh; Intel Mac OS X 10_9_3) AppleWebKit/537.75.14 (KHTML, like\n Gecko) Version/7.0.3 Safari/7046A194A Safari 6.0"
I, [2015-12-28T11:21:41.465812 #27586]  INFO -- Status: 200
D, [2015-12-28T11:21:41.465899 #27586] DEBUG -- response: server: "Apache"
access-control-allow-origin: "*"
access-control-allow-headers: "Origin, X-Requested-With, Content-Type, Accept"
access-control-allow-methods: "GET, POST"
last-modified: "Sat, 26 Dec 2015 07:51:47 GMT"
etag: "\"3dc1a9-38d5-527c85801ad1c\""
accept-ranges: "bytes"
content-length: "14549"
content-type: "text/html"
date: "Mon, 28 Dec 2015 02:21:41 GMT"
connection: "close"
start read erb, and create html file ....
write /home/matt/20151223/nhk/html/k10010353911000.html start
I, [2015-12-28T11:21:41.476589 #27586]  INFO -- : get http://www3.nhk.or.jp/news/easy/k10010353921000/k10010353921000.html
D, [2015-12-28T11:21:41.476631 #27586] DEBUG -- request: User-Agent: "Mozilla/5.0 (Macintosh; Intel Mac OS X 10_9_3) AppleWebKit/537.75.14 (KHTML, like\n Gecko) Version/7.0.3 Safari/7046A194A Safari 6.0"
I, [2015-12-28T11:21:41.510043 #27586]  INFO -- Status: 200
D, [2015-12-28T11:21:41.510125 #27586] DEBUG -- response: server: "Apache"
access-control-allow-origin: "*"
access-control-allow-headers: "Origin, X-Requested-With, Content-Type, Accept"
access-control-allow-methods: "GET, POST"
last-modified: "Sat, 26 Dec 2015 07:51:47 GMT"
etag: "\"12a4bef-3794-527c85801ad62\""
accept-ranges: "bytes"
content-length: "14228"
content-type: "text/html"
date: "Mon, 28 Dec 2015 02:21:41 GMT"
connection: "close"
start read erb, and create html file ....
write /home/matt/20151223/nhk/html/k10010353921000.html start
I, [2015-12-28T11:21:41.522518 #27586]  INFO -- : get http://www3.nhk.or.jp/news/easy/k10010353931000/k10010353931000.html
D, [2015-12-28T11:21:41.522562 #27586] DEBUG -- request: User-Agent: "Mozilla/5.0 (Macintosh; Intel Mac OS X 10_9_3) AppleWebKit/537.75.14 (KHTML, like\n Gecko) Version/7.0.3 Safari/7046A194A Safari 6.0"
I, [2015-12-28T11:21:41.553701 #27586]  INFO -- Status: 200
D, [2015-12-28T11:21:41.553771 #27586] DEBUG -- response: server: "Apache"
access-control-allow-origin: "*"
access-control-allow-headers: "Origin, X-Requested-With, Content-Type, Accept"
access-control-allow-methods: "GET, POST"
last-modified: "Sat, 26 Dec 2015 07:51:47 GMT"
etag: "\"12a942f-355f-527c85801af44\""
accept-ranges: "bytes"
content-length: "13663"
content-type: "text/html"
date: "Mon, 28 Dec 2015 02:21:41 GMT"
connection: "close"
start read erb, and create html file ....
write /home/matt/20151223/nhk/html/k10010353931000.html start
I, [2015-12-28T11:21:41.562441 #27586]  INFO -- : get http://www3.nhk.or.jp/news/easy/k10010353951000/k10010353951000.html
D, [2015-12-28T11:21:41.562487 #27586] DEBUG -- request: User-Agent: "Mozilla/5.0 (Macintosh; Intel Mac OS X 10_9_3) AppleWebKit/537.75.14 (KHTML, like\n Gecko) Version/7.0.3 Safari/7046A194A Safari 6.0"
I, [2015-12-28T11:21:41.596622 #27586]  INFO -- Status: 200
D, [2015-12-28T11:21:41.596701 #27586] DEBUG -- response: server: "Apache"
access-control-allow-origin: "*"
access-control-allow-headers: "Origin, X-Requested-With, Content-Type, Accept"
access-control-allow-methods: "GET, POST"
last-modified: "Sat, 26 Dec 2015 07:51:47 GMT"
etag: "\"12a69fb-3916-527c85801afb6\""
accept-ranges: "bytes"
content-length: "14614"
content-type: "text/html"
date: "Mon, 28 Dec 2015 02:21:41 GMT"
connection: "close"
start read erb, and create html file ....
write /home/matt/20151223/nhk/html/k10010353951000.html start
I, [2015-12-28T11:21:41.607103 #27586]  INFO -- : get http://www3.nhk.or.jp/news/easy/k10010353961000/k10010353961000.html
D, [2015-12-28T11:21:41.607147 #27586] DEBUG -- request: User-Agent: "Mozilla/5.0 (Macintosh; Intel Mac OS X 10_9_3) AppleWebKit/537.75.14 (KHTML, like\n Gecko) Version/7.0.3 Safari/7046A194A Safari 6.0"
I, [2015-12-28T11:21:41.652282 #27586]  INFO -- Status: 200
D, [2015-12-28T11:21:41.652364 #27586] DEBUG -- response: server: "Apache"
access-control-allow-origin: "*"
access-control-allow-headers: "Origin, X-Requested-With, Content-Type, Accept"
access-control-allow-methods: "GET, POST"
last-modified: "Sat, 26 Dec 2015 07:51:48 GMT"
etag: "\"12a6b66-370c-527c85810ed1b\""
accept-ranges: "bytes"
content-length: "14092"
content-type: "text/html"
date: "Mon, 28 Dec 2015 02:21:41 GMT"
connection: "close"
start read erb, and create html file ....
write /home/matt/20151223/nhk/html/k10010353961000.html start
I, [2015-12-28T11:21:41.664325 #27586]  INFO -- : get http://www3.nhk.or.jp/news/easy/k10010353981000/k10010353981000.html
D, [2015-12-28T11:21:41.664396 #27586] DEBUG -- request: User-Agent: "Mozilla/5.0 (Macintosh; Intel Mac OS X 10_9_3) AppleWebKit/537.75.14 (KHTML, like\n Gecko) Version/7.0.3 Safari/7046A194A Safari 6.0"
I, [2015-12-28T11:21:41.696469 #27586]  INFO -- Status: 200
D, [2015-12-28T11:21:41.696554 #27586] DEBUG -- response: server: "Apache"
access-control-allow-origin: "*"
access-control-allow-headers: "Origin, X-Requested-With, Content-Type, Accept"
access-control-allow-methods: "GET, POST"
last-modified: "Sat, 26 Dec 2015 07:51:48 GMT"
etag: "\"89e356-3553-527c85810ed83\""
accept-ranges: "bytes"
content-length: "13651"
content-type: "text/html"
date: "Mon, 28 Dec 2015 02:21:41 GMT"
connection: "close"
start read erb, and create html file ....
write /home/matt/20151223/nhk/html/k10010353981000.html start
I, [2015-12-28T11:21:41.704873 #27586]  INFO -- : get http://www3.nhk.or.jp/news/easy/k10010352321000/k10010352321000.html
D, [2015-12-28T11:21:41.704917 #27586] DEBUG -- request: User-Agent: "Mozilla/5.0 (Macintosh; Intel Mac OS X 10_9_3) AppleWebKit/537.75.14 (KHTML, like\n Gecko) Version/7.0.3 Safari/7046A194A Safari 6.0"
I, [2015-12-28T11:21:41.760895 #27586]  INFO -- Status: 200
D, [2015-12-28T11:21:41.760992 #27586] DEBUG -- response: server: "Apache"
access-control-allow-origin: "*"
access-control-allow-headers: "Origin, X-Requested-With, Content-Type, Accept"
access-control-allow-methods: "GET, POST"
last-modified: "Sat, 26 Dec 2015 07:51:47 GMT"
etag: "\"12a28ae-3b36-527c85801acb6\""
accept-ranges: "bytes"
content-length: "15158"
content-type: "text/html"
date: "Mon, 28 Dec 2015 02:21:41 GMT"
connection: "close"
start read erb, and create html file ....
write /home/matt/20151223/nhk/html/k10010352321000.html start
I, [2015-12-28T11:21:41.776231 #27586]  INFO -- : get http://www3.nhk.or.jp/news/easy/k10010352281000/k10010352281000.html
D, [2015-12-28T11:21:41.776289 #27586] DEBUG -- request: User-Agent: "Mozilla/5.0 (Macintosh; Intel Mac OS X 10_9_3) AppleWebKit/537.75.14 (KHTML, like\n Gecko) Version/7.0.3 Safari/7046A194A Safari 6.0"
I, [2015-12-28T11:21:41.817741 #27586]  INFO -- Status: 200
D, [2015-12-28T11:21:41.817831 #27586] DEBUG -- response: server: "Apache"
access-control-allow-origin: "*"
access-control-allow-headers: "Origin, X-Requested-With, Content-Type, Accept"
access-control-allow-methods: "GET, POST"
last-modified: "Sat, 26 Dec 2015 07:51:46 GMT"
etag: "\"631d65-384a-527c857f26e22\""
accept-ranges: "bytes"
content-length: "14410"
content-type: "text/html"
date: "Mon, 28 Dec 2015 02:21:41 GMT"
connection: "close"
start read erb, and create html file ....
write /home/matt/20151223/nhk/html/k10010352281000.html start
I, [2015-12-28T11:21:41.831119 #27586]  INFO -- : get http://www3.nhk.or.jp/news/easy/k10010350591000/k10010350591000.html
D, [2015-12-28T11:21:41.831184 #27586] DEBUG -- request: User-Agent: "Mozilla/5.0 (Macintosh; Intel Mac OS X 10_9_3) AppleWebKit/537.75.14 (KHTML, like\n Gecko) Version/7.0.3 Safari/7046A194A Safari 6.0"
I, [2015-12-28T11:21:41.872076 #27586]  INFO -- Status: 200
D, [2015-12-28T11:21:41.872167 #27586] DEBUG -- response: server: "Apache"
access-control-allow-origin: "*"
access-control-allow-headers: "Origin, X-Requested-With, Content-Type, Accept"
access-control-allow-methods: "GET, POST"
last-modified: "Sat, 26 Dec 2015 07:51:46 GMT"
etag: "\"1041709-3dc1-527c857f26c49\""
accept-ranges: "bytes"
content-length: "15809"
content-type: "text/html"
date: "Mon, 28 Dec 2015 02:21:41 GMT"
connection: "close"
start read erb, and create html file ....
write /home/matt/20151223/nhk/html/k10010350591000.html start
I, [2015-12-28T11:21:41.887079 #27586]  INFO -- : get http://www3.nhk.or.jp/news/easy/k10010350811000/k10010350811000.html
D, [2015-12-28T11:21:41.887148 #27586] DEBUG -- request: User-Agent: "Mozilla/5.0 (Macintosh; Intel Mac OS X 10_9_3) AppleWebKit/537.75.14 (KHTML, like\n Gecko) Version/7.0.3 Safari/7046A194A Safari 6.0"
I, [2015-12-28T11:21:41.930031 #27586]  INFO -- Status: 200
D, [2015-12-28T11:21:41.930116 #27586] DEBUG -- response: server: "Apache"
access-control-allow-origin: "*"
access-control-allow-headers: "Origin, X-Requested-With, Content-Type, Accept"
access-control-allow-methods: "GET, POST"
last-modified: "Sat, 26 Dec 2015 07:51:46 GMT"
etag: "\"445e94-3cc0-527c857f26d70\""
accept-ranges: "bytes"
content-length: "15552"
content-type: "text/html"
date: "Mon, 28 Dec 2015 02:21:41 GMT"
connection: "close"
start read erb, and create html file ....
write /home/matt/20151223/nhk/html/k10010350811000.html start
write sent list start
end cron job at 2015-12-28
start cron job at 2015-12-28
no new png need create
end cron job at 2015-12-28
start cron job at 2015-12-28
0: /home/matt/20151223/nhk/render_multi_url.js
1: k10010353921000,k10010350591000,k10010352281000,k10010353981000,k10010353961000,k10010353911000,k10010353891000,k10010350811000,k10010352321000,k10010353931000,k10010353951000
Allright, let us use phantomjs to capture page....
we get these 11 url to work: k10010353921000,k10010350591000,k10010352281000,k10010353981000,k10010353961000,k10010353911000,k10010353891000,k10010350811000,k10010352321000,k10010353931000,k10010353951000
This is our working home:/home/matt/20151223/nhk
doing ... 0
current left:  11
Rendered '/home/matt/20151223/nhk/html/k10010353921000.html' at '/home/matt/20151223/nhk/png/k10010353921000.png'
doing ... 1
current left:  10
Rendered '/home/matt/20151223/nhk/html/k10010350591000.html' at '/home/matt/20151223/nhk/png/k10010350591000.png'
doing ... 2
current left:  9
Rendered '/home/matt/20151223/nhk/html/k10010352281000.html' at '/home/matt/20151223/nhk/png/k10010352281000.png'
doing ... 3
current left:  8
Rendered '/home/matt/20151223/nhk/html/k10010353981000.html' at '/home/matt/20151223/nhk/png/k10010353981000.png'
doing ... 4
current left:  7
Rendered '/home/matt/20151223/nhk/html/k10010353961000.html' at '/home/matt/20151223/nhk/png/k10010353961000.png'
doing ... 5
current left:  6
Rendered '/home/matt/20151223/nhk/html/k10010353911000.html' at '/home/matt/20151223/nhk/png/k10010353911000.png'
doing ... 6
current left:  5
Rendered '/home/matt/20151223/nhk/html/k10010353891000.html' at '/home/matt/20151223/nhk/png/k10010353891000.png'
doing ... 7
current left:  4
Rendered '/home/matt/20151223/nhk/html/k10010350811000.html' at '/home/matt/20151223/nhk/png/k10010350811000.png'
doing ... 8
current left:  3
Rendered '/home/matt/20151223/nhk/html/k10010352321000.html' at '/home/matt/20151223/nhk/png/k10010352321000.png'
doing ... 9
current left:  2
Rendered '/home/matt/20151223/nhk/html/k10010353931000.html' at '/home/matt/20151223/nhk/png/k10010353931000.png'
doing ... 10
current left:  1
Rendered '/home/matt/20151223/nhk/html/k10010353951000.html' at '/home/matt/20151223/nhk/png/k10010353951000.png'
end cron job at 2015-12-28
start cron job at 2015-12-28
#NHK check this News:->/home/matt/20151223/nhk/png/k10010353891000.png
#NHK check this News:->/home/matt/20151223/nhk/png/k10010353911000.png
#NHK check this News:->/home/matt/20151223/nhk/png/k10010353921000.png
#NHK check this News:->/home/matt/20151223/nhk/png/k10010353931000.png
#NHK check this News:->/home/matt/20151223/nhk/png/k10010353951000.png
#NHK check this News:->/home/matt/20151223/nhk/png/k10010353961000.png
#NHK check this News:->/home/matt/20151223/nhk/png/k10010353981000.png
#NHK check this News:->/home/matt/20151223/nhk/png/k10010352321000.png
#NHK check this News:->/home/matt/20151223/nhk/png/k10010352281000.png
#NHK check this News:->/home/matt/20151223/nhk/png/k10010350591000.png
#NHK check this News:->/home/matt/20151223/nhk/png/k10010350811000.png
end cron job at 2015-12-28
start cron job at 2015-12-28
#NHK check this News:->/home/matt/20151223/nhk/png/k10010353891000.png
