start cron job at 2015-12-31
I, [2015-12-31T09:45:03.103467 #21483]  INFO -- : get http://www3.nhk.or.jp/news/easy/news-list.json
D, [2015-12-31T09:45:03.103571 #21483] DEBUG -- request: User-Agent: "Mozilla/5.0 (Macintosh; Intel Mac OS X 10_9_3) AppleWebKit/537.75.14 (KHTML, like\n Gecko) Version/7.0.3 Safari/7046A194A Safari 6.0"
I, [2015-12-31T09:45:03.429550 #21483]  INFO -- Status: 200
D, [2015-12-31T09:45:03.429700 #21483] DEBUG -- response: server: "Apache"
access-control-allow-origin: "*"
access-control-allow-headers: "Origin, X-Requested-With, Content-Type, Accept"
access-control-allow-methods: "GET, POST"
last-modified: "Sat, 26 Dec 2015 07:51:35 GMT"
etag: "\"11e7cb2-19b14-527c8574a9027\""
accept-ranges: "bytes"
content-length: "105236"
content-type: "application/json"
date: "Thu, 31 Dec 2015 00:45:03 GMT"
connection: "close"
write sent list start
end cron job at 2015-12-31
start cron job at 2015-12-31
no new png need create
end cron job at 2015-12-31
start cron job at 2015-12-31
#NHK check this News:->/home/matt/20151223/nhk/png/k10010303341000.png
#NHK check this News:->/home/matt/20151223/nhk/png/k10010324091000.png
#NHK check this News:->/home/matt/20151223/nhk/png/k10010312521000.png
#NHK check this News:->/home/matt/20151223/nhk/png/k10010322661000.png
end cron job at 2015-12-31
start cron job at 2015-12-31
I, [2015-12-31T17:45:03.521396 #7108]  INFO -- : get http://www3.nhk.or.jp/news/easy/news-list.json
D, [2015-12-31T17:45:03.522346 #7108] DEBUG -- request: User-Agent: "Mozilla/5.0 (Macintosh; Intel Mac OS X 10_9_3) AppleWebKit/537.75.14 (KHTML, like\n Gecko) Version/7.0.3 Safari/7046A194A Safari 6.0"
I, [2015-12-31T17:45:03.667904 #7108]  INFO -- Status: 200
D, [2015-12-31T17:45:03.668008 #7108] DEBUG -- response: server: "Apache"
access-control-allow-origin: "*"
access-control-allow-headers: "Origin, X-Requested-With, Content-Type, Accept"
access-control-allow-methods: "GET, POST"
last-modified: "Sat, 26 Dec 2015 07:51:35 GMT"
etag: "\"11e7cb2-19b14-527c8574a9027\""
accept-ranges: "bytes"
content-length: "105236"
content-type: "application/json"
date: "Thu, 31 Dec 2015 08:45:03 GMT"
connection: "close"
write sent list start
end cron job at 2015-12-31
start cron job at 2015-12-31
no new png need create
end cron job at 2015-12-31
start cron job at 2015-12-31
#NHK check this News:->/home/matt/20151223/nhk/png/k10010303181000.png
#NHK check this News:->/home/matt/20151223/nhk/png/k10010300691000.png
#NHK check this News:->/home/matt/20151223/nhk/png/k10010335961000.png
#NHK check this News:->/home/matt/20151223/nhk/png/k10010325861000.png
end cron job at 2015-12-31
