start cron job at 2015-12-11
no new png need create
I, [2015-12-11T17:43:42.945938 #25583]  INFO -- : get http://www3.nhk.or.jp/news/easy/news-list.json
D, [2015-12-11T17:43:42.948029 #25583] DEBUG -- request: User-Agent: "Mozilla/5.0 (Macintosh; Intel Mac OS X 10_9_3) AppleWebKit/537.75.14 (KHTML, like\n Gecko) Version/7.0.3 Safari/7046A194A Safari 6.0"
I, [2015-12-11T17:43:42.969339 #25583]  INFO -- Status: 200
D, [2015-12-11T17:43:42.969445 #25583] DEBUG -- response: server: "Apache"
access-control-allow-origin: "*"
access-control-allow-headers: "Origin, X-Requested-With, Content-Type, Accept"
access-control-allow-methods: "GET, POST"
last-modified: "Fri, 11 Dec 2015 06:24:05 GMT"
etag: "\"12a4b0d-1b3d2-526995ebf4c8e\""
accept-ranges: "bytes"
content-length: "111570"
content-type: "application/json"
date: "Fri, 11 Dec 2015 08:43:42 GMT"
connection: "close"
write sent list start
#JLPT #NHK check this News:->/home/matt/20151211/nhk/k10010326291000.png
#JLPT #NHK check this News:->/home/matt/20151211/nhk/k10010327491000.png
#JLPT #NHK check this News:->/home/matt/20151211/nhk/k10010326301000.png
#JLPT #NHK check this News:->/home/matt/20151211/nhk/k10010312511000.png
end cron job at 2015-12-11
start cron job at 2015-12-11
no new png need create
I, [2015-12-11T18:00:05.063803 #30599]  INFO -- : get http://www3.nhk.or.jp/news/easy/news-list.json
D, [2015-12-11T18:00:05.063935 #30599] DEBUG -- request: User-Agent: "Mozilla/5.0 (Macintosh; Intel Mac OS X 10_9_3) AppleWebKit/537.75.14 (KHTML, like\n Gecko) Version/7.0.3 Safari/7046A194A Safari 6.0"
I, [2015-12-11T18:00:05.100263 #30599]  INFO -- Status: 200
D, [2015-12-11T18:00:05.100406 #30599] DEBUG -- response: server: "Apache"
access-control-allow-origin: "*"
access-control-allow-headers: "Origin, X-Requested-With, Content-Type, Accept"
access-control-allow-methods: "GET, POST"
last-modified: "Fri, 11 Dec 2015 06:24:05 GMT"
etag: "\"12a4b0d-1b3d2-526995ebf4c8e\""
accept-ranges: "bytes"
content-length: "111570"
content-type: "application/json"
date: "Fri, 11 Dec 2015 09:00:05 GMT"
connection: "close"
write sent list start
#JLPT check this News:->/home/matt/20151211/nhk/k10010308891000.png
#JLPT check this News:->/home/matt/20151211/nhk/k10010307061000.png
#JLPT check this News:->/home/matt/20151211/nhk/k10010324471000.png
#JLPT check this News:->/home/matt/20151211/nhk/k10010326121000.png
end cron job at 2015-12-11
start cron job at 2015-12-11
no new png need create
I, [2015-12-11T22:00:05.136734 #26247]  INFO -- : get http://www3.nhk.or.jp/news/easy/news-list.json
D, [2015-12-11T22:00:05.136919 #26247] DEBUG -- request: User-Agent: "Mozilla/5.0 (Macintosh; Intel Mac OS X 10_9_3) AppleWebKit/537.75.14 (KHTML, like\n Gecko) Version/7.0.3 Safari/7046A194A Safari 6.0"
I, [2015-12-11T22:00:05.194069 #26247]  INFO -- Status: 200
D, [2015-12-11T22:00:05.194193 #26247] DEBUG -- response: server: "Apache"
access-control-allow-origin: "*"
access-control-allow-headers: "Origin, X-Requested-With, Content-Type, Accept"
access-control-allow-methods: "GET, POST"
last-modified: "Fri, 11 Dec 2015 06:24:05 GMT"
etag: "\"12a4b0d-1b3d2-526995ebf4c8e\""
accept-ranges: "bytes"
content-length: "111570"
content-type: "application/json"
date: "Fri, 11 Dec 2015 13:00:05 GMT"
connection: "close"
write sent list start
#JLPT check this News:->/home/matt/20151211/nhk/k10010312511000.png
#JLPT check this News:->/home/matt/20151211/nhk/k10010308911000.png
#JLPT check this News:->/home/matt/20151211/nhk/k10010324471000.png
#JLPT check this News:->/home/matt/20151211/nhk/k10010324041000.png
end cron job at 2015-12-11
start cron job at 2015-12-11
no new png need create
I, [2015-12-11T23:22:47.101500 #14997]  INFO -- : get http://www3.nhk.or.jp/news/easy/news-list.json
D, [2015-12-11T23:22:47.101605 #14997] DEBUG -- request: User-Agent: "Mozilla/5.0 (Macintosh; Intel Mac OS X 10_9_3) AppleWebKit/537.75.14 (KHTML, like\n Gecko) Version/7.0.3 Safari/7046A194A Safari 6.0"
I, [2015-12-11T23:22:47.148026 #14997]  INFO -- Status: 200
D, [2015-12-11T23:22:47.148114 #14997] DEBUG -- response: server: "Apache"
access-control-allow-origin: "*"
access-control-allow-headers: "Origin, X-Requested-With, Content-Type, Accept"
access-control-allow-methods: "GET, POST"
last-modified: "Fri, 11 Dec 2015 06:24:05 GMT"
etag: "\"12a4b0d-1b3d2-526995ebf4c8e\""
accept-ranges: "bytes"
content-length: "111570"
content-type: "application/json"
date: "Fri, 11 Dec 2015 14:22:47 GMT"
connection: "close"
write sent list start
#NHK check this News:->/home/matt/20151211/nhk/k10010308901000.png
#NHK check this News:->/home/matt/20151211/nhk/k10010303981000.png
#NHK check this News:->/home/matt/20151211/nhk/k10010311711000.png
#NHK check this News:->/home/matt/20151211/nhk/k10010323851000.png
end cron job at 2015-12-11
