start cron job at 2016-01-14
start read erb template html file ....
End read erb template html file ....
render start ...
incompatible character encodings: ASCII-8BIT and UTF-8
k10010368871000
write sent list start
end cron job at 2016-01-14
start cron job at 2016-01-14
no new png need create
end cron job at 2016-01-14
start cron job at 2016-01-14
#NHK check this News:->/home/matt/20151223/nhk/png/k10010368871000.png
end cron job at 2016-01-14
start cron job at 2016-01-14
start read erb template html file ....
End read erb template html file ....
render start ...
render over, get result
get html file location finish
start to write the html file
write /home/matt/20151223/nhk/html/k10010368871000.html start
start read erb template html file ....
End read erb template html file ....
render start ...
render over, get result
get html file location finish
start to write the html file
write /home/matt/20151223/nhk/html/k10010368461000.html start
start read erb template html file ....
End read erb template html file ....
render start ...
render over, get result
get html file location finish
start to write the html file
write /home/matt/20151223/nhk/html/k10010367581000.html start
start read erb template html file ....
End read erb template html file ....
render start ...
render over, get result
get html file location finish
start to write the html file
write /home/matt/20151223/nhk/html/k10010368061000.html start
k10010368871000
k10010368461000
k10010367581000
k10010368061000
write sent list start
end cron job at 2016-01-14
start cron job at 2016-01-14
0: /home/matt/20151223/nhk/render_multi_url.js
1: k10010368061000,k10010368871000,k10010367581000,k10010368461000
Allright, let us use phantomjs to capture page....
we get these 4 url to work: k10010368061000,k10010368871000,k10010367581000,k10010368461000
This is our working home:/home/matt/20151223/nhk
doing ... 0
current left:  4
Rendered '/home/matt/20151223/nhk/html/k10010368061000.html' at '/home/matt/20151223/nhk/png/k10010368061000.png'
doing ... 1
current left:  3
Rendered '/home/matt/20151223/nhk/html/k10010368871000.html' at '/home/matt/20151223/nhk/png/k10010368871000.png'
doing ... 2
current left:  2
Rendered '/home/matt/20151223/nhk/html/k10010367581000.html' at '/home/matt/20151223/nhk/png/k10010367581000.png'
doing ... 3
current left:  1
Rendered '/home/matt/20151223/nhk/html/k10010368461000.html' at '/home/matt/20151223/nhk/png/k10010368461000.png'
end cron job at 2016-01-14
start cron job at 2016-01-14
no new png need create
end cron job at 2016-01-14
start cron job at 2016-01-14
#NHK check this News:->/home/matt/20151223/nhk/png/k10010368871000.png
#NHK check this News:->/home/matt/20151223/nhk/png/k10010368461000.png
#NHK check this News:->/home/matt/20151223/nhk/png/k10010367581000.png
#NHK check this News:->/home/matt/20151223/nhk/png/k10010368061000.png
end cron job at 2016-01-14
start cron job at 2016-01-14
start read erb template html file ....
End read erb template html file ....
render start ...
incompatible character encodings: ASCII-8BIT and UTF-8
k10010369941000
write sent list start
end cron job at 2016-01-14
start cron job at 2016-01-14
no new png need create
end cron job at 2016-01-14
start cron job at 2016-01-14
#NHK check this News:->/home/matt/20151223/nhk/png/k10010369941000.png
end cron job at 2016-01-14
