start cron job at 2016-01-17
k10010326011000
k10010353951000
k10010363931000
k10010333491000
write sent list start
end cron job at 2016-01-17
start cron job at 2016-01-17
no new png need create
end cron job at 2016-01-17
start cron job at 2016-01-17
#NHK check this News:->/home/matt/20151223/nhk/png/k10010326011000.png
#NHK check this News:->/home/matt/20151223/nhk/png/k10010353951000.png
#NHK check this News:->/home/matt/20151223/nhk/png/k10010363931000.png
#NHK check this News:->/home/matt/20151223/nhk/png/k10010333491000.png
end cron job at 2016-01-17
start cron job at 2016-01-17
k10010311711000
k10010364861000
k10010301271000
k10010303341000
write sent list start
end cron job at 2016-01-17
start cron job at 2016-01-17
no new png need create
end cron job at 2016-01-17
start cron job at 2016-01-17
#NHK check this News:->/home/matt/20151223/nhk/png/k10010311711000.png
#NHK check this News:->/home/matt/20151223/nhk/png/k10010364861000.png
#NHK check this News:->/home/matt/20151223/nhk/png/k10010301271000.png
#NHK check this News:->/home/matt/20151223/nhk/png/k10010303341000.png
end cron job at 2016-01-17
