start cron job at 2016-01-16
k10010370361000
k10010362601000
k10010364111000
k10010328971000
write sent list start
end cron job at 2016-01-16
start cron job at 2016-01-16
no new png need create
end cron job at 2016-01-16
start cron job at 2016-01-16
#NHK check this News:->/home/matt/20151223/nhk/png/k10010370361000.png
#NHK check this News:->/home/matt/20151223/nhk/png/k10010362601000.png
#NHK check this News:->/home/matt/20151223/nhk/png/k10010364111000.png
#NHK check this News:->/home/matt/20151223/nhk/png/k10010328971000.png
end cron job at 2016-01-16
start cron job at 2016-01-16
k10010309701000
k10010317761000
k10010353981000
k10010347961000
write sent list start
end cron job at 2016-01-16
start cron job at 2016-01-16
no new png need create
end cron job at 2016-01-16
start cron job at 2016-01-16
#NHK check this News:->/home/matt/20151223/nhk/png/k10010309701000.png
#NHK check this News:->/home/matt/20151223/nhk/png/k10010317761000.png
#NHK check this News:->/home/matt/20151223/nhk/png/k10010353981000.png
#NHK check this News:->/home/matt/20151223/nhk/png/k10010347961000.png
end cron job at 2016-01-16
