start cron job at 2016-01-05
I, [2016-01-05T09:45:03.486916 #13362]  INFO -- : get http://www3.nhk.or.jp/news/easy/news-list.json
D, [2016-01-05T09:45:03.487103 #13362] DEBUG -- request: User-Agent: "Mozilla/5.0 (Macintosh; Intel Mac OS X 10_9_3) AppleWebKit/537.75.14 (KHTML, like\n Gecko) Version/7.0.3 Safari/7046A194A Safari 6.0"
I, [2016-01-05T09:45:03.533764 #13362]  INFO -- Status: 200
D, [2016-01-05T09:45:03.533855 #13362] DEBUG -- response: server: "Apache"
access-control-allow-origin: "*"
access-control-allow-headers: "Origin, X-Requested-With, Content-Type, Accept"
access-control-allow-methods: "GET, POST"
last-modified: "Mon, 04 Jan 2016 09:16:13 GMT"
etag: "\"35bb3d-15a22-5287e92891169\""
accept-ranges: "bytes"
content-length: "88610"
content-type: "application/json"
date: "Tue, 05 Jan 2016 00:45:03 GMT"
connection: "close"
I, [2016-01-05T09:45:03.540597 #13362]  INFO -- : get http://www3.nhk.or.jp/news/easy/k10010360121000/k10010360121000.html
D, [2016-01-05T09:45:03.540660 #13362] DEBUG -- request: User-Agent: "Mozilla/5.0 (Macintosh; Intel Mac OS X 10_9_3) AppleWebKit/537.75.14 (KHTML, like\n Gecko) Version/7.0.3 Safari/7046A194A Safari 6.0"
I, [2016-01-05T09:45:03.743936 #13362]  INFO -- Status: 200
D, [2016-01-05T09:45:03.744023 #13362] DEBUG -- response: server: "Apache"
access-control-allow-origin: "*"
access-control-allow-headers: "Origin, X-Requested-With, Content-Type, Accept"
access-control-allow-methods: "GET, POST"
last-modified: "Mon, 04 Jan 2016 09:16:26 GMT"
etag: "\"12aaff6-3a0d-5287e934f6f02\""
accept-ranges: "bytes"
content-length: "14861"
content-type: "text/html"
date: "Tue, 05 Jan 2016 00:45:03 GMT"
connection: "close"
start read erb, and create html file ....
incompatible character encodings: ASCII-8BIT and UTF-8
write sent list start
end cron job at 2016-01-05
start cron job at 2016-01-05
no new png need create
end cron job at 2016-01-05
start cron job at 2016-01-05
#NHK check this News:->/home/matt/20151223/nhk/png/k10010360121000.png
end cron job at 2016-01-05
start cron job at 2016-01-05
I, [2016-01-05T17:45:02.939065 #15633]  INFO -- : get http://www3.nhk.or.jp/news/easy/news-list.json
D, [2016-01-05T17:45:02.939185 #15633] DEBUG -- request: User-Agent: "Mozilla/5.0 (Macintosh; Intel Mac OS X 10_9_3) AppleWebKit/537.75.14 (KHTML, like\n Gecko) Version/7.0.3 Safari/7046A194A Safari 6.0"
I, [2016-01-05T17:45:02.964316 #15633]  INFO -- Status: 200
D, [2016-01-05T17:45:02.964409 #15633] DEBUG -- response: server: "Apache"
access-control-allow-origin: "*"
access-control-allow-headers: "Origin, X-Requested-With, Content-Type, Accept"
access-control-allow-methods: "GET, POST"
last-modified: "Tue, 05 Jan 2016 07:05:50 GMT"
etag: "\"35b42d-1752e-52890de16ef99\""
accept-ranges: "bytes"
content-length: "95534"
content-type: "application/json"
date: "Tue, 05 Jan 2016 08:45:02 GMT"
connection: "close"
I, [2016-01-05T17:45:02.970733 #15633]  INFO -- : get http://www3.nhk.or.jp/news/easy/k10010359471000/k10010359471000.html
D, [2016-01-05T17:45:02.970780 #15633] DEBUG -- request: User-Agent: "Mozilla/5.0 (Macintosh; Intel Mac OS X 10_9_3) AppleWebKit/537.75.14 (KHTML, like\n Gecko) Version/7.0.3 Safari/7046A194A Safari 6.0"
I, [2016-01-05T17:45:02.984520 #15633]  INFO -- Status: 200
D, [2016-01-05T17:45:02.984602 #15633] DEBUG -- response: server: "Apache"
access-control-allow-origin: "*"
access-control-allow-headers: "Origin, X-Requested-With, Content-Type, Accept"
access-control-allow-methods: "GET, POST"
last-modified: "Tue, 05 Jan 2016 07:06:13 GMT"
etag: "\"aecb77-3b6c-52890df75e541\""
accept-ranges: "bytes"
content-length: "15212"
content-type: "text/html"
date: "Tue, 05 Jan 2016 08:45:02 GMT"
connection: "close"
start read erb, and create html file ....
incompatible character encodings: ASCII-8BIT and UTF-8
write sent list start
end cron job at 2016-01-05
start cron job at 2016-01-05
no new png need create
end cron job at 2016-01-05
start cron job at 2016-01-05
#NHK check this News:->/home/matt/20151223/nhk/png/k10010359471000.png
end cron job at 2016-01-05
