start cron job at 2016-01-21
k10010311141000
k10010320161000
k10010306881000
k10010362921000
write sent list start
end cron job at 2016-01-21
start cron job at 2016-01-21
no new png need create
end cron job at 2016-01-21
start cron job at 2016-01-21
#NHK check this News:->/home/matt/20151223/nhk/png/k10010311141000.png
#NHK check this News:->/home/matt/20151223/nhk/png/k10010320161000.png
#NHK check this News:->/home/matt/20151223/nhk/png/k10010306881000.png
#NHK check this News:->/home/matt/20151223/nhk/png/k10010362921000.png
end cron job at 2016-01-21
start cron job at 2016-01-21
Step 1 to get all new news
k10010369801000
k10010368061000
k10010320161000
k10010377631000
write sent list start
Step 1 end
start cron job at 2016-01-21
Step2 start
no new png need create
End step 2
start cron job at 2016-01-21
Step 3 start
#NHK check this News:->/home/matt/20151223/nhk/png/k10010369801000.png
#NHK check this News:->/home/matt/20151223/nhk/png/k10010368061000.png
#NHK check this News:->/home/matt/20151223/nhk/png/k10010320161000.png
#NHK check this News:->/home/matt/20151223/nhk/png/k10010377631000.png
Step3 end
start cron job at 
Step 1 to get all new news
k10010332491000
k10010342531000
k10010347301000
k10010302831000
write sent list start
Step 1 end
Step2 start
no new png need create
End step 2
start cron job at 
Step 1 to get all new news
k10010343861000
k10010350591000
k10010362601000
k10010303341000
write sent list start
Step 1 end
