start cron job at 2016-01-20
k10010374851000
k10010307311000
k10010371331000
k10010351821000
write sent list start
end cron job at 2016-01-20
start cron job at 2016-01-20
no new png need create
end cron job at 2016-01-20
start cron job at 2016-01-20
#NHK check this News:->/home/matt/20151223/nhk/png/k10010374851000.png
#NHK check this News:->/home/matt/20151223/nhk/png/k10010307311000.png
#NHK check this News:->/home/matt/20151223/nhk/png/k10010371331000.png
#NHK check this News:->/home/matt/20151223/nhk/png/k10010351821000.png
end cron job at 2016-01-20
start cron job at 2016-01-20
start read erb template html file ....
End read erb template html file ....
render start ...
render over, get result
get html file location finish
start to write the html file
write /home/matt/20151223/nhk/html/k10010378371000.html start
start read erb template html file ....
End read erb template html file ....
render start ...
render over, get result
get html file location finish
start to write the html file
write /home/matt/20151223/nhk/html/k10010377931000.html start
start read erb template html file ....
End read erb template html file ....
render start ...
render over, get result
get html file location finish
start to write the html file
write /home/matt/20151223/nhk/html/k10010377631000.html start
start read erb template html file ....
End read erb template html file ....
render start ...
render over, get result
get html file location finish
start to write the html file
write /home/matt/20151223/nhk/html/k10010377161000.html start
start read erb template html file ....
End read erb template html file ....
render start ...
render over, get result
get html file location finish
start to write the html file
write /home/matt/20151223/nhk/html/k10010377151000.html start
k10010378371000
k10010377931000
k10010377631000
k10010377161000
k10010377151000
write sent list start
end cron job at 2016-01-20
start cron job at 2016-01-20
0: /home/matt/20151223/nhk/render_multi_url.js
1: k10010377931000,k10010378371000,k10010377161000,k10010377631000,k10010377151000
Allright, let us use phantomjs to capture page....
we get these 5 url to work: k10010377931000,k10010378371000,k10010377161000,k10010377631000,k10010377151000
This is our working home:/home/matt/20151223/nhk
doing ... 0
current left:  5
Rendered '/home/matt/20151223/nhk/html/k10010377931000.html' at '/home/matt/20151223/nhk/png/k10010377931000.png'
doing ... 1
current left:  4
Rendered '/home/matt/20151223/nhk/html/k10010378371000.html' at '/home/matt/20151223/nhk/png/k10010378371000.png'
doing ... 2
current left:  3
Rendered '/home/matt/20151223/nhk/html/k10010377161000.html' at '/home/matt/20151223/nhk/png/k10010377161000.png'
doing ... 3
current left:  2
Rendered '/home/matt/20151223/nhk/html/k10010377631000.html' at '/home/matt/20151223/nhk/png/k10010377631000.png'
doing ... 4
current left:  1
Rendered '/home/matt/20151223/nhk/html/k10010377151000.html' at '/home/matt/20151223/nhk/png/k10010377151000.png'
end cron job at 2016-01-20
start cron job at 2016-01-20
#NHK check this News:->/home/matt/20151223/nhk/png/k10010378371000.png
#NHK check this News:->/home/matt/20151223/nhk/png/k10010377931000.png
#NHK check this News:->/home/matt/20151223/nhk/png/k10010377631000.png
#NHK check this News:->/home/matt/20151223/nhk/png/k10010377161000.png
#NHK check this News:->/home/matt/20151223/nhk/png/k10010377151000.png
end cron job at 2016-01-20
