start cron job at 2016-01-07
I, [2016-01-07T09:45:02.943227 #29404]  INFO -- : get http://www3.nhk.or.jp/news/easy/news-list.json
D, [2016-01-07T09:45:02.943356 #29404] DEBUG -- request: User-Agent: "Mozilla/5.0 (Macintosh; Intel Mac OS X 10_9_3) AppleWebKit/537.75.14 (KHTML, like\n Gecko) Version/7.0.3 Safari/7046A194A Safari 6.0"
I, [2016-01-07T09:45:03.096282 #29404]  INFO -- Status: 200
D, [2016-01-07T09:45:03.096402 #29404] DEBUG -- response: server: "Apache"
access-control-allow-origin: "*"
access-control-allow-headers: "Origin, X-Requested-With, Content-Type, Accept"
access-control-allow-methods: "GET, POST"
last-modified: "Wed, 06 Jan 2016 07:08:32 GMT"
etag: "\"375ff6-18764-528a505963c0c\""
accept-ranges: "bytes"
content-length: "100196"
content-type: "application/json"
date: "Thu, 07 Jan 2016 00:45:03 GMT"
connection: "close"
I, [2016-01-07T09:45:03.104077 #29404]  INFO -- : get http://www3.nhk.or.jp/news/easy/k10010361851000/k10010361851000.html
D, [2016-01-07T09:45:03.104140 #29404] DEBUG -- request: User-Agent: "Mozilla/5.0 (Macintosh; Intel Mac OS X 10_9_3) AppleWebKit/537.75.14 (KHTML, like\n Gecko) Version/7.0.3 Safari/7046A194A Safari 6.0"
I, [2016-01-07T09:45:03.245547 #29404]  INFO -- Status: 200
D, [2016-01-07T09:45:03.245675 #29404] DEBUG -- response: server: "Apache"
access-control-allow-origin: "*"
access-control-allow-headers: "Origin, X-Requested-With, Content-Type, Accept"
access-control-allow-methods: "GET, POST"
last-modified: "Wed, 06 Jan 2016 07:08:46 GMT"
etag: "\"631d47-31e4-528a5066bdd6c\""
accept-ranges: "bytes"
content-length: "12772"
content-type: "text/html"
date: "Thu, 07 Jan 2016 00:45:03 GMT"
connection: "close"
start read erb template html file ....
reander over, get result
incompatible character encodings: ASCII-8BIT and UTF-8
write sent list start
end cron job at 2016-01-07
start cron job at 2016-01-07
no new png need create
end cron job at 2016-01-07
start cron job at 2016-01-07
#NHK check this News:->/home/matt/20151223/nhk/png/k10010361851000.png
end cron job at 2016-01-07
start cron job at 2016-01-07
I, [2016-01-07T15:15:47.382999 #22865]  INFO -- : get http://www3.nhk.or.jp/news/easy/news-list.json
D, [2016-01-07T15:15:47.384090 #22865] DEBUG -- request: User-Agent: "Mozilla/5.0 (Macintosh; Intel Mac OS X 10_9_3) AppleWebKit/537.75.14 (KHTML, like\n Gecko) Version/7.0.3 Safari/7046A194A Safari 6.0"
I, [2016-01-07T15:15:47.557867 #22865]  INFO -- Status: 200
D, [2016-01-07T15:15:47.557953 #22865] DEBUG -- response: server: "Apache"
access-control-allow-origin: "*"
access-control-allow-headers: "Origin, X-Requested-With, Content-Type, Accept"
access-control-allow-methods: "GET, POST"
last-modified: "Thu, 07 Jan 2016 02:29:32 GMT"
etag: "\"b863c7-190a3-528b53da57b32\""
accept-ranges: "bytes"
content-length: "102563"
content-type: "application/json"
date: "Thu, 07 Jan 2016 06:15:47 GMT"
connection: "close"
I, [2016-01-07T15:15:47.563810 #22865]  INFO -- : get http://www3.nhk.or.jp/news/easy/k10010361551000/k10010361551000.html
D, [2016-01-07T15:15:47.563868 #22865] DEBUG -- request: User-Agent: "Mozilla/5.0 (Macintosh; Intel Mac OS X 10_9_3) AppleWebKit/537.75.14 (KHTML, like\n Gecko) Version/7.0.3 Safari/7046A194A Safari 6.0"
I, [2016-01-07T15:15:47.632006 #22865]  INFO -- Status: 200
D, [2016-01-07T15:15:47.632097 #22865] DEBUG -- response: server: "Apache"
access-control-allow-origin: "*"
access-control-allow-headers: "Origin, X-Requested-With, Content-Type, Accept"
access-control-allow-methods: "GET, POST"
last-modified: "Thu, 07 Jan 2016 02:29:45 GMT"
etag: "\"12ae13c-31ff-528b53e6bdd03\""
accept-ranges: "bytes"
content-length: "12799"
content-type: "text/html"
date: "Thu, 07 Jan 2016 06:15:47 GMT"
connection: "close"
start read erb template html file ....
reander over, get result
get html file location finish
start to write the html file
write /home/matt/20151223/nhk/html/k10010361551000.html start
I, [2016-01-07T15:15:47.647537 #22865]  INFO -- : get http://www3.nhk.or.jp/news/easy/k10010361271000/k10010361271000.html
D, [2016-01-07T15:15:47.647611 #22865] DEBUG -- request: User-Agent: "Mozilla/5.0 (Macintosh; Intel Mac OS X 10_9_3) AppleWebKit/537.75.14 (KHTML, like\n Gecko) Version/7.0.3 Safari/7046A194A Safari 6.0"
I, [2016-01-07T15:15:47.781735 #22865]  INFO -- Status: 200
D, [2016-01-07T15:15:47.781823 #22865] DEBUG -- response: server: "Apache"
access-control-allow-origin: "*"
access-control-allow-headers: "Origin, X-Requested-With, Content-Type, Accept"
access-control-allow-methods: "GET, POST"
last-modified: "Thu, 07 Jan 2016 02:29:45 GMT"
etag: "\"632e8c-33e9-528b53e6bdadc\""
accept-ranges: "bytes"
content-length: "13289"
content-type: "text/html"
date: "Thu, 07 Jan 2016 06:15:47 GMT"
connection: "close"
start read erb template html file ....
reander over, get result
get html file location finish
start to write the html file
write /home/matt/20151223/nhk/html/k10010361271000.html start
I, [2016-01-07T15:15:47.788452 #22865]  INFO -- : get http://www3.nhk.or.jp/news/easy/k10010361851000/k10010361851000.html
D, [2016-01-07T15:15:47.788501 #22865] DEBUG -- request: User-Agent: "Mozilla/5.0 (Macintosh; Intel Mac OS X 10_9_3) AppleWebKit/537.75.14 (KHTML, like\n Gecko) Version/7.0.3 Safari/7046A194A Safari 6.0"
I, [2016-01-07T15:15:47.929127 #22865]  INFO -- Status: 200
D, [2016-01-07T15:15:47.929213 #22865] DEBUG -- response: server: "Apache"
access-control-allow-origin: "*"
access-control-allow-headers: "Origin, X-Requested-With, Content-Type, Accept"
access-control-allow-methods: "GET, POST"
last-modified: "Thu, 07 Jan 2016 02:29:46 GMT"
etag: "\"632010-31e4-528b53e7b1ae7\""
accept-ranges: "bytes"
content-length: "12772"
content-type: "text/html"
date: "Thu, 07 Jan 2016 06:15:47 GMT"
connection: "close"
start read erb template html file ....
reander over, get result
get html file location finish
start to write the html file
write /home/matt/20151223/nhk/html/k10010361851000.html start
I, [2016-01-07T15:15:47.939920 #22865]  INFO -- : get http://www3.nhk.or.jp/news/easy/k10010361781000/k10010361781000.html
D, [2016-01-07T15:15:47.939964 #22865] DEBUG -- request: User-Agent: "Mozilla/5.0 (Macintosh; Intel Mac OS X 10_9_3) AppleWebKit/537.75.14 (KHTML, like\n Gecko) Version/7.0.3 Safari/7046A194A Safari 6.0"
I, [2016-01-07T15:15:48.262674 #22865]  INFO -- Status: 200
D, [2016-01-07T15:15:48.262762 #22865] DEBUG -- response: server: "Apache"
access-control-allow-origin: "*"
access-control-allow-headers: "Origin, X-Requested-With, Content-Type, Accept"
access-control-allow-methods: "GET, POST"
last-modified: "Thu, 07 Jan 2016 02:29:46 GMT"
etag: "\"633168-3a1f-528b53e7b1ace\""
accept-ranges: "bytes"
content-length: "14879"
content-type: "text/html"
date: "Thu, 07 Jan 2016 06:15:48 GMT"
connection: "close"
start read erb template html file ....
reander over, get result
get html file location finish
start to write the html file
write /home/matt/20151223/nhk/html/k10010361781000.html start
I, [2016-01-07T15:15:48.276135 #22865]  INFO -- : get http://www3.nhk.or.jp/news/easy/k10010361561000/k10010361561000.html
D, [2016-01-07T15:15:48.276206 #22865] DEBUG -- request: User-Agent: "Mozilla/5.0 (Macintosh; Intel Mac OS X 10_9_3) AppleWebKit/537.75.14 (KHTML, like\n Gecko) Version/7.0.3 Safari/7046A194A Safari 6.0"
I, [2016-01-07T15:15:48.446336 #22865]  INFO -- Status: 200
D, [2016-01-07T15:15:48.446433 #22865] DEBUG -- response: server: "Apache"
access-control-allow-origin: "*"
access-control-allow-headers: "Origin, X-Requested-With, Content-Type, Accept"
access-control-allow-methods: "GET, POST"
last-modified: "Thu, 07 Jan 2016 02:29:46 GMT"
etag: "\"12a3f6c-3655-528b53e7b1a9d\""
accept-ranges: "bytes"
content-length: "13909"
content-type: "text/html"
date: "Thu, 07 Jan 2016 06:15:48 GMT"
connection: "close"
start read erb template html file ....
reander over, get result
get html file location finish
start to write the html file
write /home/matt/20151223/nhk/html/k10010361561000.html start
write sent list start
end cron job at 2016-01-07
start cron job at 2016-01-07
0: /home/matt/20151223/nhk/render_multi_url.js
1: k10010361781000,k10010361561000,k10010361551000,k10010361271000,k10010361851000
Allright, let us use phantomjs to capture page....
we get these 5 url to work: k10010361781000,k10010361561000,k10010361551000,k10010361271000,k10010361851000
This is our working home:/home/matt/20151223/nhk
doing ... 0
current left:  5
Rendered '/home/matt/20151223/nhk/html/k10010361781000.html' at '/home/matt/20151223/nhk/png/k10010361781000.png'
doing ... 1
current left:  4
Rendered '/home/matt/20151223/nhk/html/k10010361561000.html' at '/home/matt/20151223/nhk/png/k10010361561000.png'
doing ... 2
current left:  3
Rendered '/home/matt/20151223/nhk/html/k10010361551000.html' at '/home/matt/20151223/nhk/png/k10010361551000.png'
doing ... 3
current left:  2
Rendered '/home/matt/20151223/nhk/html/k10010361271000.html' at '/home/matt/20151223/nhk/png/k10010361271000.png'
doing ... 4
current left:  1
Rendered '/home/matt/20151223/nhk/html/k10010361851000.html' at '/home/matt/20151223/nhk/png/k10010361851000.png'
end cron job at 2016-01-07
start cron job at 2016-01-07
#NHK check this News:->/home/matt/20151223/nhk/png/k10010361551000.png
#NHK check this News:->/home/matt/20151223/nhk/png/k10010361271000.png
#NHK check this News:->/home/matt/20151223/nhk/png/k10010361851000.png
#NHK check this News:->/home/matt/20151223/nhk/png/k10010361781000.png
#NHK check this News:->/home/matt/20151223/nhk/png/k10010361561000.png
end cron job at 2016-01-07
start cron job at 2016-01-07
I, [2016-01-07T15:31:34.086440 #27413]  INFO -- : get http://www3.nhk.or.jp/news/easy/news-list.json
D, [2016-01-07T15:31:34.087544 #27413] DEBUG -- request: User-Agent: "Mozilla/5.0 (Macintosh; Intel Mac OS X 10_9_3) AppleWebKit/537.75.14 (KHTML, like\n Gecko) Version/7.0.3 Safari/7046A194A Safari 6.0"
I, [2016-01-07T15:31:34.171819 #27413]  INFO -- Status: 200
D, [2016-01-07T15:31:34.171913 #27413] DEBUG -- response: server: "Apache"
access-control-allow-origin: "*"
access-control-allow-headers: "Origin, X-Requested-With, Content-Type, Accept"
access-control-allow-methods: "GET, POST"
last-modified: "Thu, 07 Jan 2016 02:29:32 GMT"
etag: "\"b863c7-190a3-528b53da57b32\""
accept-ranges: "bytes"
content-length: "102563"
content-type: "application/json"
date: "Thu, 07 Jan 2016 06:31:34 GMT"
connection: "close"
write sent list start
end cron job at 2016-01-07
start cron job at 2016-01-07
I, [2016-01-07T15:32:08.730385 #27770]  INFO -- : get http://www3.nhk.or.jp/news/easy/news-list.json
D, [2016-01-07T15:32:08.732662 #27770] DEBUG -- request: User-Agent: "Mozilla/5.0 (Macintosh; Intel Mac OS X 10_9_3) AppleWebKit/537.75.14 (KHTML, like\n Gecko) Version/7.0.3 Safari/7046A194A Safari 6.0"
I, [2016-01-07T15:32:08.752661 #27770]  INFO -- Status: 200
D, [2016-01-07T15:32:08.752786 #27770] DEBUG -- response: server: "Apache"
access-control-allow-origin: "*"
access-control-allow-headers: "Origin, X-Requested-With, Content-Type, Accept"
access-control-allow-methods: "GET, POST"
last-modified: "Thu, 07 Jan 2016 02:29:32 GMT"
etag: "\"b863c7-190a3-528b53da57b32\""
accept-ranges: "bytes"
content-length: "102563"
content-type: "application/json"
date: "Thu, 07 Jan 2016 06:32:08 GMT"
connection: "close"
write sent list start
end cron job at 2016-01-07
start cron job at 2016-01-07
I, [2016-01-07T15:33:31.332358 #28308]  INFO -- : get http://www3.nhk.or.jp/news/easy/news-list.json
D, [2016-01-07T15:33:31.332929 #28308] DEBUG -- request: User-Agent: "Mozilla/5.0 (Macintosh; Intel Mac OS X 10_9_3) AppleWebKit/537.75.14 (KHTML, like\n Gecko) Version/7.0.3 Safari/7046A194A Safari 6.0"
I, [2016-01-07T15:33:31.403323 #28308]  INFO -- Status: 200
D, [2016-01-07T15:33:31.403412 #28308] DEBUG -- response: server: "Apache"
access-control-allow-origin: "*"
access-control-allow-headers: "Origin, X-Requested-With, Content-Type, Accept"
access-control-allow-methods: "GET, POST"
last-modified: "Thu, 07 Jan 2016 02:29:32 GMT"
etag: "\"b863c7-190a3-528b53da57b32\""
accept-ranges: "bytes"
content-length: "102563"
content-type: "application/json"
date: "Thu, 07 Jan 2016 06:33:31 GMT"
connection: "close"
k10010334211000
k10010319131000
k10010334261000
k10010344561000
write sent list start
end cron job at 2016-01-07
start cron job at 2016-01-07
end cron job at 2016-01-07
start cron job at 2016-01-07
I, [2016-01-07T15:45:45.070539 #10733]  INFO -- : get http://www3.nhk.or.jp/news/easy/news-list.json
D, [2016-01-07T15:45:45.070692 #10733] DEBUG -- request: User-Agent: "Mozilla/5.0 (Macintosh; Intel Mac OS X 10_9_3) AppleWebKit/537.75.14 (KHTML, like\n Gecko) Version/7.0.3 Safari/7046A194A Safari 6.0"
I, [2016-01-07T15:45:45.212743 #10733]  INFO -- Status: 200
D, [2016-01-07T15:45:45.212845 #10733] DEBUG -- response: server: "Apache"
access-control-allow-origin: "*"
access-control-allow-headers: "Origin, X-Requested-With, Content-Type, Accept"
access-control-allow-methods: "GET, POST"
last-modified: "Thu, 07 Jan 2016 02:29:32 GMT"
etag: "\"b863c7-190a3-528b53da57b32\""
accept-ranges: "bytes"
content-length: "102563"
content-type: "application/json"
date: "Thu, 07 Jan 2016 06:45:45 GMT"
connection: "close"
k10010335771000
k10010349221000
k10010347151000
k10010342631000
write sent list start
end cron job at 2016-01-07
start cron job at 2016-01-07
end cron job at 2016-01-07
start cron job at 2016-01-07
end cron job at 2016-01-07
start cron job at 2016-01-07
k10010332681000
k10010349221000
k10010326121000
k10010340331000
write sent list start
end cron job at 2016-01-07
start cron job at 2016-01-07
end cron job at 2016-01-07
start cron job at 2016-01-07
start read erb template html file ....
reander over, get result
get html file location finish
start to write the html file
write /home/matt/20151223/nhk/html/k10010363591000.html start
start read erb template html file ....
reander over, get result
get html file location finish
start to write the html file
write /home/matt/20151223/nhk/html/k10010363451000.html start
start read erb template html file ....
reander over, get result
get html file location finish
start to write the html file
write /home/matt/20151223/nhk/html/k10010362601000.html start
k10010363591000
k10010363451000
k10010362601000
write sent list start
end cron job at 2016-01-07
start cron job at 2016-01-07
k10010352321000
k10010353931000
k10010344231000
k10010331271000
write sent list start
end cron job at 2016-01-07
start cron job at 2016-01-07
end cron job at 2016-01-07
start cron job at 2016-01-07
0: /home/matt/20151223/nhk/render_multi_url.js
1: k10010362601000,k10010363591000,k10010363451000
Allright, let us use phantomjs to capture page....
we get these 3 url to work: k10010362601000,k10010363591000,k10010363451000
This is our working home:/home/matt
doing ... 0
current left:  3
Unable to render '/home/matt/html/k10010362601000.html'
doing ... 1
current left:  2
Unable to render '/home/matt/html/k10010363591000.html'
doing ... 2
current left:  1
Unable to render '/home/matt/html/k10010363451000.html'
end cron job at 2016-01-07
start cron job at 2016-01-07
#NHK check this News:->/home/matt/20151223/nhk/png/k10010352321000.png
#NHK check this News:->/home/matt/20151223/nhk/png/k10010353931000.png
#NHK check this News:->/home/matt/20151223/nhk/png/k10010344231000.png
#NHK check this News:->/home/matt/20151223/nhk/png/k10010331271000.png
end cron job at 2016-01-07
