start cron job at 2016-01-04
I, [2016-01-04T09:45:03.472715 #17992]  INFO -- : get http://www3.nhk.or.jp/news/easy/news-list.json
D, [2016-01-04T09:45:03.474833 #17992] DEBUG -- request: User-Agent: "Mozilla/5.0 (Macintosh; Intel Mac OS X 10_9_3) AppleWebKit/537.75.14 (KHTML, like\n Gecko) Version/7.0.3 Safari/7046A194A Safari 6.0"
I, [2016-01-04T09:45:03.513307 #17992]  INFO -- Status: 200
D, [2016-01-04T09:45:03.513425 #17992] DEBUG -- response: server: "Apache"
access-control-allow-origin: "*"
access-control-allow-headers: "Origin, X-Requested-With, Content-Type, Accept"
access-control-allow-methods: "GET, POST"
last-modified: "Fri, 01 Jan 2016 00:59:31 GMT"
etag: "\"c844b8-18662-5283b48ac82da\""
accept-ranges: "bytes"
content-length: "99938"
content-type: "application/json"
date: "Mon, 04 Jan 2016 00:45:03 GMT"
connection: "close"
write sent list start
end cron job at 2016-01-04
start cron job at 2016-01-04
no new png need create
end cron job at 2016-01-04
start cron job at 2016-01-04
#NHK check this News:->/home/matt/20151223/nhk/png/k10010354001000.png
#NHK check this News:->/home/matt/20151223/nhk/png/k10010312521000.png
#NHK check this News:->/home/matt/20151223/nhk/png/k10010333111000.png
#NHK check this News:->/home/matt/20151223/nhk/png/k10010343651000.png
end cron job at 2016-01-04
start cron job at 2016-01-04
I, [2016-01-04T17:45:03.104897 #2327]  INFO -- : get http://www3.nhk.or.jp/news/easy/news-list.json
D, [2016-01-04T17:45:03.105016 #2327] DEBUG -- request: User-Agent: "Mozilla/5.0 (Macintosh; Intel Mac OS X 10_9_3) AppleWebKit/537.75.14 (KHTML, like\n Gecko) Version/7.0.3 Safari/7046A194A Safari 6.0"
I, [2016-01-04T17:45:03.140751 #2327]  INFO -- Status: 200
D, [2016-01-04T17:45:03.140872 #2327] DEBUG -- response: server: "Apache"
access-control-allow-origin: "*"
access-control-allow-headers: "Origin, X-Requested-With, Content-Type, Accept"
access-control-allow-methods: "GET, POST"
last-modified: "Mon, 04 Jan 2016 08:09:14 GMT"
etag: "\"11e6731-15a44-5287da2fbfee0\""
accept-ranges: "bytes"
content-length: "88644"
content-type: "application/json"
date: "Mon, 04 Jan 2016 08:45:03 GMT"
connection: "close"
I, [2016-01-04T17:45:03.155925 #2327]  INFO -- : get http://www3.nhk.or.jp/news/easy/k10010360121000/k10010360121000.html
D, [2016-01-04T17:45:03.156032 #2327] DEBUG -- request: User-Agent: "Mozilla/5.0 (Macintosh; Intel Mac OS X 10_9_3) AppleWebKit/537.75.14 (KHTML, like\n Gecko) Version/7.0.3 Safari/7046A194A Safari 6.0"
I, [2016-01-04T17:45:03.513386 #2327]  INFO -- Status: 200
D, [2016-01-04T17:45:03.513552 #2327] DEBUG -- response: server: "Apache"
access-control-allow-origin: "*"
access-control-allow-headers: "Origin, X-Requested-With, Content-Type, Accept"
access-control-allow-methods: "GET, POST"
last-modified: "Mon, 04 Jan 2016 08:09:25 GMT"
etag: "\"129690a-3a0d-5287da3a3dc37\""
accept-ranges: "bytes"
content-length: "14861"
content-type: "text/html"
date: "Mon, 04 Jan 2016 08:45:03 GMT"
connection: "close"
start read erb, and create html file ....
incompatible character encodings: ASCII-8BIT and UTF-8
write sent list start
end cron job at 2016-01-04
start cron job at 2016-01-04
no new png need create
end cron job at 2016-01-04
start cron job at 2016-01-04
#NHK check this News:->/home/matt/20151223/nhk/png/k10010360121000.png
end cron job at 2016-01-04
