start cron job at 2016-01-15
start read erb template html file ....
End read erb template html file ....
render start ...
incompatible character encodings: ASCII-8BIT and UTF-8
k10010369941000
write sent list start
end cron job at 2016-01-15
start cron job at 2016-01-15
no new png need create
end cron job at 2016-01-15
start cron job at 2016-01-15
#NHK check this News:->/home/matt/20151223/nhk/png/k10010369941000.png
end cron job at 2016-01-15
start cron job at 2016-01-15
start read erb template html file ....
End read erb template html file ....
render start ...
render over, get result
get html file location finish
start to write the html file
write /home/matt/20151223/nhk/html/k10010369941000.html start
start read erb template html file ....
End read erb template html file ....
render start ...
render over, get result
get html file location finish
start to write the html file
write /home/matt/20151223/nhk/html/k10010370361000.html start
start read erb template html file ....
End read erb template html file ....
render start ...
render over, get result
get html file location finish
start to write the html file
write /home/matt/20151223/nhk/html/k10010368901000.html start
start read erb template html file ....
End read erb template html file ....
render start ...
render over, get result
get html file location finish
start to write the html file
write /home/matt/20151223/nhk/html/k10010368701000.html start
k10010369941000
k10010370361000
k10010368901000
k10010368701000
write sent list start
end cron job at 2016-01-15
start cron job at 2016-01-15
0: /home/matt/20151223/nhk/render_multi_url.js
1: k10010369941000,k10010368701000,k10010370361000,k10010368901000
Allright, let us use phantomjs to capture page....
we get these 4 url to work: k10010369941000,k10010368701000,k10010370361000,k10010368901000
This is our working home:/home/matt/20151223/nhk
doing ... 0
current left:  4
Rendered '/home/matt/20151223/nhk/html/k10010369941000.html' at '/home/matt/20151223/nhk/png/k10010369941000.png'
doing ... 1
current left:  3
Rendered '/home/matt/20151223/nhk/html/k10010368701000.html' at '/home/matt/20151223/nhk/png/k10010368701000.png'
doing ... 2
current left:  2
Rendered '/home/matt/20151223/nhk/html/k10010370361000.html' at '/home/matt/20151223/nhk/png/k10010370361000.png'
doing ... 3
current left:  1
Rendered '/home/matt/20151223/nhk/html/k10010368901000.html' at '/home/matt/20151223/nhk/png/k10010368901000.png'
end cron job at 2016-01-15
start cron job at 2016-01-15
#NHK check this News:->/home/matt/20151223/nhk/png/k10010369941000.png
#NHK check this News:->/home/matt/20151223/nhk/png/k10010370361000.png
#NHK check this News:->/home/matt/20151223/nhk/png/k10010368901000.png
#NHK check this News:->/home/matt/20151223/nhk/png/k10010368701000.png
end cron job at 2016-01-15
start cron job at 2016-01-15
start read erb template html file ....
End read erb template html file ....
render start ...
render over, get result
get html file location finish
start to write the html file
write /home/matt/20151223/nhk/html/k10010372281000.html start
start read erb template html file ....
End read erb template html file ....
render start ...
render over, get result
get html file location finish
start to write the html file
write /home/matt/20151223/nhk/html/k10010371781000.html start
start read erb template html file ....
End read erb template html file ....
render start ...
render over, get result
get html file location finish
start to write the html file
write /home/matt/20151223/nhk/html/k10010370371000.html start
start read erb template html file ....
End read erb template html file ....
render start ...
render over, get result
get html file location finish
start to write the html file
write /home/matt/20151223/nhk/html/k10010369801000.html start
k10010372281000
k10010371781000
k10010370371000
k10010369801000
write sent list start
end cron job at 2016-01-15
start cron job at 2016-01-15
0: /home/matt/20151223/nhk/render_multi_url.js
1: k10010371781000,k10010369801000,k10010370371000,k10010372281000
Allright, let us use phantomjs to capture page....
we get these 4 url to work: k10010371781000,k10010369801000,k10010370371000,k10010372281000
This is our working home:/home/matt/20151223/nhk
doing ... 0
current left:  4
Rendered '/home/matt/20151223/nhk/html/k10010371781000.html' at '/home/matt/20151223/nhk/png/k10010371781000.png'
doing ... 1
current left:  3
Rendered '/home/matt/20151223/nhk/html/k10010369801000.html' at '/home/matt/20151223/nhk/png/k10010369801000.png'
doing ... 2
current left:  2
Rendered '/home/matt/20151223/nhk/html/k10010370371000.html' at '/home/matt/20151223/nhk/png/k10010370371000.png'
doing ... 3
current left:  1
Rendered '/home/matt/20151223/nhk/html/k10010372281000.html' at '/home/matt/20151223/nhk/png/k10010372281000.png'
end cron job at 2016-01-15
start cron job at 2016-01-15
#NHK check this News:->/home/matt/20151223/nhk/png/k10010372281000.png
#NHK check this News:->/home/matt/20151223/nhk/png/k10010371781000.png
#NHK check this News:->/home/matt/20151223/nhk/png/k10010370371000.png
#NHK check this News:->/home/matt/20151223/nhk/png/k10010369801000.png
end cron job at 2016-01-15
