start cron job at 2016-01-02
I, [2016-01-02T09:45:03.237887 #3727]  INFO -- : get http://www3.nhk.or.jp/news/easy/news-list.json
D, [2016-01-02T09:45:03.237996 #3727] DEBUG -- request: User-Agent: "Mozilla/5.0 (Macintosh; Intel Mac OS X 10_9_3) AppleWebKit/537.75.14 (KHTML, like\n Gecko) Version/7.0.3 Safari/7046A194A Safari 6.0"
I, [2016-01-02T09:45:03.290441 #3727]  INFO -- Status: 200
D, [2016-01-02T09:45:03.290579 #3727] DEBUG -- response: server: "Apache"
access-control-allow-origin: "*"
access-control-allow-headers: "Origin, X-Requested-With, Content-Type, Accept"
access-control-allow-methods: "GET, POST"
last-modified: "Fri, 01 Jan 2016 00:59:31 GMT"
etag: "\"c844b8-18662-5283b48ac82da\""
accept-ranges: "bytes"
content-length: "99938"
content-type: "application/json"
date: "Sat, 02 Jan 2016 00:45:03 GMT"
connection: "close"
I, [2016-01-02T09:45:03.303952 #3727]  INFO -- : get http://www3.nhk.or.jp/news/easy/k10010354001000/k10010354001000.html
D, [2016-01-02T09:45:03.304031 #3727] DEBUG -- request: User-Agent: "Mozilla/5.0 (Macintosh; Intel Mac OS X 10_9_3) AppleWebKit/537.75.14 (KHTML, like\n Gecko) Version/7.0.3 Safari/7046A194A Safari 6.0"
I, [2016-01-02T09:45:03.314853 #3727]  INFO -- Status: 200
D, [2016-01-02T09:45:03.314976 #3727] DEBUG -- response: server: "Apache"
access-control-allow-origin: "*"
access-control-allow-headers: "Origin, X-Requested-With, Content-Type, Accept"
access-control-allow-methods: "GET, POST"
last-modified: "Fri, 01 Jan 2016 00:59:42 GMT"
etag: "\"1257d3f-3cf5-5283b49545ec0\""
accept-ranges: "bytes"
content-length: "15605"
content-type: "text/html"
date: "Sat, 02 Jan 2016 00:45:03 GMT"
connection: "close"
start read erb, and create html file ....
incompatible character encodings: ASCII-8BIT and UTF-8
write sent list start
end cron job at 2016-01-02
start cron job at 2016-01-02
no new png need create
end cron job at 2016-01-02
start cron job at 2016-01-02
#NHK check this News:->/home/matt/20151223/nhk/png/k10010354001000.png
end cron job at 2016-01-02
start cron job at 2016-01-02
I, [2016-01-02T17:45:03.884450 #22342]  INFO -- : get http://www3.nhk.or.jp/news/easy/news-list.json
D, [2016-01-02T17:45:03.884615 #22342] DEBUG -- request: User-Agent: "Mozilla/5.0 (Macintosh; Intel Mac OS X 10_9_3) AppleWebKit/537.75.14 (KHTML, like\n Gecko) Version/7.0.3 Safari/7046A194A Safari 6.0"
I, [2016-01-02T17:45:03.926385 #22342]  INFO -- Status: 200
D, [2016-01-02T17:45:03.926474 #22342] DEBUG -- response: server: "Apache"
access-control-allow-origin: "*"
access-control-allow-headers: "Origin, X-Requested-With, Content-Type, Accept"
access-control-allow-methods: "GET, POST"
last-modified: "Fri, 01 Jan 2016 00:59:31 GMT"
etag: "\"c844b8-18662-5283b48ac82da\""
accept-ranges: "bytes"
content-length: "99938"
content-type: "application/json"
date: "Sat, 02 Jan 2016 08:45:03 GMT"
connection: "close"
I, [2016-01-02T17:45:03.933833 #22342]  INFO -- : get http://www3.nhk.or.jp/news/easy/k10010354001000/k10010354001000.html
D, [2016-01-02T17:45:03.933923 #22342] DEBUG -- request: User-Agent: "Mozilla/5.0 (Macintosh; Intel Mac OS X 10_9_3) AppleWebKit/537.75.14 (KHTML, like\n Gecko) Version/7.0.3 Safari/7046A194A Safari 6.0"
I, [2016-01-02T17:45:03.968688 #22342]  INFO -- Status: 200
D, [2016-01-02T17:45:03.968771 #22342] DEBUG -- response: server: "Apache"
access-control-allow-origin: "*"
access-control-allow-headers: "Origin, X-Requested-With, Content-Type, Accept"
access-control-allow-methods: "GET, POST"
last-modified: "Fri, 01 Jan 2016 00:59:42 GMT"
etag: "\"1257d3f-3cf5-5283b49545ec0\""
accept-ranges: "bytes"
content-length: "15605"
content-type: "text/html"
date: "Sat, 02 Jan 2016 08:45:03 GMT"
connection: "close"
start read erb, and create html file ....
incompatible character encodings: ASCII-8BIT and UTF-8
write sent list start
end cron job at 2016-01-02
start cron job at 2016-01-02
no new png need create
end cron job at 2016-01-02
start cron job at 2016-01-02
#NHK check this News:->/home/matt/20151223/nhk/png/k10010354001000.png
end cron job at 2016-01-02
