start cron job at 2016-01-03
I, [2016-01-03T09:45:03.547315 #26915]  INFO -- : get http://www3.nhk.or.jp/news/easy/news-list.json
D, [2016-01-03T09:45:03.547424 #26915] DEBUG -- request: User-Agent: "Mozilla/5.0 (Macintosh; Intel Mac OS X 10_9_3) AppleWebKit/537.75.14 (KHTML, like\n Gecko) Version/7.0.3 Safari/7046A194A Safari 6.0"
I, [2016-01-03T09:45:03.845700 #26915]  INFO -- Status: 200
D, [2016-01-03T09:45:03.845809 #26915] DEBUG -- response: server: "Apache"
access-control-allow-origin: "*"
access-control-allow-headers: "Origin, X-Requested-With, Content-Type, Accept"
access-control-allow-methods: "GET, POST"
last-modified: "Fri, 01 Jan 2016 00:59:31 GMT"
etag: "\"c844b8-18662-5283b48ac82da\""
accept-ranges: "bytes"
content-length: "99938"
content-type: "application/json"
date: "Sun, 03 Jan 2016 00:45:03 GMT"
connection: "close"
I, [2016-01-03T09:45:03.853758 #26915]  INFO -- : get http://www3.nhk.or.jp/news/easy/k10010354001000/k10010354001000.html
D, [2016-01-03T09:45:03.853837 #26915] DEBUG -- request: User-Agent: "Mozilla/5.0 (Macintosh; Intel Mac OS X 10_9_3) AppleWebKit/537.75.14 (KHTML, like\n Gecko) Version/7.0.3 Safari/7046A194A Safari 6.0"
I, [2016-01-03T09:45:04.007492 #26915]  INFO -- Status: 200
D, [2016-01-03T09:45:04.007610 #26915] DEBUG -- response: server: "Apache"
access-control-allow-origin: "*"
access-control-allow-headers: "Origin, X-Requested-With, Content-Type, Accept"
access-control-allow-methods: "GET, POST"
last-modified: "Fri, 01 Jan 2016 00:59:42 GMT"
etag: "\"1257d3f-3cf5-5283b49545ec0\""
accept-ranges: "bytes"
content-length: "15605"
content-type: "text/html"
date: "Sun, 03 Jan 2016 00:45:04 GMT"
connection: "close"
start read erb, and create html file ....
incompatible character encodings: ASCII-8BIT and UTF-8
write sent list start
end cron job at 2016-01-03
start cron job at 2016-01-03
no new png need create
end cron job at 2016-01-03
start cron job at 2016-01-03
#NHK check this News:->/home/matt/20151223/nhk/png/k10010354001000.png
end cron job at 2016-01-03
start cron job at 2016-01-03
no new png need create
end cron job at 2016-01-03
start cron job at 2016-01-03
no new png need create
end cron job at 2016-01-03
start cron job at 2016-01-03
no new png need create
end cron job at 2016-01-03
start cron job at 2016-01-03
I, [2016-01-03T17:38:15.070483 #12330]  INFO -- : get http://www3.nhk.or.jp/news/easy/news-list.json
D, [2016-01-03T17:38:15.070632 #12330] DEBUG -- request: User-Agent: "Mozilla/5.0 (Macintosh; Intel Mac OS X 10_9_3) AppleWebKit/537.75.14 (KHTML, like\n Gecko) Version/7.0.3 Safari/7046A194A Safari 6.0"
I, [2016-01-03T17:38:15.143286 #12330]  INFO -- Status: 200
D, [2016-01-03T17:38:15.143394 #12330] DEBUG -- response: server: "Apache"
access-control-allow-origin: "*"
access-control-allow-headers: "Origin, X-Requested-With, Content-Type, Accept"
access-control-allow-methods: "GET, POST"
last-modified: "Fri, 01 Jan 2016 00:59:31 GMT"
etag: "\"c844b8-18662-5283b48ac82da\""
accept-ranges: "bytes"
content-length: "99938"
content-type: "application/json"
date: "Sun, 03 Jan 2016 08:38:15 GMT"
connection: "close"
I, [2016-01-03T17:38:15.150576 #12330]  INFO -- : get http://www3.nhk.or.jp/news/easy/k10010354001000/k10010354001000.html
D, [2016-01-03T17:38:15.150665 #12330] DEBUG -- request: User-Agent: "Mozilla/5.0 (Macintosh; Intel Mac OS X 10_9_3) AppleWebKit/537.75.14 (KHTML, like\n Gecko) Version/7.0.3 Safari/7046A194A Safari 6.0"
I, [2016-01-03T17:38:15.206523 #12330]  INFO -- Status: 200
D, [2016-01-03T17:38:15.206656 #12330] DEBUG -- response: server: "Apache"
access-control-allow-origin: "*"
access-control-allow-headers: "Origin, X-Requested-With, Content-Type, Accept"
access-control-allow-methods: "GET, POST"
last-modified: "Fri, 01 Jan 2016 00:59:42 GMT"
etag: "\"1257d3f-3cf5-5283b49545ec0\""
accept-ranges: "bytes"
content-length: "15605"
content-type: "text/html"
date: "Sun, 03 Jan 2016 08:38:15 GMT"
connection: "close"
start read erb, and create html file ....
write /home/matt/20151223/nhk/html/k10010354001000.html start
I, [2016-01-03T17:38:15.225428 #12330]  INFO -- : get http://www3.nhk.or.jp/news/easy/k10010354021000/k10010354021000.html
D, [2016-01-03T17:38:15.225501 #12330] DEBUG -- request: User-Agent: "Mozilla/5.0 (Macintosh; Intel Mac OS X 10_9_3) AppleWebKit/537.75.14 (KHTML, like\n Gecko) Version/7.0.3 Safari/7046A194A Safari 6.0"
I, [2016-01-03T17:38:15.288867 #12330]  INFO -- Status: 200
D, [2016-01-03T17:38:15.288955 #12330] DEBUG -- response: server: "Apache"
access-control-allow-origin: "*"
access-control-allow-headers: "Origin, X-Requested-With, Content-Type, Accept"
access-control-allow-methods: "GET, POST"
last-modified: "Fri, 01 Jan 2016 00:59:42 GMT"
etag: "\"12521bd-37ff-5283b49545f4a\""
accept-ranges: "bytes"
content-length: "14335"
content-type: "text/html"
date: "Sun, 03 Jan 2016 08:38:15 GMT"
connection: "close"
start read erb, and create html file ....
write /home/matt/20151223/nhk/html/k10010354021000.html start
I, [2016-01-03T17:38:15.302194 #12330]  INFO -- : get http://www3.nhk.or.jp/news/easy/k10010354031000/k10010354031000.html
D, [2016-01-03T17:38:15.302270 #12330] DEBUG -- request: User-Agent: "Mozilla/5.0 (Macintosh; Intel Mac OS X 10_9_3) AppleWebKit/537.75.14 (KHTML, like\n Gecko) Version/7.0.3 Safari/7046A194A Safari 6.0"
I, [2016-01-03T17:38:15.748142 #12330]  INFO -- Status: 200
D, [2016-01-03T17:38:15.748258 #12330] DEBUG -- response: server: "Apache"
access-control-allow-origin: "*"
access-control-allow-headers: "Origin, X-Requested-With, Content-Type, Accept"
access-control-allow-methods: "GET, POST"
last-modified: "Fri, 01 Jan 2016 00:59:42 GMT"
etag: "\"89ccf6-36d6-5283b49545f9b\""
accept-ranges: "bytes"
content-length: "14038"
content-type: "text/html"
date: "Sun, 03 Jan 2016 08:38:15 GMT"
connection: "close"
start read erb, and create html file ....
write /home/matt/20151223/nhk/html/k10010354031000.html start
I, [2016-01-03T17:38:15.757096 #12330]  INFO -- : get http://www3.nhk.or.jp/news/easy/k10010354041000/k10010354041000.html
D, [2016-01-03T17:38:15.757140 #12330] DEBUG -- request: User-Agent: "Mozilla/5.0 (Macintosh; Intel Mac OS X 10_9_3) AppleWebKit/537.75.14 (KHTML, like\n Gecko) Version/7.0.3 Safari/7046A194A Safari 6.0"
I, [2016-01-03T17:38:15.821707 #12330]  INFO -- Status: 200
D, [2016-01-03T17:38:15.821816 #12330] DEBUG -- response: server: "Apache"
access-control-allow-origin: "*"
access-control-allow-headers: "Origin, X-Requested-With, Content-Type, Accept"
access-control-allow-methods: "GET, POST"
last-modified: "Fri, 01 Jan 2016 00:59:42 GMT"
etag: "\"1289504-392d-5283b49546116\""
accept-ranges: "bytes"
content-length: "14637"
content-type: "text/html"
date: "Sun, 03 Jan 2016 08:38:15 GMT"
connection: "close"
start read erb, and create html file ....
write /home/matt/20151223/nhk/html/k10010354041000.html start
write sent list start
end cron job at 2016-01-03
start cron job at 2016-01-03
I, [2016-01-03T17:38:26.155264 #12419]  INFO -- : get http://www3.nhk.or.jp/news/easy/news-list.json
D, [2016-01-03T17:38:26.155405 #12419] DEBUG -- request: User-Agent: "Mozilla/5.0 (Macintosh; Intel Mac OS X 10_9_3) AppleWebKit/537.75.14 (KHTML, like\n Gecko) Version/7.0.3 Safari/7046A194A Safari 6.0"
I, [2016-01-03T17:38:26.170981 #12419]  INFO -- Status: 200
D, [2016-01-03T17:38:26.171068 #12419] DEBUG -- response: server: "Apache"
access-control-allow-origin: "*"
access-control-allow-headers: "Origin, X-Requested-With, Content-Type, Accept"
access-control-allow-methods: "GET, POST"
last-modified: "Fri, 01 Jan 2016 00:59:31 GMT"
etag: "\"c844b8-18662-5283b48ac82da\""
accept-ranges: "bytes"
content-length: "99938"
content-type: "application/json"
date: "Sun, 03 Jan 2016 08:38:26 GMT"
connection: "close"
write sent list start
end cron job at 2016-01-03
start cron job at 2016-01-03
0: /home/matt/20151223/nhk/render_multi_url.js
1: k10010354021000,k10010354001000,k10010354031000,k10010354041000
Allright, let us use phantomjs to capture page....
we get these 4 url to work: k10010354021000,k10010354001000,k10010354031000,k10010354041000
This is our working home:/home/matt/20151223/nhk
doing ... 0
current left:  4
Rendered '/home/matt/20151223/nhk/html/k10010354021000.html' at '/home/matt/20151223/nhk/png/k10010354021000.png'
doing ... 1
current left:  3
Rendered '/home/matt/20151223/nhk/html/k10010354001000.html' at '/home/matt/20151223/nhk/png/k10010354001000.png'
doing ... 2
current left:  2
Rendered '/home/matt/20151223/nhk/html/k10010354031000.html' at '/home/matt/20151223/nhk/png/k10010354031000.png'
doing ... 3
current left:  1
Rendered '/home/matt/20151223/nhk/html/k10010354041000.html' at '/home/matt/20151223/nhk/png/k10010354041000.png'
end cron job at 2016-01-03
start cron job at 2016-01-03
#NHK check this News:->/home/matt/20151223/nhk/png/k10010324091000.png
#NHK check this News:->/home/matt/20151223/nhk/png/k10010317151000.png
#NHK check this News:->/home/matt/20151223/nhk/png/k10010301371000.png
#NHK check this News:->/home/matt/20151223/nhk/png/k10010308371000.png
end cron job at 2016-01-03
start cron job at 2016-01-03
I, [2016-01-03T17:45:03.328932 #14133]  INFO -- : get http://www3.nhk.or.jp/news/easy/news-list.json
D, [2016-01-03T17:45:03.329879 #14133] DEBUG -- request: User-Agent: "Mozilla/5.0 (Macintosh; Intel Mac OS X 10_9_3) AppleWebKit/537.75.14 (KHTML, like\n Gecko) Version/7.0.3 Safari/7046A194A Safari 6.0"
I, [2016-01-03T17:45:03.379552 #14133]  INFO -- Status: 200
D, [2016-01-03T17:45:03.379698 #14133] DEBUG -- response: server: "Apache"
access-control-allow-origin: "*"
access-control-allow-headers: "Origin, X-Requested-With, Content-Type, Accept"
access-control-allow-methods: "GET, POST"
last-modified: "Fri, 01 Jan 2016 00:59:31 GMT"
etag: "\"c844b8-18662-5283b48ac82da\""
accept-ranges: "bytes"
content-length: "99938"
content-type: "application/json"
date: "Sun, 03 Jan 2016 08:45:03 GMT"
connection: "close"
write sent list start
end cron job at 2016-01-03
start cron job at 2016-01-03
no new png need create
end cron job at 2016-01-03
start cron job at 2016-01-03
#NHK check this News:->/home/matt/20151223/nhk/png/k10010317181000.png
#NHK check this News:->/home/matt/20151223/nhk/png/k10010320161000.png
#NHK check this News:->/home/matt/20151223/nhk/png/k10010349221000.png
#NHK check this News:->/home/matt/20151223/nhk/png/k10010343861000.png
end cron job at 2016-01-03
