Step 3 start
#NHK check this News:->/home/matt/20151223/nhk/png/k10010343861000.png
#NHK check this News:->/home/matt/20151223/nhk/png/k10010350591000.png
#NHK check this News:->/home/matt/20151223/nhk/png/k10010362601000.png
#NHK check this News:->/home/matt/20151223/nhk/png/k10010303341000.png
Step3 end
end cron job at 
start cron job at 
Step 1 to get all new news
start read erb template html file ....
End read erb template html file ....
render start ...
render over, get result
get html file location finish
start to write the html file
write /home/matt/20151223/nhk/html/k10010378401000.html start
start read erb template html file ....
End read erb template html file ....
render start ...
render over, get result
get html file location finish
start to write the html file
write /home/matt/20151223/nhk/html/k10010378771000.html start
start read erb template html file ....
End read erb template html file ....
render start ...
render over, get result
get html file location finish
start to write the html file
write /home/matt/20151223/nhk/html/k10010379601000.html start
start read erb template html file ....
End read erb template html file ....
render start ...
render over, get result
get html file location finish
start to write the html file
write /home/matt/20151223/nhk/html/k10010377811000.html start
start read erb template html file ....
End read erb template html file ....
render start ...
render over, get result
get html file location finish
start to write the html file
write /home/matt/20151223/nhk/html/k10010378331000.html start
k10010378401000
k10010378771000
k10010379601000
k10010377811000
k10010378331000
write sent list start
Step 1 end
Step2 start
0: /home/matt/20151223/nhk/render_multi_url.js
1: k10010377811000,k10010379601000,k10010378401000,k10010378771000,k10010378331000
Allright, let us use phantomjs to capture page....
we get these 5 url to work: k10010377811000,k10010379601000,k10010378401000,k10010378771000,k10010378331000
This is our working home:/home/matt/20151223/nhk
doing ... 0
current left:  5
Rendered '/home/matt/20151223/nhk/html/k10010377811000.html' at '/home/matt/20151223/nhk/png/k10010377811000.png'
doing ... 1
current left:  4
Rendered '/home/matt/20151223/nhk/html/k10010379601000.html' at '/home/matt/20151223/nhk/png/k10010379601000.png'
doing ... 2
current left:  3
Rendered '/home/matt/20151223/nhk/html/k10010378401000.html' at '/home/matt/20151223/nhk/png/k10010378401000.png'
doing ... 3
current left:  2
Rendered '/home/matt/20151223/nhk/html/k10010378771000.html' at '/home/matt/20151223/nhk/png/k10010378771000.png'
doing ... 4
current left:  1
Rendered '/home/matt/20151223/nhk/html/k10010378331000.html' at '/home/matt/20151223/nhk/png/k10010378331000.png'
End step 2
Step 3 start
#NHK check this News:->/home/matt/20151223/nhk/png/k10010378401000.png
#NHK check this News:->/home/matt/20151223/nhk/png/k10010378771000.png
#NHK check this News:->/home/matt/20151223/nhk/png/k10010379601000.png
#NHK check this News:->/home/matt/20151223/nhk/png/k10010377811000.png
#NHK check this News:->/home/matt/20151223/nhk/png/k10010378331000.png
Step3 end
end cron job at 
