Step 1 to get all new news
Step 1 end
Step2 start
End step 2
Step 3 start
Step3 end
Step 1 to get all new news
/home/matt/.rbenv/versions/2.2.2/lib/ruby/gems/2.2.0/gems/log4r-1.1.10/lib/log4r/outputter/fileoutputter.rb:37:in `initialize': 'log' is not writable! (StandardError)
	from /home/matt/20151223/nhk/test.rb:12:in `new'
	from /home/matt/20151223/nhk/test.rb:12:in `<main>'
Step 1 end
Step2 start
End step 2
Step 3 start
Step3 end
Step 1 to get all new news
Step 1 end
Step2 start
End step 2
Step 3 start
/home/matt/20151223/nhk/sent.rb:28:in `initialize': No such file or directory @ rb_sysopen - /home/matt/20151223/nhk/png/k10010364111000.png (Errno::ENOENT)
	from /home/matt/20151223/nhk/sent.rb:28:in `new'
	from /home/matt/20151223/nhk/sent.rb:28:in `sent_twi_with_image'
	from /home/matt/20151223/nhk/sent.rb:36:in `block in <main>'
	from /home/matt/20151223/nhk/sent.rb:35:in `each'
	from /home/matt/20151223/nhk/sent.rb:35:in `<main>'
Step3 end
Step2 start
End step 2
Step2 start
End step 2
Step2 start
End step 2
Step2 start
End step 2
Step2 start
End step 2
Step 3 start
Step3 end
Step 1 to get all new news
Step 1 end
Step2 start
End step 2
Step 3 start
/home/matt/20151223/nhk/sent.rb:28:in `initialize': No such file or directory @ rb_sysopen - /home/matt/20151223/nhk/png/k10010368171000.png (Errno::ENOENT)
	from /home/matt/20151223/nhk/sent.rb:28:in `new'
	from /home/matt/20151223/nhk/sent.rb:28:in `sent_twi_with_image'
	from /home/matt/20151223/nhk/sent.rb:36:in `block in <main>'
	from /home/matt/20151223/nhk/sent.rb:35:in `each'
	from /home/matt/20151223/nhk/sent.rb:35:in `<main>'
Step3 end
Step 1 to get all new news
Step 1 end
Step2 start
End step 2
Step 3 start
/home/matt/20151223/nhk/sent.rb:28:in `initialize': No such file or directory @ rb_sysopen - /home/matt/20151223/nhk/png/k10010368171000.png (Errno::ENOENT)
	from /home/matt/20151223/nhk/sent.rb:28:in `new'
	from /home/matt/20151223/nhk/sent.rb:28:in `sent_twi_with_image'
	from /home/matt/20151223/nhk/sent.rb:36:in `block in <main>'
	from /home/matt/20151223/nhk/sent.rb:35:in `each'
	from /home/matt/20151223/nhk/sent.rb:35:in `<main>'
Step3 end
Step 1 to get all new news
Step 1 end
Step 1 to get all new news
Step 1 end
Step2 start
End step 2
Step 3 start
Step3 end
Step 1 to get all new news
Step 1 end
Step2 start
End step 2
Step 3 start
/home/matt/20151223/nhk/sent.rb:28:in `initialize': No such file or directory @ rb_sysopen - /home/matt/20151223/nhk/png/k10010368871000.png (Errno::ENOENT)
	from /home/matt/20151223/nhk/sent.rb:28:in `new'
	from /home/matt/20151223/nhk/sent.rb:28:in `sent_twi_with_image'
	from /home/matt/20151223/nhk/sent.rb:36:in `block in <main>'
	from /home/matt/20151223/nhk/sent.rb:35:in `each'
	from /home/matt/20151223/nhk/sent.rb:35:in `<main>'
Step3 end
Step 1 to get all new news
Step 1 end
Step2 start
End step 2
Step 3 start
/home/matt/20151223/nhk/sent.rb:28:in `initialize': No such file or directory @ rb_sysopen - /home/matt/20151223/nhk/png/k10010368871000.png (Errno::ENOENT)
	from /home/matt/20151223/nhk/sent.rb:28:in `new'
	from /home/matt/20151223/nhk/sent.rb:28:in `sent_twi_with_image'
	from /home/matt/20151223/nhk/sent.rb:36:in `block in <main>'
	from /home/matt/20151223/nhk/sent.rb:35:in `each'
	from /home/matt/20151223/nhk/sent.rb:35:in `<main>'
Step3 end
Step 1 to get all new news
Step 1 end
Step2 start
End step 2
Step2 start
End step 2
Step 3 start
Step3 end
Step 1 to get all new news
Step 1 end
Step2 start
End step 2
Step 3 start
/home/matt/20151223/nhk/sent.rb:28:in `initialize': No such file or directory @ rb_sysopen - /home/matt/20151223/nhk/png/k10010369941000.png (Errno::ENOENT)
	from /home/matt/20151223/nhk/sent.rb:28:in `new'
	from /home/matt/20151223/nhk/sent.rb:28:in `sent_twi_with_image'
	from /home/matt/20151223/nhk/sent.rb:36:in `block in <main>'
	from /home/matt/20151223/nhk/sent.rb:35:in `each'
	from /home/matt/20151223/nhk/sent.rb:35:in `<main>'
Step3 end
Step 1 to get all new news
Step 1 end
Step2 start
End step 2
Step 3 start
/home/matt/20151223/nhk/sent.rb:28:in `initialize': No such file or directory @ rb_sysopen - /home/matt/20151223/nhk/png/k10010369941000.png (Errno::ENOENT)
	from /home/matt/20151223/nhk/sent.rb:28:in `new'
	from /home/matt/20151223/nhk/sent.rb:28:in `sent_twi_with_image'
	from /home/matt/20151223/nhk/sent.rb:36:in `block in <main>'
	from /home/matt/20151223/nhk/sent.rb:35:in `each'
	from /home/matt/20151223/nhk/sent.rb:35:in `<main>'
Step3 end
Step 1 to get all new news
Step 1 end
Step2 start
End step 2
Step 3 start
Step3 end
Step 1 to get all new news
Step 1 end
Step2 start
End step 2
Step 3 start
Step3 end
Step 1 to get all new news
Step 1 end
Step2 start
End step 2
Step 3 start
Step3 end
Step 1 to get all new news
Step 1 end
Step2 start
End step 2
Step 3 start
Step3 end
Step 1 to get all new news
Step 1 end
Step2 start
End step 2
Step 3 start
Step3 end
Step 1 to get all new news
Step 1 end
Step2 start
End step 2
Step 3 start
Step3 end
Step 1 to get all new news
Step 1 end
Step2 start
End step 2
Step 3 start
Step3 end
Step 1 to get all new news
Step 1 end
Step2 start
End step 2
Step 3 start
Step3 end
Step 1 to get all new news
Step 1 end
Step2 start
End step 2
Step 3 start
Step3 end
Step 1 to get all new news
Step 1 end
Step2 start
End step 2
Step 3 start
Step3 end
Step 1 to get all new news
Step 1 end
Step2 start
End step 2
Step 3 start
Step3 end
Step 1 to get all new news
Step 1 end
Step2 start
End step 2
Step 3 start
Step3 end
Step 1 to get all new news
Step 1 end
Step2 start
End step 2
Step 3 start
Step3 end
