 INFO nhk: get http://www3.nhk.or.jp/news/easy/news-list.json
DEBUG nhk: User-Agent: "Mozilla/5.0 (Macintosh; Intel Mac OS X 10_9_3) AppleWebKit/537.75.14 (KHTML, like\n Gecko) Version/7.0.3 Safari/7046A194A Safari 6.0"
 INFO nhk: 200
DEBUG nhk: server: "Apache"
access-control-allow-origin: "*"
access-control-allow-headers: "Origin, X-Requested-With, Content-Type, Accept"
access-control-allow-methods: "GET, POST"
last-modified: "Thu, 07 Jan 2016 06:53:34 GMT"
etag: "\"b865dc-18f7f-528b8ede73866\""
accept-ranges: "bytes"
content-length: "102271"
content-type: "application/json"
date: "Thu, 07 Jan 2016 07:00:06 GMT"
connection: "close"
 INFO nhk: get http://www3.nhk.or.jp/news/easy/news-list.json
DEBUG nhk: User-Agent: "Mozilla/5.0 (Macintosh; Intel Mac OS X 10_9_3) AppleWebKit/537.75.14 (KHTML, like\n Gecko) Version/7.0.3 Safari/7046A194A Safari 6.0"
 INFO nhk: 200
DEBUG nhk: server: "Apache"
access-control-allow-origin: "*"
access-control-allow-headers: "Origin, X-Requested-With, Content-Type, Accept"
access-control-allow-methods: "GET, POST"
last-modified: "Fri, 08 Jan 2016 07:36:45 GMT"
etag: "\"b863c7-196fd-528cda62e1d6c\""
accept-ranges: "bytes"
content-length: "104189"
content-type: "application/json"
date: "Mon, 11 Jan 2016 15:07:20 GMT"
connection: "close"
 INFO nhk: get http://www3.nhk.or.jp/news/easy/k10010364861000/k10010364861000.html
DEBUG nhk: User-Agent: "Mozilla/5.0 (Macintosh; Intel Mac OS X 10_9_3) AppleWebKit/537.75.14 (KHTML, like\n Gecko) Version/7.0.3 Safari/7046A194A Safari 6.0"
 INFO nhk: 200
DEBUG nhk: server: "Apache"
access-control-allow-origin: "*"
access-control-allow-headers: "Origin, X-Requested-With, Content-Type, Accept"
access-control-allow-methods: "GET, POST"
last-modified: "Fri, 08 Jan 2016 07:37:01 GMT"
etag: "\"12ad03c-3af4-528cda7224153\""
accept-ranges: "bytes"
content-length: "15092"
content-type: "text/html"
date: "Mon, 11 Jan 2016 15:07:20 GMT"
connection: "close"
 INFO nhk: get http://www3.nhk.or.jp/news/easy/k10010364071000/k10010364071000.html
DEBUG nhk: User-Agent: "Mozilla/5.0 (Macintosh; Intel Mac OS X 10_9_3) AppleWebKit/537.75.14 (KHTML, like\n Gecko) Version/7.0.3 Safari/7046A194A Safari 6.0"
 INFO nhk: 200
DEBUG nhk: server: "Apache"
access-control-allow-origin: "*"
access-control-allow-headers: "Origin, X-Requested-With, Content-Type, Accept"
access-control-allow-methods: "GET, POST"
last-modified: "Fri, 08 Jan 2016 07:37:00 GMT"
etag: "\"631d47-3467-528cda71301d6\""
accept-ranges: "bytes"
content-length: "13415"
content-type: "text/html"
date: "Mon, 11 Jan 2016 15:07:20 GMT"
connection: "close"
 INFO nhk: get http://www3.nhk.or.jp/news/easy/k10010363971000/k10010363971000.html
DEBUG nhk: User-Agent: "Mozilla/5.0 (Macintosh; Intel Mac OS X 10_9_3) AppleWebKit/537.75.14 (KHTML, like\n Gecko) Version/7.0.3 Safari/7046A194A Safari 6.0"
 INFO nhk: 200
DEBUG nhk: server: "Apache"
access-control-allow-origin: "*"
access-control-allow-headers: "Origin, X-Requested-With, Content-Type, Accept"
access-control-allow-methods: "GET, POST"
last-modified: "Fri, 08 Jan 2016 07:37:00 GMT"
etag: "\"a14e62-3626-528cda71301a8\""
accept-ranges: "bytes"
content-length: "13862"
content-type: "text/html"
date: "Mon, 11 Jan 2016 15:07:20 GMT"
connection: "close"
 INFO nhk: get http://www3.nhk.or.jp/news/easy/k10010363471000/k10010363471000.html
DEBUG nhk: User-Agent: "Mozilla/5.0 (Macintosh; Intel Mac OS X 10_9_3) AppleWebKit/537.75.14 (KHTML, like\n Gecko) Version/7.0.3 Safari/7046A194A Safari 6.0"
 INFO nhk: 200
DEBUG nhk: server: "Apache"
access-control-allow-origin: "*"
access-control-allow-headers: "Origin, X-Requested-With, Content-Type, Accept"
access-control-allow-methods: "GET, POST"
last-modified: "Fri, 08 Jan 2016 07:37:00 GMT"
etag: "\"ab6b8f-3669-528cda71300fd\""
accept-ranges: "bytes"
content-length: "13929"
content-type: "text/html"
date: "Mon, 11 Jan 2016 15:07:20 GMT"
connection: "close"
 INFO nhk: get http://www3.nhk.or.jp/news/easy/k10010362921000/k10010362921000.html
DEBUG nhk: User-Agent: "Mozilla/5.0 (Macintosh; Intel Mac OS X 10_9_3) AppleWebKit/537.75.14 (KHTML, like\n Gecko) Version/7.0.3 Safari/7046A194A Safari 6.0"
 INFO nhk: 200
DEBUG nhk: server: "Apache"
access-control-allow-origin: "*"
access-control-allow-headers: "Origin, X-Requested-With, Content-Type, Accept"
access-control-allow-methods: "GET, POST"
last-modified: "Fri, 08 Jan 2016 07:36:59 GMT"
etag: "\"77b3cd-355c-528cda703c0c2\""
accept-ranges: "bytes"
content-length: "13660"
content-type: "text/html"
date: "Mon, 11 Jan 2016 15:07:20 GMT"
connection: "close"
 INFO nhk: get http://www3.nhk.or.jp/news/easy/news-list.json
DEBUG nhk: User-Agent: "Mozilla/5.0 (Macintosh; Intel Mac OS X 10_9_3) AppleWebKit/537.75.14 (KHTML, like\n Gecko) Version/7.0.3 Safari/7046A194A Safari 6.0"
 INFO nhk: 200
DEBUG nhk: server: "Apache"
access-control-allow-origin: "*"
access-control-allow-headers: "Origin, X-Requested-With, Content-Type, Accept"
access-control-allow-methods: "GET, POST"
last-modified: "Fri, 08 Jan 2016 07:36:45 GMT"
etag: "\"b863c7-196fd-528cda62e1d6c\""
accept-ranges: "bytes"
content-length: "104189"
content-type: "application/json"
date: "Mon, 11 Jan 2016 15:10:31 GMT"
connection: "close"
 INFO nhk: get http://www3.nhk.or.jp/news/easy/news-list.json
DEBUG nhk: User-Agent: "Mozilla/5.0 (Macintosh; Intel Mac OS X 10_9_3) AppleWebKit/537.75.14 (KHTML, like\n Gecko) Version/7.0.3 Safari/7046A194A Safari 6.0"
 INFO nhk: 200
DEBUG nhk: server: "Apache"
access-control-allow-origin: "*"
access-control-allow-headers: "Origin, X-Requested-With, Content-Type, Accept"
access-control-allow-methods: "GET, POST"
last-modified: "Fri, 08 Jan 2016 07:36:45 GMT"
etag: "\"b863c7-196fd-528cda62e1d6c\""
accept-ranges: "bytes"
content-length: "104189"
content-type: "application/json"
date: "Mon, 11 Jan 2016 15:11:56 GMT"
connection: "close"
 INFO nhk: get http://www3.nhk.or.jp/news/easy/news-list.json
DEBUG nhk: User-Agent: "Mozilla/5.0 (Macintosh; Intel Mac OS X 10_9_3) AppleWebKit/537.75.14 (KHTML, like\n Gecko) Version/7.0.3 Safari/7046A194A Safari 6.0"
 INFO nhk: 200
DEBUG nhk: server: "Apache"
access-control-allow-origin: "*"
access-control-allow-headers: "Origin, X-Requested-With, Content-Type, Accept"
access-control-allow-methods: "GET, POST"
last-modified: "Tue, 12 Jan 2016 02:29:08 GMT"
etag: "\"5f0878-1623c-52919d16c2537\""
accept-ranges: "bytes"
content-length: "90684"
content-type: "application/json"
date: "Tue, 12 Jan 2016 02:47:22 GMT"
connection: "close"
 INFO nhk: get http://www3.nhk.or.jp/news/easy/k10010364111000/k10010364111000.html
DEBUG nhk: User-Agent: "Mozilla/5.0 (Macintosh; Intel Mac OS X 10_9_3) AppleWebKit/537.75.14 (KHTML, like\n Gecko) Version/7.0.3 Safari/7046A194A Safari 6.0"
 INFO nhk: 200
DEBUG nhk: server: "Apache"
access-control-allow-origin: "*"
access-control-allow-headers: "Origin, X-Requested-With, Content-Type, Accept"
access-control-allow-methods: "GET, POST"
last-modified: "Tue, 12 Jan 2016 02:29:25 GMT"
etag: "\"a14e91-353e-52919d26f8e52\""
accept-ranges: "bytes"
content-length: "13630"
content-type: "text/html"
date: "Tue, 12 Jan 2016 02:47:23 GMT"
connection: "close"
 INFO nhk: get http://www3.nhk.or.jp/news/easy/k10010363931000/k10010363931000.html
DEBUG nhk: User-Agent: "Mozilla/5.0 (Macintosh; Intel Mac OS X 10_9_3) AppleWebKit/537.75.14 (KHTML, like\n Gecko) Version/7.0.3 Safari/7046A194A Safari 6.0"
 INFO nhk: 200
DEBUG nhk: server: "Apache"
access-control-allow-origin: "*"
access-control-allow-headers: "Origin, X-Requested-With, Content-Type, Accept"
access-control-allow-methods: "GET, POST"
last-modified: "Tue, 12 Jan 2016 02:29:24 GMT"
etag: "\"12b3967-367f-52919d2604d71\""
accept-ranges: "bytes"
content-length: "13951"
content-type: "text/html"
date: "Tue, 12 Jan 2016 02:47:24 GMT"
connection: "close"
